                  :-) GROMACS - gmx mdrun, 2022.4-Homebrew (-:

Copyright 1991-2022 The GROMACS Authors.
GROMACS is free software; you can redistribute it and/or modify it
under the terms of the GNU Lesser General Public License
as published by the Free Software Foundation; either version 2.1
of the License, or (at your option) any later version.

                         Current GROMACS contributors:
       Mark Abraham           Andrey Alekseenko           Cathrine Bergh      
      Christian Blau            Eliane Briand               Kevin Boyd        
     Oliver Fleetwood         Stefan Fleischmann           Vytas Gapsys       
       Gaurav Garg           Gilles Gouaillardet            Alan Gray         
      Victor Holanda           M. Eric Irrgang              Joe Jordan        
    Christoph Junghans        Prashanth Kanduri           Sebastian Kehl      
     Sebastian Keller          Carsten Kutzner           Magnus Lundborg      
       Pascal Merz              Dmitry Morozov             Szilard Pall       
      Roland Schulz             Michael Shirts         David van der Spoel    
     Alessandra Villa      Sebastian Wingbermuehle        Artem Zhmurov       

                         Previous GROMACS contributors:
        Emile Apol             Rossen Apostolov           James Barnett       
  Herman J.C. Berendsen          Par Bjelkmar           Viacheslav Bolnykh    
    Aldert van Buuren          Carlo Camilloni           Rudi van Drunen      
      Anton Feenstra           Gerrit Groenhof            Bert de Groot       
      Anca Hamuraru           Vincent Hindriksen         Aleksei Iupinov      
   Dimitrios Karkoulis           Peter Kasson               Jiri Kraus        
       Per Larsson             Justin A. Lemkul           Viveca Lindahl      
      Erik Marklund           Pieter Meulenhoff           Vedran Miletic      
      Teemu Murtola              Sander Pronk            Alexey Shvetsov      
      Alfons Sijbers            Peter Tieleman             Jon Vincent        
     Teemu Virolainen         Christian Wennberg           Maarten Wolf       

                  Coordinated by the GROMACS project leaders:
                    Paul Bauer, Berk Hess, and Erik Lindahl

GROMACS:      gmx mdrun, version 2022.4-Homebrew
Executable:   /usr/local/bin/../Cellar/gromacs/2022.4/bin/gmx
Data prefix:  /usr/local/bin/../Cellar/gromacs/2022.4
Working dir:  /Users/peter/Desktop/Lysozyme
Process ID:   29340
Command line:
  gmx mdrun -deffnm md_0_1

GROMACS version:    2022.4-Homebrew
Precision:          mixed
Memory model:       64 bit
MPI library:        thread_mpi
OpenMP support:     enabled (GMX_OPENMP_MAX_THREADS = 128)
GPU support:        disabled
SIMD instructions:  SSE4.1
CPU FFT library:    fftw-3.3.10-sse2-avx-avx2-avx2_128
GPU FFT library:    none
RDTSCP usage:       enabled
TNG support:        enabled
Hwloc support:      disabled
Tracing support:    disabled
C compiler:         /usr/local/opt/gcc/bin/gcc-12
C compiler flags:   -Wa,-q -msse4.1 -Wno-missing-field-initializers -fexcess-precision=fast -funroll-all-loops -O3 -DNDEBUG
C++ compiler:       /usr/local/opt/gcc/bin/g++-12
C++ compiler flags: -Wa,-q -msse4.1 -Wno-missing-field-initializers -fexcess-precision=fast -funroll-all-loops -Weverything -Wno-c++98-compat -Wno-c++98-compat-pedantic -Wno-source-uses-openmp -Wno-c++17-extensions -Wno-documentation-unknown-command -Wno-covered-switch-default -Wno-switch-enum -Wno-extra-semi-stmt -Wno-weak-vtables -Wno-shadow -Wno-padded -Wno-reserved-id-macro -Wno-double-promotion -Wno-exit-time-destructors -Wno-global-constructors -Wno-documentation -Wno-format-nonliteral -Wno-used-but-marked-unused -Wno-float-equal -Wno-conditional-uninitialized -Wno-conversion -Wno-disabled-macro-expansion -Wno-unused-macros -fopenmp -O3 -DNDEBUG


Running on 1 node with total 0 processing units
Hardware detected:
  CPU info:
    Vendor: Intel
    Brand:  Intel(R) Core(TM) i5-8257U CPU @ 1.40GHz
    Family: 6   Model: 142   Stepping: 10
    Features: aes apic avx avx2 clfsh cmov cx8 cx16 f16c fma htt intel lahf mmx msr nonstop_tsc pcid pclmuldq pdcm pdpe1gb popcnt pse rdrnd rdtscp sse2 sse3 sse4.1 sse4.2 ssse3 tdt x2apic
  Hardware topology: Only logical processor count
    CPU limit set by OS: -1   Recommended max number of threads: 8

Highest SIMD level supported by all nodes in run: AVX2_256
SIMD instructions selected at compile time:       SSE4.1
This program was compiled for different hardware than you are running on,
which could influence performance.

++++ PLEASE READ AND CITE THE FOLLOWING REFERENCE ++++
M. J. Abraham, T. Murtola, R. Schulz, S. Páll, J. C. Smith, B. Hess, E.
Lindahl
GROMACS: High performance molecular simulations through multi-level
parallelism from laptops to supercomputers
SoftwareX 1 (2015) pp. 19-25
-------- -------- --- Thank You --- -------- --------


++++ PLEASE READ AND CITE THE FOLLOWING REFERENCE ++++
S. Páll, M. J. Abraham, C. Kutzner, B. Hess, E. Lindahl
Tackling Exascale Software Challenges in Molecular Dynamics Simulations with
GROMACS
In S. Markidis & E. Laure (Eds.), Solving Software Challenges for Exascale 8759 (2015) pp. 3-27
-------- -------- --- Thank You --- -------- --------


++++ PLEASE READ AND CITE THE FOLLOWING REFERENCE ++++
S. Pronk, S. Páll, R. Schulz, P. Larsson, P. Bjelkmar, R. Apostolov, M. R.
Shirts, J. C. Smith, P. M. Kasson, D. van der Spoel, B. Hess, and E. Lindahl
GROMACS 4.5: a high-throughput and highly parallel open source molecular
simulation toolkit
Bioinformatics 29 (2013) pp. 845-54
-------- -------- --- Thank You --- -------- --------


++++ PLEASE READ AND CITE THE FOLLOWING REFERENCE ++++
B. Hess and C. Kutzner and D. van der Spoel and E. Lindahl
GROMACS 4: Algorithms for highly efficient, load-balanced, and scalable
molecular simulation
J. Chem. Theory Comput. 4 (2008) pp. 435-447
-------- -------- --- Thank You --- -------- --------


++++ PLEASE READ AND CITE THE FOLLOWING REFERENCE ++++
D. van der Spoel, E. Lindahl, B. Hess, G. Groenhof, A. E. Mark and H. J. C.
Berendsen
GROMACS: Fast, Flexible and Free
J. Comp. Chem. 26 (2005) pp. 1701-1719
-------- -------- --- Thank You --- -------- --------


++++ PLEASE READ AND CITE THE FOLLOWING REFERENCE ++++
E. Lindahl and B. Hess and D. van der Spoel
GROMACS 3.0: A package for molecular simulation and trajectory analysis
J. Mol. Mod. 7 (2001) pp. 306-317
-------- -------- --- Thank You --- -------- --------


++++ PLEASE READ AND CITE THE FOLLOWING REFERENCE ++++
H. J. C. Berendsen, D. van der Spoel and R. van Drunen
GROMACS: A message-passing parallel molecular dynamics implementation
Comp. Phys. Comm. 91 (1995) pp. 43-56
-------- -------- --- Thank You --- -------- --------

Input Parameters:
   integrator                     = md
   tinit                          = 0
   dt                             = 0.002
   nsteps                         = 500000
   init-step                      = 0
   simulation-part                = 1
   mts                            = false
   comm-mode                      = Linear
   nstcomm                        = 100
   bd-fric                        = 0
   ld-seed                        = -151010819
   emtol                          = 10
   emstep                         = 0.01
   niter                          = 20
   fcstep                         = 0
   nstcgsteep                     = 1000
   nbfgscorr                      = 10
   rtpi                           = 0.05
   nstxout                        = 0
   nstvout                        = 0
   nstfout                        = 0
   nstlog                         = 5000
   nstcalcenergy                  = 100
   nstenergy                      = 5000
   nstxout-compressed             = 5000
   compressed-x-precision         = 1000
   cutoff-scheme                  = Verlet
   nstlist                        = 10
   pbc                            = xyz
   periodic-molecules             = false
   verlet-buffer-tolerance        = 0.005
   rlist                          = 1
   coulombtype                    = PME
   coulomb-modifier               = Potential-shift
   rcoulomb-switch                = 0
   rcoulomb                       = 1
   epsilon-r                      = 1
   epsilon-rf                     = inf
   vdw-type                       = Cut-off
   vdw-modifier                   = Potential-shift
   rvdw-switch                    = 0
   rvdw                           = 1
   DispCorr                       = EnerPres
   table-extension                = 1
   fourierspacing                 = 0.16
   fourier-nx                     = 48
   fourier-ny                     = 48
   fourier-nz                     = 48
   pme-order                      = 4
   ewald-rtol                     = 1e-05
   ewald-rtol-lj                  = 0.001
   lj-pme-comb-rule               = Geometric
   ewald-geometry                 = 3d
   epsilon-surface                = 0
   tcoupl                         = V-rescale
   nsttcouple                     = 10
   nh-chain-length                = 0
   print-nose-hoover-chain-variables = false
   pcoupl                         = Parrinello-Rahman
   pcoupltype                     = Isotropic
   nstpcouple                     = 10
   tau-p                          = 2
   compressibility (3x3):
      compressibility[    0]={ 4.50000e-05,  0.00000e+00,  0.00000e+00}
      compressibility[    1]={ 0.00000e+00,  4.50000e-05,  0.00000e+00}
      compressibility[    2]={ 0.00000e+00,  0.00000e+00,  4.50000e-05}
   ref-p (3x3):
      ref-p[    0]={ 1.00000e+00,  0.00000e+00,  0.00000e+00}
      ref-p[    1]={ 0.00000e+00,  1.00000e+00,  0.00000e+00}
      ref-p[    2]={ 0.00000e+00,  0.00000e+00,  1.00000e+00}
   refcoord-scaling               = No
   posres-com (3):
      posres-com[0]= 0.00000e+00
      posres-com[1]= 0.00000e+00
      posres-com[2]= 0.00000e+00
   posres-comB (3):
      posres-comB[0]= 0.00000e+00
      posres-comB[1]= 0.00000e+00
      posres-comB[2]= 0.00000e+00
   QMMM                           = false
qm-opts:
   ngQM                           = 0
   constraint-algorithm           = Lincs
   continuation                   = true
   Shake-SOR                      = false
   shake-tol                      = 0.0001
   lincs-order                    = 4
   lincs-iter                     = 1
   lincs-warnangle                = 30
   nwall                          = 0
   wall-type                      = 9-3
   wall-r-linpot                  = -1
   wall-atomtype[0]               = -1
   wall-atomtype[1]               = -1
   wall-density[0]                = 0
   wall-density[1]                = 0
   wall-ewald-zfac                = 3
   pull                           = false
   awh                            = false
   rotation                       = false
   interactiveMD                  = false
   disre                          = No
   disre-weighting                = Conservative
   disre-mixed                    = false
   dr-fc                          = 1000
   dr-tau                         = 0
   nstdisreout                    = 100
   orire-fc                       = 0
   orire-tau                      = 0
   nstorireout                    = 100
   free-energy                    = no
   cos-acceleration               = 0
   deform (3x3):
      deform[    0]={ 0.00000e+00,  0.00000e+00,  0.00000e+00}
      deform[    1]={ 0.00000e+00,  0.00000e+00,  0.00000e+00}
      deform[    2]={ 0.00000e+00,  0.00000e+00,  0.00000e+00}
   simulated-tempering            = false
   swapcoords                     = no
   userint1                       = 0
   userint2                       = 0
   userint3                       = 0
   userint4                       = 0
   userreal1                      = 0
   userreal2                      = 0
   userreal3                      = 0
   userreal4                      = 0
   applied-forces:
     electric-field:
       x:
         E0                       = 0
         omega                    = 0
         t0                       = 0
         sigma                    = 0
       y:
         E0                       = 0
         omega                    = 0
         t0                       = 0
         sigma                    = 0
       z:
         E0                       = 0
         omega                    = 0
         t0                       = 0
         sigma                    = 0
     density-guided-simulation:
       active                     = false
       group                      = protein
       similarity-measure         = inner-product
       atom-spreading-weight      = unity
       force-constant             = 1e+09
       gaussian-transform-spreading-width = 0.2
       gaussian-transform-spreading-range-in-multiples-of-width = 4
       reference-density-filename = reference.mrc
       nst                        = 1
       normalize-densities        = true
       adaptive-force-scaling     = false
       adaptive-force-scaling-time-constant = 4
       shift-vector               = 
       transformation-matrix      = 
     qmmm-cp2k:
       active                     = false
       qmgroup                    = System
       qmmethod                   = PBE
       qmfilenames                = 
       qmcharge                   = 0
       qmmultiplicity             = 1
grpopts:
   nrdf:     4920.81     72837.2
   ref-t:         300         300
   tau-t:         0.1         0.1
annealing:          No          No
annealing-npoints:           0           0
   acc:	           0           0           0
   nfreeze:           N           N           N
   energygrp-flags[  0]: 0

Changing nstlist from 10 to 40, rlist from 1 to 1.096


Initializing Domain Decomposition on 1 ranks
Dynamic load balancing: auto
Using update groups, nr 13145, average size 2.9 atoms, max. radius 0.103 nm
Minimum cell size due to atom displacement: 0.349 nm
Initial maximum distances in bonded interactions:
    two-body bonded interactions: 0.451 nm, LJ-14, atoms 1156 1405
  multi-body bonded interactions: 0.451 nm, Ryckaert-Bell., atoms 1156 1405
Minimum cell size due to bonded interactions: 0.496 nm
Using 0 separate PME ranks because: there are too few total ranks for efficient splitting
Optimizing the DD grid for 1 cells with a minimum initial size of 0.496 nm
The maximum allowed number of cells is: X 14 Y 14 Z 14
Domain decomposition grid 1 x 1 x 1, separate PME ranks 0
PME domain decomposition: 1 x 1 x 1

The initial number of communication pulses is:
The initial domain decomposition cell size is:

The maximum allowed distance for atom groups involved in interactions is:
                 non-bonded interactions           1.303 nm
(the following are initial values, they could change due to box deformation)
            two-body bonded interactions  (-rdd)   1.303 nm
          multi-body bonded interactions  (-rdd)   1.303 nm

When dynamic load balancing gets turned on, these settings will change to:
The maximum number of communication pulses is:
The minimum size for domain decomposition cells is 1.303 nm
The requested allowed shrink of DD cells (option -dds) is: 0.80
The allowed shrink of domain decomposition cells is:
The maximum allowed distance for atom groups involved in interactions is:
                 non-bonded interactions           1.303 nm
            two-body bonded interactions  (-rdd)   1.303 nm
          multi-body bonded interactions  (-rdd)   1.303 nm

Using 1 MPI thread
Using 8 OpenMP threads 

System total charge: -0.000
Will do PME sum in reciprocal space for electrostatic interactions.

++++ PLEASE READ AND CITE THE FOLLOWING REFERENCE ++++
U. Essmann, L. Perera, M. L. Berkowitz, T. Darden, H. Lee and L. G. Pedersen 
A smooth particle mesh Ewald method
J. Chem. Phys. 103 (1995) pp. 8577-8592
-------- -------- --- Thank You --- -------- --------

Using a Gaussian width (1/beta) of 0.320163 nm for Ewald
Potential shift: LJ r^-12: -1.000e+00 r^-6: -1.000e+00, Ewald -1.000e-05
Initialized non-bonded Coulomb Ewald tables, spacing: 9.33e-04 size: 1073

Generated table with 1048 data points for 1-4 COUL.
Tabscale = 500 points/nm
Generated table with 1048 data points for 1-4 LJ6.
Tabscale = 500 points/nm
Generated table with 1048 data points for 1-4 LJ12.
Tabscale = 500 points/nm
Long Range LJ corr.: <C6> 3.1583e-04


Using SIMD 4x4 nonbonded short-range kernels

Using a dual 4x4 pair-list setup updated with dynamic pruning:
  outer list: updated every 40 steps, buffer 0.096 nm, rlist 1.096 nm
  inner list: updated every 12 steps, buffer 0.003 nm, rlist 1.003 nm
At tolerance 0.005 kJ/mol/ps per atom, equivalent classical 1x1 list would be:
  outer list: updated every 40 steps, buffer 0.211 nm, rlist 1.211 nm
  inner list: updated every 12 steps, buffer 0.048 nm, rlist 1.048 nm

Using Geometric Lennard-Jones combination rule

Linking all bonded interactions to atoms


Initializing LINear Constraint Solver

++++ PLEASE READ AND CITE THE FOLLOWING REFERENCE ++++
B. Hess and H. Bekker and H. J. C. Berendsen and J. G. E. M. Fraaije
LINCS: A Linear Constraint Solver for molecular simulations
J. Comp. Chem. 18 (1997) pp. 1463-1472
-------- -------- --- Thank You --- -------- --------

The number of constraints is 959

++++ PLEASE READ AND CITE THE FOLLOWING REFERENCE ++++
S. Miyamoto and P. A. Kollman
SETTLE: An Analytical Version of the SHAKE and RATTLE Algorithms for Rigid
Water Models
J. Comp. Chem. 13 (1992) pp. 952-962
-------- -------- --- Thank You --- -------- --------


++++ PLEASE READ AND CITE THE FOLLOWING REFERENCE ++++
G. Bussi, D. Donadio and M. Parrinello
Canonical sampling through velocity rescaling
J. Chem. Phys. 126 (2007) pp. 014101
-------- -------- --- Thank You --- -------- --------

There are: 38376 Atoms

Atom distribution over 1 domains: av 38376 stddev 0 min 38376 max 38376
Center of mass motion removal mode is Linear
We have the following groups for center of mass motion removal:
  0:  rest

Started mdrun on rank 0 Sat Nov 26 21:12:18 2022

           Step           Time
              0        0.00000

   Energies (kJ/mol)
           Bond          Angle    Proper Dih. Ryckaert-Bell.          LJ-14
    1.48184e+03    3.81884e+03    2.46155e+02    1.91836e+03    2.65532e+03
     Coulomb-14        LJ (SR)  Disper. corr.   Coulomb (SR)   Coul. recip.
    7.70297e+03    1.08101e+05   -5.12149e+03   -7.19954e+05    3.27008e+03
      Potential    Kinetic En.   Total Energy  Conserved En.    Temperature
   -5.95881e+05    9.64889e+04   -4.99392e+05   -4.99369e+05    2.98489e+02
 Pres. DC (bar) Pressure (bar)   Constr. rmsd
   -2.24083e+02    3.96694e+01    2.88321e-06

           Step           Time
           5000       10.00000

   Energies (kJ/mol)
           Bond          Angle    Proper Dih. Ryckaert-Bell.          LJ-14
    1.45546e+03    3.69331e+03    2.25150e+02    1.79000e+03    2.70205e+03
     Coulomb-14        LJ (SR)  Disper. corr.   Coulomb (SR)   Coul. recip.
    7.71214e+03    1.09236e+05   -5.10054e+03   -7.20074e+05    3.35632e+03
      Potential    Kinetic En.   Total Energy  Conserved En.    Temperature
   -5.95004e+05    9.68045e+04   -4.98199e+05   -4.99316e+05    2.99465e+02
 Pres. DC (bar) Pressure (bar)   Constr. rmsd
   -2.22255e+02    3.01736e+02    3.17417e-06

           Step           Time
          10000       20.00000

   Energies (kJ/mol)
           Bond          Angle    Proper Dih. Ryckaert-Bell.          LJ-14
    1.52055e+03    3.76456e+03    2.44946e+02    1.88664e+03    2.61747e+03
     Coulomb-14        LJ (SR)  Disper. corr.   Coulomb (SR)   Coul. recip.
    7.72363e+03    1.06874e+05   -5.09953e+03   -7.17682e+05    3.38210e+03
      Potential    Kinetic En.   Total Energy  Conserved En.    Temperature
   -5.94768e+05    9.63197e+04   -4.98448e+05   -4.99212e+05    2.97965e+02
 Pres. DC (bar) Pressure (bar)   Constr. rmsd
   -2.22168e+02   -9.51854e+01    2.74594e-06

           Step           Time
          15000       30.00000

   Energies (kJ/mol)
           Bond          Angle    Proper Dih. Ryckaert-Bell.          LJ-14
    1.39062e+03    4.01981e+03    2.85894e+02    1.78342e+03    2.64975e+03
     Coulomb-14        LJ (SR)  Disper. corr.   Coulomb (SR)   Coul. recip.
    7.77165e+03    1.05774e+05   -5.08698e+03   -7.15573e+05    3.26027e+03
      Potential    Kinetic En.   Total Energy  Conserved En.    Temperature
   -5.93725e+05    9.72187e+04   -4.96507e+05   -4.99140e+05    3.00746e+02
 Pres. DC (bar) Pressure (bar)   Constr. rmsd
   -2.21077e+02   -1.70040e+02    2.80785e-06

           Step           Time
          20000       40.00000

   Energies (kJ/mol)
           Bond          Angle    Proper Dih. Ryckaert-Bell.          LJ-14
    1.50988e+03    4.12928e+03    2.25539e+02    1.92616e+03    2.63364e+03
     Coulomb-14        LJ (SR)  Disper. corr.   Coulomb (SR)   Coul. recip.
    7.69938e+03    1.05288e+05   -5.11078e+03   -7.14939e+05    3.29135e+03
      Potential    Kinetic En.   Total Energy  Conserved En.    Temperature
   -5.93347e+05    9.81284e+04   -4.95218e+05   -4.99074e+05    3.03561e+02
 Pres. DC (bar) Pressure (bar)   Constr. rmsd
   -2.23148e+02   -1.45857e+02    3.02328e-06

           Step           Time
          25000       50.00000

   Energies (kJ/mol)
           Bond          Angle    Proper Dih. Ryckaert-Bell.          LJ-14
    1.44266e+03    3.68831e+03    2.78257e+02    1.87093e+03    2.70574e+03
     Coulomb-14        LJ (SR)  Disper. corr.   Coulomb (SR)   Coul. recip.
    7.64483e+03    1.07809e+05   -5.12050e+03   -7.18759e+05    3.29817e+03
      Potential    Kinetic En.   Total Energy  Conserved En.    Temperature
   -5.95142e+05    9.66435e+04   -4.98499e+05   -4.98973e+05    2.98967e+02
 Pres. DC (bar) Pressure (bar)   Constr. rmsd
   -2.23997e+02    1.31889e+02    2.58088e-06

           Step           Time
          30000       60.00000

   Energies (kJ/mol)
           Bond          Angle    Proper Dih. Ryckaert-Bell.          LJ-14
    1.42376e+03    3.70903e+03    2.79220e+02    1.76902e+03    2.70941e+03
     Coulomb-14        LJ (SR)  Disper. corr.   Coulomb (SR)   Coul. recip.
    7.87031e+03    1.09300e+05   -5.10207e+03   -7.20654e+05    3.27667e+03
      Potential    Kinetic En.   Total Energy  Conserved En.    Temperature
   -5.95419e+05    9.69559e+04   -4.98463e+05   -4.98891e+05    2.99934e+02
 Pres. DC (bar) Pressure (bar)   Constr. rmsd
   -2.22389e+02    1.59902e+02    2.86248e-06

           Step           Time
          35000       70.00000

   Energies (kJ/mol)
           Bond          Angle    Proper Dih. Ryckaert-Bell.          LJ-14
    1.40808e+03    3.87271e+03    2.40855e+02    1.74865e+03    2.75059e+03
     Coulomb-14        LJ (SR)  Disper. corr.   Coulomb (SR)   Coul. recip.
    7.90731e+03    1.07404e+05   -5.11300e+03   -7.17743e+05    3.32604e+03
      Potential    Kinetic En.   Total Energy  Conserved En.    Temperature
   -5.94198e+05    9.61005e+04   -4.98097e+05   -4.98813e+05    2.97287e+02
 Pres. DC (bar) Pressure (bar)   Constr. rmsd
   -2.23341e+02    1.57300e+02    2.81900e-06

           Step           Time
          40000       80.00000

   Energies (kJ/mol)
           Bond          Angle    Proper Dih. Ryckaert-Bell.          LJ-14
    1.41006e+03    3.74935e+03    2.69426e+02    1.85511e+03    2.58400e+03
     Coulomb-14        LJ (SR)  Disper. corr.   Coulomb (SR)   Coul. recip.
    7.74409e+03    1.07754e+05   -5.10883e+03   -7.19678e+05    3.33821e+03
      Potential    Kinetic En.   Total Energy  Conserved En.    Temperature
   -5.96082e+05    9.66252e+04   -4.99457e+05   -4.98748e+05    2.98911e+02
 Pres. DC (bar) Pressure (bar)   Constr. rmsd
   -2.22978e+02   -3.53847e+01    2.81397e-06

Writing checkpoint, step 43520 at Sat Nov 26 21:27:19 2022


           Step           Time
          45000       90.00000

   Energies (kJ/mol)
           Bond          Angle    Proper Dih. Ryckaert-Bell.          LJ-14
    1.49369e+03    3.74077e+03    2.43082e+02    1.93917e+03    2.65068e+03
     Coulomb-14        LJ (SR)  Disper. corr.   Coulomb (SR)   Coul. recip.
    7.75633e+03    1.07491e+05   -5.09967e+03   -7.18740e+05    3.26438e+03
      Potential    Kinetic En.   Total Energy  Conserved En.    Temperature
   -5.95261e+05    9.70894e+04   -4.98171e+05   -4.98648e+05    3.00346e+02
 Pres. DC (bar) Pressure (bar)   Constr. rmsd
   -2.22180e+02    5.21583e+01    2.65179e-06

           Step           Time
          50000      100.00000

   Energies (kJ/mol)
           Bond          Angle    Proper Dih. Ryckaert-Bell.          LJ-14
    1.46560e+03    3.83273e+03    2.56877e+02    1.80702e+03    2.61471e+03
     Coulomb-14        LJ (SR)  Disper. corr.   Coulomb (SR)   Coul. recip.
    7.85876e+03    1.07604e+05   -5.11950e+03   -7.19414e+05    3.26040e+03
      Potential    Kinetic En.   Total Energy  Conserved En.    Temperature
   -5.95834e+05    9.65367e+04   -4.99297e+05   -4.98563e+05    2.98637e+02
 Pres. DC (bar) Pressure (bar)   Constr. rmsd
   -2.23909e+02    1.68852e+01    2.90517e-06

           Step           Time
          55000      110.00000

   Energies (kJ/mol)
           Bond          Angle    Proper Dih. Ryckaert-Bell.          LJ-14
    1.54798e+03    3.73202e+03    2.68848e+02    1.92175e+03    2.65179e+03
     Coulomb-14        LJ (SR)  Disper. corr.   Coulomb (SR)   Coul. recip.
    7.81915e+03    1.07992e+05   -5.11031e+03   -7.19327e+05    3.36606e+03
      Potential    Kinetic En.   Total Energy  Conserved En.    Temperature
   -5.95138e+05    9.71539e+04   -4.97984e+05   -4.98490e+05    3.00546e+02
 Pres. DC (bar) Pressure (bar)   Constr. rmsd
   -2.23107e+02   -4.44863e-01    2.67522e-06

           Step           Time
          60000      120.00000

   Energies (kJ/mol)
           Bond          Angle    Proper Dih. Ryckaert-Bell.          LJ-14
    1.57767e+03    3.72757e+03    2.32775e+02    1.71977e+03    2.67068e+03
     Coulomb-14        LJ (SR)  Disper. corr.   Coulomb (SR)   Coul. recip.
    7.84577e+03    1.06941e+05   -5.13046e+03   -7.19091e+05    3.16756e+03
      Potential    Kinetic En.   Total Energy  Conserved En.    Temperature
   -5.96338e+05    9.69479e+04   -4.99390e+05   -4.98378e+05    2.99909e+02
 Pres. DC (bar) Pressure (bar)   Constr. rmsd
   -2.24868e+02   -8.66959e-01    2.82780e-06

           Step           Time
          65000      130.00000

   Energies (kJ/mol)
           Bond          Angle    Proper Dih. Ryckaert-Bell.          LJ-14
    1.43103e+03    3.60431e+03    2.42642e+02    1.84606e+03    2.68299e+03
     Coulomb-14        LJ (SR)  Disper. corr.   Coulomb (SR)   Coul. recip.
    7.86327e+03    1.08152e+05   -5.12243e+03   -7.19752e+05    3.31612e+03
      Potential    Kinetic En.   Total Energy  Conserved En.    Temperature
   -5.95736e+05    9.73879e+04   -4.98348e+05   -4.98297e+05    3.01270e+02
 Pres. DC (bar) Pressure (bar)   Constr. rmsd
   -2.24165e+02    1.91381e+02    3.06611e-06

           Step           Time
          70000      140.00000

   Energies (kJ/mol)
           Bond          Angle    Proper Dih. Ryckaert-Bell.          LJ-14
    1.50278e+03    3.96378e+03    2.73370e+02    1.85756e+03    2.61336e+03
     Coulomb-14        LJ (SR)  Disper. corr.   Coulomb (SR)   Coul. recip.
    7.68829e+03    1.05308e+05   -5.09461e+03   -7.15101e+05    3.29987e+03
      Potential    Kinetic En.   Total Energy  Conserved En.    Temperature
   -5.93689e+05    9.76879e+04   -4.96001e+05   -4.98216e+05    3.02198e+02
 Pres. DC (bar) Pressure (bar)   Constr. rmsd
   -2.21740e+02   -2.65734e+02    2.91055e-06

           Step           Time
          75000      150.00000

   Energies (kJ/mol)
           Bond          Angle    Proper Dih. Ryckaert-Bell.          LJ-14
    1.51613e+03    3.91759e+03    2.43619e+02    1.80965e+03    2.62461e+03
     Coulomb-14        LJ (SR)  Disper. corr.   Coulomb (SR)   Coul. recip.
    7.81812e+03    1.06162e+05   -5.11367e+03   -7.16155e+05    3.13192e+03
      Potential    Kinetic En.   Total Energy  Conserved En.    Temperature
   -5.94045e+05    9.75187e+04   -4.96526e+05   -4.98118e+05    3.01674e+02
 Pres. DC (bar) Pressure (bar)   Constr. rmsd
   -2.23400e+02   -1.17744e+02    3.04516e-06

           Step           Time
          80000      160.00000

   Energies (kJ/mol)
           Bond          Angle    Proper Dih. Ryckaert-Bell.          LJ-14
    1.49148e+03    3.77772e+03    2.56175e+02    1.97214e+03    2.75328e+03
     Coulomb-14        LJ (SR)  Disper. corr.   Coulomb (SR)   Coul. recip.
    7.92015e+03    1.07270e+05   -5.07830e+03   -7.18433e+05    3.29255e+03
      Potential    Kinetic En.   Total Energy  Conserved En.    Temperature
   -5.94778e+05    9.74430e+04   -4.97335e+05   -4.98025e+05    3.01440e+02
 Pres. DC (bar) Pressure (bar)   Constr. rmsd
   -2.20324e+02   -1.10096e+02    2.73923e-06

           Step           Time
          85000      170.00000

   Energies (kJ/mol)
           Bond          Angle    Proper Dih. Ryckaert-Bell.          LJ-14
    1.57873e+03    3.78176e+03    2.27674e+02    1.82809e+03    2.62999e+03
     Coulomb-14        LJ (SR)  Disper. corr.   Coulomb (SR)   Coul. recip.
    7.73679e+03    1.07581e+05   -5.09760e+03   -7.19515e+05    3.25709e+03
      Potential    Kinetic En.   Total Energy  Conserved En.    Temperature
   -5.95991e+05    9.71334e+04   -4.98858e+05   -4.97937e+05    3.00483e+02
 Pres. DC (bar) Pressure (bar)   Constr. rmsd
   -2.22000e+02   -4.21740e+00    3.32900e-06

Writing checkpoint, step 89360 at Sat Nov 26 21:42:18 2022


           Step           Time
          90000      180.00000

   Energies (kJ/mol)
           Bond          Angle    Proper Dih. Ryckaert-Bell.          LJ-14
    1.43489e+03    3.90893e+03    2.72786e+02    1.81746e+03    2.74819e+03
     Coulomb-14        LJ (SR)  Disper. corr.   Coulomb (SR)   Coul. recip.
    7.86283e+03    1.08418e+05   -5.12582e+03   -7.19756e+05    3.32600e+03
      Potential    Kinetic En.   Total Energy  Conserved En.    Temperature
   -5.95093e+05    9.77559e+04   -4.97338e+05   -4.97858e+05    3.02408e+02
 Pres. DC (bar) Pressure (bar)   Constr. rmsd
   -2.24462e+02    1.89953e+02    2.93041e-06

           Step           Time
          95000      190.00000

   Energies (kJ/mol)
           Bond          Angle    Proper Dih. Ryckaert-Bell.          LJ-14
    1.56019e+03    3.79693e+03    2.16482e+02    1.74135e+03    2.67350e+03
     Coulomb-14        LJ (SR)  Disper. corr.   Coulomb (SR)   Coul. recip.
    7.75654e+03    1.07408e+05   -5.09337e+03   -7.18366e+05    3.38942e+03
      Potential    Kinetic En.   Total Energy  Conserved En.    Temperature
   -5.94917e+05    9.73382e+04   -4.97579e+05   -4.97778e+05    3.01116e+02
 Pres. DC (bar) Pressure (bar)   Constr. rmsd
   -2.21632e+02    7.27612e+00    3.00619e-06

           Step           Time
         100000      200.00000

   Energies (kJ/mol)
           Bond          Angle    Proper Dih. Ryckaert-Bell.          LJ-14
    1.55736e+03    3.66959e+03    2.00982e+02    1.97280e+03    2.69172e+03
     Coulomb-14        LJ (SR)  Disper. corr.   Coulomb (SR)   Coul. recip.
    7.81382e+03    1.07377e+05   -5.10474e+03   -7.17135e+05    3.26598e+03
      Potential    Kinetic En.   Total Energy  Conserved En.    Temperature
   -5.93691e+05    9.74503e+04   -4.96241e+05   -4.97703e+05    3.01463e+02
 Pres. DC (bar) Pressure (bar)   Constr. rmsd
   -2.22622e+02   -3.72499e+01    2.94974e-06

           Step           Time
         105000      210.00000

   Energies (kJ/mol)
           Bond          Angle    Proper Dih. Ryckaert-Bell.          LJ-14
    1.60645e+03    3.87264e+03    2.40833e+02    1.82899e+03    2.64863e+03
     Coulomb-14        LJ (SR)  Disper. corr.   Coulomb (SR)   Coul. recip.
    7.78049e+03    1.06533e+05   -5.09074e+03   -7.16685e+05    3.32470e+03
      Potential    Kinetic En.   Total Energy  Conserved En.    Temperature
   -5.93940e+05    9.64982e+04   -4.97442e+05   -4.97598e+05    2.98518e+02
 Pres. DC (bar) Pressure (bar)   Constr. rmsd
   -2.21403e+02   -1.89221e+02    2.75717e-06

           Step           Time
         110000      220.00000

   Energies (kJ/mol)
           Bond          Angle    Proper Dih. Ryckaert-Bell.          LJ-14
    1.38733e+03    3.69115e+03    2.29793e+02    1.77163e+03    2.68048e+03
     Coulomb-14        LJ (SR)  Disper. corr.   Coulomb (SR)   Coul. recip.
    7.81295e+03    1.08663e+05   -5.09035e+03   -7.19286e+05    3.33248e+03
      Potential    Kinetic En.   Total Energy  Conserved En.    Temperature
   -5.94808e+05    9.74009e+04   -4.97407e+05   -4.97552e+05    3.01310e+02
 Pres. DC (bar) Pressure (bar)   Constr. rmsd
   -2.21369e+02    1.91492e+02    2.79480e-06

           Step           Time
         115000      230.00000

   Energies (kJ/mol)
           Bond          Angle    Proper Dih. Ryckaert-Bell.          LJ-14
    1.42643e+03    3.88607e+03    2.61188e+02    1.75009e+03    2.73459e+03
     Coulomb-14        LJ (SR)  Disper. corr.   Coulomb (SR)   Coul. recip.
    7.77325e+03    1.08730e+05   -5.09772e+03   -7.20504e+05    3.25365e+03
      Potential    Kinetic En.   Total Energy  Conserved En.    Temperature
   -5.95787e+05    9.66103e+04   -4.99176e+05   -4.97439e+05    2.98864e+02
 Pres. DC (bar) Pressure (bar)   Constr. rmsd
   -2.22011e+02    1.61941e+02    3.07211e-06

           Step           Time
         120000      240.00000

   Energies (kJ/mol)
           Bond          Angle    Proper Dih. Ryckaert-Bell.          LJ-14
    1.49943e+03    3.77912e+03    2.66141e+02    1.67726e+03    2.67558e+03
     Coulomb-14        LJ (SR)  Disper. corr.   Coulomb (SR)   Coul. recip.
    7.88166e+03    1.07048e+05   -5.10324e+03   -7.16923e+05    3.40490e+03
      Potential    Kinetic En.   Total Energy  Conserved En.    Temperature
   -5.93794e+05    9.69045e+04   -4.96890e+05   -4.97372e+05    2.99775e+02
 Pres. DC (bar) Pressure (bar)   Constr. rmsd
   -2.22491e+02   -3.08440e+01    2.90640e-06

           Step           Time
         125000      250.00000

   Energies (kJ/mol)
           Bond          Angle    Proper Dih. Ryckaert-Bell.          LJ-14
    1.49985e+03    3.88081e+03    2.71874e+02    1.83989e+03    2.63229e+03
     Coulomb-14        LJ (SR)  Disper. corr.   Coulomb (SR)   Coul. recip.
    7.79414e+03    1.09289e+05   -5.07740e+03   -7.20369e+05    3.32878e+03
      Potential    Kinetic En.   Total Energy  Conserved En.    Temperature
   -5.94910e+05    9.72155e+04   -4.97694e+05   -4.97272e+05    3.00737e+02
 Pres. DC (bar) Pressure (bar)   Constr. rmsd
   -2.20246e+02    1.79053e+02    2.71624e-06

           Step           Time
         130000      260.00000

   Energies (kJ/mol)
           Bond          Angle    Proper Dih. Ryckaert-Bell.          LJ-14
    1.47810e+03    3.84393e+03    2.74060e+02    1.88664e+03    2.62056e+03
     Coulomb-14        LJ (SR)  Disper. corr.   Coulomb (SR)   Coul. recip.
    7.81156e+03    1.07407e+05   -5.09381e+03   -7.18825e+05    3.17645e+03
      Potential    Kinetic En.   Total Energy  Conserved En.    Temperature
   -5.95421e+05    9.70113e+04   -4.98409e+05   -4.97206e+05    3.00105e+02
 Pres. DC (bar) Pressure (bar)   Constr. rmsd
   -2.21670e+02   -6.34894e+01    3.09198e-06

Writing checkpoint, step 134320 at Sat Nov 26 21:57:30 2022


           Step           Time
         135000      270.00000

   Energies (kJ/mol)
           Bond          Angle    Proper Dih. Ryckaert-Bell.          LJ-14
    1.58663e+03    3.69637e+03    2.39423e+02    1.74580e+03    2.73468e+03
     Coulomb-14        LJ (SR)  Disper. corr.   Coulomb (SR)   Coul. recip.
    7.83679e+03    1.07336e+05   -5.11278e+03   -7.17694e+05    3.32620e+03
      Potential    Kinetic En.   Total Energy  Conserved En.    Temperature
   -5.94305e+05    9.61191e+04   -4.98186e+05   -4.97097e+05    2.97345e+02
 Pres. DC (bar) Pressure (bar)   Constr. rmsd
   -2.23323e+02    5.45053e+01    2.57105e-06

           Step           Time
         140000      280.00000

   Energies (kJ/mol)
           Bond          Angle    Proper Dih. Ryckaert-Bell.          LJ-14
    1.47683e+03    3.89855e+03    2.13438e+02    1.75480e+03    2.64510e+03
     Coulomb-14        LJ (SR)  Disper. corr.   Coulomb (SR)   Coul. recip.
    7.72669e+03    1.08242e+05   -5.10989e+03   -7.19205e+05    3.33285e+03
      Potential    Kinetic En.   Total Energy  Conserved En.    Temperature
   -5.95024e+05    9.79057e+04   -4.97119e+05   -4.97028e+05    3.02872e+02
 Pres. DC (bar) Pressure (bar)   Constr. rmsd
   -2.23070e+02    1.59818e+02    2.97215e-06

           Step           Time
         145000      290.00000

   Energies (kJ/mol)
           Bond          Angle    Proper Dih. Ryckaert-Bell.          LJ-14
    1.54826e+03    3.80772e+03    2.40195e+02    1.83529e+03    2.64650e+03
     Coulomb-14        LJ (SR)  Disper. corr.   Coulomb (SR)   Coul. recip.
    7.72745e+03    1.07765e+05   -5.10817e+03   -7.18502e+05    3.25595e+03
      Potential    Kinetic En.   Total Energy  Conserved En.    Temperature
   -5.94784e+05    9.64249e+04   -4.98359e+05   -4.96921e+05    2.98291e+02
 Pres. DC (bar) Pressure (bar)   Constr. rmsd
   -2.22920e+02   -3.20128e+01    3.31024e-06

           Step           Time
         150000      300.00000

   Energies (kJ/mol)
           Bond          Angle    Proper Dih. Ryckaert-Bell.          LJ-14
    1.50513e+03    3.79426e+03    2.54699e+02    1.75367e+03    2.68590e+03
     Coulomb-14        LJ (SR)  Disper. corr.   Coulomb (SR)   Coul. recip.
    7.86991e+03    1.07390e+05   -5.10881e+03   -7.18930e+05    3.36350e+03
      Potential    Kinetic En.   Total Energy  Conserved En.    Temperature
   -5.95421e+05    9.63835e+04   -4.99037e+05   -4.96863e+05    2.98163e+02
 Pres. DC (bar) Pressure (bar)   Constr. rmsd
   -2.22976e+02   -4.62447e+01    2.63061e-06

           Step           Time
         155000      310.00000

   Energies (kJ/mol)
           Bond          Angle    Proper Dih. Ryckaert-Bell.          LJ-14
    1.44372e+03    3.86576e+03    2.54096e+02    1.77972e+03    2.61966e+03
     Coulomb-14        LJ (SR)  Disper. corr.   Coulomb (SR)   Coul. recip.
    7.82621e+03    1.07855e+05   -5.10002e+03   -7.19608e+05    3.23285e+03
      Potential    Kinetic En.   Total Energy  Conserved En.    Temperature
   -5.95831e+05    9.71828e+04   -4.98648e+05   -4.96790e+05    3.00635e+02
 Pres. DC (bar) Pressure (bar)   Constr. rmsd
   -2.22211e+02   -5.30459e+00    3.59557e-06

           Step           Time
         160000      320.00000

   Energies (kJ/mol)
           Bond          Angle    Proper Dih. Ryckaert-Bell.          LJ-14
    1.43407e+03    3.59109e+03    2.14444e+02    1.66093e+03    2.69146e+03
     Coulomb-14        LJ (SR)  Disper. corr.   Coulomb (SR)   Coul. recip.
    7.86846e+03    1.06589e+05   -5.13865e+03   -7.18846e+05    3.29555e+03
      Potential    Kinetic En.   Total Energy  Conserved En.    Temperature
   -5.96640e+05    9.68425e+04   -4.99798e+05   -4.96716e+05    2.99583e+02
 Pres. DC (bar) Pressure (bar)   Constr. rmsd
   -2.25585e+02   -8.19997e+01    3.04554e-06

           Step           Time
         165000      330.00000

   Energies (kJ/mol)
           Bond          Angle    Proper Dih. Ryckaert-Bell.          LJ-14
    1.53677e+03    3.68413e+03    2.34248e+02    1.67188e+03    2.67054e+03
     Coulomb-14        LJ (SR)  Disper. corr.   Coulomb (SR)   Coul. recip.
    7.76285e+03    1.08282e+05   -5.12319e+03   -7.18731e+05    3.28027e+03
      Potential    Kinetic En.   Total Energy  Conserved En.    Temperature
   -5.94731e+05    9.72943e+04   -4.97437e+05   -4.96608e+05    3.00980e+02
 Pres. DC (bar) Pressure (bar)   Constr. rmsd
   -2.24232e+02    1.60409e+02    2.61904e-06

           Step           Time
         170000      340.00000

   Energies (kJ/mol)
           Bond          Angle    Proper Dih. Ryckaert-Bell.          LJ-14
    1.33946e+03    3.61198e+03    2.47289e+02    1.67331e+03    2.74712e+03
     Coulomb-14        LJ (SR)  Disper. corr.   Coulomb (SR)   Coul. recip.
    7.79453e+03    1.06874e+05   -5.09914e+03   -7.18394e+05    3.29951e+03
      Potential    Kinetic En.   Total Energy  Conserved En.    Temperature
   -5.95906e+05    9.67153e+04   -4.99191e+05   -4.96530e+05    2.99189e+02
 Pres. DC (bar) Pressure (bar)   Constr. rmsd
   -2.22134e+02   -3.89035e+01    2.87570e-06

Writing checkpoint, step 171880 at Sat Nov 26 22:12:18 2022


           Step           Time
         175000      350.00000

   Energies (kJ/mol)
           Bond          Angle    Proper Dih. Ryckaert-Bell.          LJ-14
    1.56511e+03    3.79674e+03    2.31788e+02    1.71666e+03    2.66670e+03
     Coulomb-14        LJ (SR)  Disper. corr.   Coulomb (SR)   Coul. recip.
    7.81991e+03    1.06756e+05   -5.09226e+03   -7.16752e+05    3.28184e+03
      Potential    Kinetic En.   Total Energy  Conserved En.    Temperature
   -5.94010e+05    9.75684e+04   -4.96441e+05   -4.96442e+05    3.01828e+02
 Pres. DC (bar) Pressure (bar)   Constr. rmsd
   -2.21536e+02   -1.10986e+02    3.17928e-06

           Step           Time
         180000      360.00000

   Energies (kJ/mol)
           Bond          Angle    Proper Dih. Ryckaert-Bell.          LJ-14
    1.48154e+03    3.62586e+03    2.45510e+02    1.67678e+03    2.64948e+03
     Coulomb-14        LJ (SR)  Disper. corr.   Coulomb (SR)   Coul. recip.
    7.76601e+03    1.06833e+05   -5.11814e+03   -7.17413e+05    3.38642e+03
      Potential    Kinetic En.   Total Energy  Conserved En.    Temperature
   -5.94867e+05    9.76029e+04   -4.97264e+05   -4.96350e+05    3.01935e+02
 Pres. DC (bar) Pressure (bar)   Constr. rmsd
   -2.23790e+02    4.37272e+00    3.00466e-06

           Step           Time
         185000      370.00000

   Energies (kJ/mol)
           Bond          Angle    Proper Dih. Ryckaert-Bell.          LJ-14
    1.53120e+03    3.63350e+03    2.28965e+02    1.76802e+03    2.61095e+03
     Coulomb-14        LJ (SR)  Disper. corr.   Coulomb (SR)   Coul. recip.
    7.83894e+03    1.08083e+05   -5.13582e+03   -7.19262e+05    3.31042e+03
      Potential    Kinetic En.   Total Energy  Conserved En.    Temperature
   -5.95393e+05    9.74894e+04   -4.97904e+05   -4.96292e+05    3.01584e+02
 Pres. DC (bar) Pressure (bar)   Constr. rmsd
   -2.25337e+02    9.44508e+01    3.28786e-06

           Step           Time
         190000      380.00000

   Energies (kJ/mol)
           Bond          Angle    Proper Dih. Ryckaert-Bell.          LJ-14
    1.68000e+03    3.87568e+03    2.58568e+02    1.80160e+03    2.54945e+03
     Coulomb-14        LJ (SR)  Disper. corr.   Coulomb (SR)   Coul. recip.
    7.71573e+03    1.07003e+05   -5.11720e+03   -7.17195e+05    3.30717e+03
      Potential    Kinetic En.   Total Energy  Conserved En.    Temperature
   -5.94121e+05    9.71333e+04   -4.96988e+05   -4.96169e+05    3.00482e+02
 Pres. DC (bar) Pressure (bar)   Constr. rmsd
   -2.23708e+02   -1.68876e+02    3.30995e-06

           Step           Time
         195000      390.00000

   Energies (kJ/mol)
           Bond          Angle    Proper Dih. Ryckaert-Bell.          LJ-14
    1.50003e+03    3.89759e+03    2.64491e+02    1.81011e+03    2.61420e+03
     Coulomb-14        LJ (SR)  Disper. corr.   Coulomb (SR)   Coul. recip.
    7.66812e+03    1.08659e+05   -5.11415e+03   -7.19198e+05    3.32351e+03
      Potential    Kinetic En.   Total Energy  Conserved En.    Temperature
   -5.94575e+05    9.81414e+04   -4.96434e+05   -4.96102e+05    3.03601e+02
 Pres. DC (bar) Pressure (bar)   Constr. rmsd
   -2.23442e+02    2.56382e+02    3.06551e-06

           Step           Time
         200000      400.00000

   Energies (kJ/mol)
           Bond          Angle    Proper Dih. Ryckaert-Bell.          LJ-14
    1.46813e+03    3.68921e+03    2.40327e+02    1.68268e+03    2.67559e+03
     Coulomb-14        LJ (SR)  Disper. corr.   Coulomb (SR)   Coul. recip.
    7.81866e+03    1.07754e+05   -5.10591e+03   -7.19143e+05    3.17809e+03
      Potential    Kinetic En.   Total Energy  Conserved En.    Temperature
   -5.95742e+05    9.71186e+04   -4.98624e+05   -4.96013e+05    3.00437e+02
 Pres. DC (bar) Pressure (bar)   Constr. rmsd
   -2.22723e+02   -3.33966e+01    2.97614e-06

           Step           Time
         205000      410.00000

   Energies (kJ/mol)
           Bond          Angle    Proper Dih. Ryckaert-Bell.          LJ-14
    1.44019e+03    3.77501e+03    2.64954e+02    1.61950e+03    2.66348e+03
     Coulomb-14        LJ (SR)  Disper. corr.   Coulomb (SR)   Coul. recip.
    7.80140e+03    1.08251e+05   -5.09657e+03   -7.18977e+05    3.25748e+03
      Potential    Kinetic En.   Total Energy  Conserved En.    Temperature
   -5.95001e+05    9.70607e+04   -4.97940e+05   -4.95918e+05    3.00258e+02
 Pres. DC (bar) Pressure (bar)   Constr. rmsd
   -2.21910e+02    1.22542e+02    2.69370e-06

           Step           Time
         210000      420.00000

   Energies (kJ/mol)
           Bond          Angle    Proper Dih. Ryckaert-Bell.          LJ-14
    1.41719e+03    3.77016e+03    2.27380e+02    1.71070e+03    2.68419e+03
     Coulomb-14        LJ (SR)  Disper. corr.   Coulomb (SR)   Coul. recip.
    7.81549e+03    1.07429e+05   -5.11783e+03   -7.18243e+05    3.37676e+03
      Potential    Kinetic En.   Total Energy  Conserved En.    Temperature
   -5.94930e+05    9.71228e+04   -4.97808e+05   -4.95816e+05    3.00450e+02
 Pres. DC (bar) Pressure (bar)   Constr. rmsd
   -2.23763e+02    1.49393e+02    3.22674e-06

Writing checkpoint, step 210600 at Sat Nov 26 22:27:19 2022


           Step           Time
         215000      430.00000

   Energies (kJ/mol)
           Bond          Angle    Proper Dih. Ryckaert-Bell.          LJ-14
    1.45879e+03    3.82443e+03    2.64564e+02    1.73882e+03    2.62717e+03
     Coulomb-14        LJ (SR)  Disper. corr.   Coulomb (SR)   Coul. recip.
    7.75538e+03    1.06362e+05   -5.09495e+03   -7.17368e+05    3.23370e+03
      Potential    Kinetic En.   Total Energy  Conserved En.    Temperature
   -5.95198e+05    9.73506e+04   -4.97847e+05   -4.95723e+05    3.01155e+02
 Pres. DC (bar) Pressure (bar)   Constr. rmsd
   -2.21769e+02   -1.50921e+02    3.03510e-06

           Step           Time
         220000      440.00000

   Energies (kJ/mol)
           Bond          Angle    Proper Dih. Ryckaert-Bell.          LJ-14
    1.44315e+03    3.84206e+03    2.66450e+02    1.80219e+03    2.59310e+03
     Coulomb-14        LJ (SR)  Disper. corr.   Coulomb (SR)   Coul. recip.
    7.68120e+03    1.07147e+05   -5.10590e+03   -7.18219e+05    3.30899e+03
      Potential    Kinetic En.   Total Energy  Conserved En.    Temperature
   -5.95240e+05    9.69181e+04   -4.98322e+05   -4.95654e+05    2.99816e+02
 Pres. DC (bar) Pressure (bar)   Constr. rmsd
   -2.22722e+02   -1.30118e+01    2.83977e-06

           Step           Time
         225000      450.00000

   Energies (kJ/mol)
           Bond          Angle    Proper Dih. Ryckaert-Bell.          LJ-14
    1.46164e+03    3.61418e+03    2.44791e+02    1.69702e+03    2.67753e+03
     Coulomb-14        LJ (SR)  Disper. corr.   Coulomb (SR)   Coul. recip.
    7.79286e+03    1.08511e+05   -5.10796e+03   -7.19651e+05    3.35661e+03
      Potential    Kinetic En.   Total Energy  Conserved En.    Temperature
   -5.95404e+05    9.66515e+04   -4.98752e+05   -4.95548e+05    2.98992e+02
 Pres. DC (bar) Pressure (bar)   Constr. rmsd
   -2.22902e+02    1.74052e+02    3.06608e-06

           Step           Time
         230000      460.00000

   Energies (kJ/mol)
           Bond          Angle    Proper Dih. Ryckaert-Bell.          LJ-14
    1.42903e+03    3.80146e+03    2.51446e+02    1.71489e+03    2.63278e+03
     Coulomb-14        LJ (SR)  Disper. corr.   Coulomb (SR)   Coul. recip.
    7.77081e+03    1.07941e+05   -5.11254e+03   -7.19384e+05    3.27644e+03
      Potential    Kinetic En.   Total Energy  Conserved En.    Temperature
   -5.95679e+05    9.73787e+04   -4.98300e+05   -4.95478e+05    3.01241e+02
 Pres. DC (bar) Pressure (bar)   Constr. rmsd
   -2.23301e+02    5.17451e+00    2.93152e-06

           Step           Time
         235000      470.00000

   Energies (kJ/mol)
           Bond          Angle    Proper Dih. Ryckaert-Bell.          LJ-14
    1.61549e+03    3.83001e+03    2.57646e+02    1.81502e+03    2.60195e+03
     Coulomb-14        LJ (SR)  Disper. corr.   Coulomb (SR)   Coul. recip.
    7.83145e+03    1.05811e+05   -5.10770e+03   -7.15981e+05    3.29856e+03
      Potential    Kinetic En.   Total Energy  Conserved En.    Temperature
   -5.94027e+05    9.70652e+04   -4.96962e+05   -4.95379e+05    3.00272e+02
 Pres. DC (bar) Pressure (bar)   Constr. rmsd
   -2.22879e+02   -1.99807e+02    3.15230e-06

           Step           Time
         240000      480.00000

   Energies (kJ/mol)
           Bond          Angle    Proper Dih. Ryckaert-Bell.          LJ-14
    1.51566e+03    3.93386e+03    2.34064e+02    1.77566e+03    2.70223e+03
     Coulomb-14        LJ (SR)  Disper. corr.   Coulomb (SR)   Coul. recip.
    7.83152e+03    1.06744e+05   -5.09075e+03   -7.17529e+05    3.22296e+03
      Potential    Kinetic En.   Total Energy  Conserved En.    Temperature
   -5.94660e+05    9.71360e+04   -4.97524e+05   -4.95285e+05    3.00491e+02
 Pres. DC (bar) Pressure (bar)   Constr. rmsd
   -2.21404e+02   -1.61320e+02    3.13991e-06

           Step           Time
         245000      490.00000

   Energies (kJ/mol)
           Bond          Angle    Proper Dih. Ryckaert-Bell.          LJ-14
    1.50809e+03    3.75275e+03    2.12933e+02    1.69903e+03    2.63955e+03
     Coulomb-14        LJ (SR)  Disper. corr.   Coulomb (SR)   Coul. recip.
    7.73035e+03    1.08426e+05   -5.11200e+03   -7.19464e+05    3.28176e+03
      Potential    Kinetic En.   Total Energy  Conserved En.    Temperature
   -5.95325e+05    9.81011e+04   -4.97224e+05   -4.95219e+05    3.03476e+02
 Pres. DC (bar) Pressure (bar)   Constr. rmsd
   -2.23254e+02    5.89470e+01    3.16700e-06

           Step           Time
         250000      500.00000

   Energies (kJ/mol)
           Bond          Angle    Proper Dih. Ryckaert-Bell.          LJ-14
    1.42648e+03    3.80213e+03    2.78991e+02    1.76392e+03    2.68003e+03
     Coulomb-14        LJ (SR)  Disper. corr.   Coulomb (SR)   Coul. recip.
    7.80046e+03    1.06422e+05   -5.09368e+03   -7.16796e+05    3.30983e+03
      Potential    Kinetic En.   Total Energy  Conserved En.    Temperature
   -5.94405e+05    9.67839e+04   -4.97622e+05   -4.95141e+05    2.99401e+02
 Pres. DC (bar) Pressure (bar)   Constr. rmsd
   -2.21659e+02   -2.62653e+01    2.88568e-06

Writing checkpoint, step 251800 at Sat Nov 26 22:42:18 2022


           Step           Time
         255000      510.00000

   Energies (kJ/mol)
           Bond          Angle    Proper Dih. Ryckaert-Bell.          LJ-14
    1.53750e+03    3.89840e+03    2.58550e+02    1.76063e+03    2.63552e+03
     Coulomb-14        LJ (SR)  Disper. corr.   Coulomb (SR)   Coul. recip.
    7.77588e+03    1.07650e+05   -5.11089e+03   -7.17581e+05    3.30036e+03
      Potential    Kinetic En.   Total Energy  Conserved En.    Temperature
   -5.93875e+05    9.78466e+04   -4.96028e+05   -4.95041e+05    3.02689e+02
 Pres. DC (bar) Pressure (bar)   Constr. rmsd
   -2.23157e+02    5.09974e+01    3.42061e-06

           Step           Time
         260000      520.00000

   Energies (kJ/mol)
           Bond          Angle    Proper Dih. Ryckaert-Bell.          LJ-14
    1.49818e+03    3.74080e+03    2.61143e+02    1.78133e+03    2.63300e+03
     Coulomb-14        LJ (SR)  Disper. corr.   Coulomb (SR)   Coul. recip.
    7.74954e+03    1.06959e+05   -5.10157e+03   -7.17688e+05    3.36899e+03
      Potential    Kinetic En.   Total Energy  Conserved En.    Temperature
   -5.94798e+05    9.73700e+04   -4.97428e+05   -4.94978e+05    3.01215e+02
 Pres. DC (bar) Pressure (bar)   Constr. rmsd
   -2.22345e+02    1.64153e+01    2.78452e-06

           Step           Time
         265000      530.00000

   Energies (kJ/mol)
           Bond          Angle    Proper Dih. Ryckaert-Bell.          LJ-14
    1.56196e+03    3.86284e+03    2.32560e+02    1.62380e+03    2.60888e+03
     Coulomb-14        LJ (SR)  Disper. corr.   Coulomb (SR)   Coul. recip.
    7.75565e+03    1.06750e+05   -5.11472e+03   -7.18408e+05    3.26408e+03
      Potential    Kinetic En.   Total Energy  Conserved En.    Temperature
   -5.95862e+05    9.75443e+04   -4.98318e+05   -4.94907e+05    3.01754e+02
 Pres. DC (bar) Pressure (bar)   Constr. rmsd
   -2.23492e+02   -8.97434e+01    2.87244e-06

           Step           Time
         270000      540.00000

   Energies (kJ/mol)
           Bond          Angle    Proper Dih. Ryckaert-Bell.          LJ-14
    1.43690e+03    3.88374e+03    2.35184e+02    1.62196e+03    2.63862e+03
     Coulomb-14        LJ (SR)  Disper. corr.   Coulomb (SR)   Coul. recip.
    7.74672e+03    1.08236e+05   -5.10324e+03   -7.18329e+05    3.26691e+03
      Potential    Kinetic En.   Total Energy  Conserved En.    Temperature
   -5.94366e+05    9.78588e+04   -4.96507e+05   -4.94819e+05    3.02727e+02
 Pres. DC (bar) Pressure (bar)   Constr. rmsd
   -2.22491e+02    6.27546e+01    2.70757e-06

           Step           Time
         275000      550.00000

   Energies (kJ/mol)
           Bond          Angle    Proper Dih. Ryckaert-Bell.          LJ-14
    1.50257e+03    3.87216e+03    2.75823e+02    1.71775e+03    2.57180e+03
     Coulomb-14        LJ (SR)  Disper. corr.   Coulomb (SR)   Coul. recip.
    7.72022e+03    1.07181e+05   -5.10097e+03   -7.18109e+05    3.28683e+03
      Potential    Kinetic En.   Total Energy  Conserved En.    Temperature
   -5.95081e+05    9.75729e+04   -4.97508e+05   -4.94716e+05    3.01842e+02
 Pres. DC (bar) Pressure (bar)   Constr. rmsd
   -2.22293e+02   -1.74520e+02    3.18490e-06

           Step           Time
         280000      560.00000

   Energies (kJ/mol)
           Bond          Angle    Proper Dih. Ryckaert-Bell.          LJ-14
    1.43692e+03    3.77190e+03    2.49437e+02    1.67946e+03    2.74253e+03
     Coulomb-14        LJ (SR)  Disper. corr.   Coulomb (SR)   Coul. recip.
    7.80318e+03    1.06863e+05   -5.09662e+03   -7.18495e+05    3.24546e+03
      Potential    Kinetic En.   Total Energy  Conserved En.    Temperature
   -5.95799e+05    9.72124e+04   -4.98587e+05   -4.94639e+05    3.00727e+02
 Pres. DC (bar) Pressure (bar)   Constr. rmsd
   -2.21914e+02   -1.69890e-02    2.97073e-06

           Step           Time
         285000      570.00000

   Energies (kJ/mol)
           Bond          Angle    Proper Dih. Ryckaert-Bell.          LJ-14
    1.38432e+03    3.87646e+03    2.02528e+02    1.65383e+03    2.64566e+03
     Coulomb-14        LJ (SR)  Disper. corr.   Coulomb (SR)   Coul. recip.
    7.76034e+03    1.07341e+05   -5.12065e+03   -7.18225e+05    3.30435e+03
      Potential    Kinetic En.   Total Energy  Conserved En.    Temperature
   -5.95177e+05    9.66311e+04   -4.98546e+05   -4.94556e+05    2.98929e+02
 Pres. DC (bar) Pressure (bar)   Constr. rmsd
   -2.24009e+02    1.55270e+01    2.83045e-06

           Step           Time
         290000      580.00000

   Energies (kJ/mol)
           Bond          Angle    Proper Dih. Ryckaert-Bell.          LJ-14
    1.35167e+03    3.77327e+03    2.64082e+02    1.74189e+03    2.67936e+03
     Coulomb-14        LJ (SR)  Disper. corr.   Coulomb (SR)   Coul. recip.
    7.77409e+03    1.07439e+05   -5.12642e+03   -7.18980e+05    3.31573e+03
      Potential    Kinetic En.   Total Energy  Conserved En.    Temperature
   -5.95767e+05    9.61190e+04   -4.99648e+05   -4.94476e+05    2.97345e+02
 Pres. DC (bar) Pressure (bar)   Constr. rmsd
   -2.24514e+02    3.85888e+01    2.90727e-06

Writing checkpoint, step 294040 at Sat Nov 26 22:57:19 2022


           Step           Time
         295000      590.00000

   Energies (kJ/mol)
           Bond          Angle    Proper Dih. Ryckaert-Bell.          LJ-14
    1.28757e+03    3.86681e+03    2.37785e+02    1.57998e+03    2.67874e+03
     Coulomb-14        LJ (SR)  Disper. corr.   Coulomb (SR)   Coul. recip.
    7.76798e+03    1.07742e+05   -5.11973e+03   -7.19360e+05    3.34130e+03
      Potential    Kinetic En.   Total Energy  Conserved En.    Temperature
   -5.95978e+05    9.69488e+04   -4.99029e+05   -4.94399e+05    2.99912e+02
 Pres. DC (bar) Pressure (bar)   Constr. rmsd
   -2.23929e+02    6.78740e+01    3.14850e-06

           Step           Time
         300000      600.00000

   Energies (kJ/mol)
           Bond          Angle    Proper Dih. Ryckaert-Bell.          LJ-14
    1.50401e+03    3.84412e+03    2.56023e+02    1.73586e+03    2.66177e+03
     Coulomb-14        LJ (SR)  Disper. corr.   Coulomb (SR)   Coul. recip.
    7.73417e+03    1.08220e+05   -5.09950e+03   -7.18693e+05    3.33309e+03
      Potential    Kinetic En.   Total Energy  Conserved En.    Temperature
   -5.94503e+05    9.70819e+04   -4.97421e+05   -4.94294e+05    3.00323e+02
 Pres. DC (bar) Pressure (bar)   Constr. rmsd
   -2.22165e+02    2.19295e+02    3.24043e-06

           Step           Time
         305000      610.00000

   Energies (kJ/mol)
           Bond          Angle    Proper Dih. Ryckaert-Bell.          LJ-14
    1.41967e+03    3.78567e+03    2.53434e+02    1.67906e+03    2.63506e+03
     Coulomb-14        LJ (SR)  Disper. corr.   Coulomb (SR)   Coul. recip.
    7.68706e+03    1.07299e+05   -5.10952e+03   -7.19140e+05    3.21917e+03
      Potential    Kinetic En.   Total Energy  Conserved En.    Temperature
   -5.96272e+05    9.63110e+04   -4.99961e+05   -4.94202e+05    2.97939e+02
 Pres. DC (bar) Pressure (bar)   Constr. rmsd
   -2.23038e+02   -3.95945e+01    2.90331e-06

           Step           Time
         310000      620.00000

   Energies (kJ/mol)
           Bond          Angle    Proper Dih. Ryckaert-Bell.          LJ-14
    1.42648e+03    3.91032e+03    2.70031e+02    1.67269e+03    2.64389e+03
     Coulomb-14        LJ (SR)  Disper. corr.   Coulomb (SR)   Coul. recip.
    7.73481e+03    1.07504e+05   -5.10252e+03   -7.18080e+05    3.31261e+03
      Potential    Kinetic En.   Total Energy  Conserved En.    Temperature
   -5.94707e+05    9.71002e+04   -4.97607e+05   -4.94136e+05    3.00380e+02
 Pres. DC (bar) Pressure (bar)   Constr. rmsd
   -2.22428e+02    5.93604e+01    3.28733e-06

           Step           Time
         315000      630.00000

   Energies (kJ/mol)
           Bond          Angle    Proper Dih. Ryckaert-Bell.          LJ-14
    1.46400e+03    3.86243e+03    2.79443e+02    1.88351e+03    2.67807e+03
     Coulomb-14        LJ (SR)  Disper. corr.   Coulomb (SR)   Coul. recip.
    7.81615e+03    1.07372e+05   -5.09637e+03   -7.17182e+05    3.26074e+03
      Potential    Kinetic En.   Total Energy  Conserved En.    Temperature
   -5.93662e+05    9.69357e+04   -4.96726e+05   -4.94059e+05    2.99871e+02
 Pres. DC (bar) Pressure (bar)   Constr. rmsd
   -2.21893e+02    2.73729e+01    3.23429e-06

           Step           Time
         320000      640.00000

   Energies (kJ/mol)
           Bond          Angle    Proper Dih. Ryckaert-Bell.          LJ-14
    1.58394e+03    3.93275e+03    2.53156e+02    1.80564e+03    2.63422e+03
     Coulomb-14        LJ (SR)  Disper. corr.   Coulomb (SR)   Coul. recip.
    7.75580e+03    1.05937e+05   -5.08457e+03   -7.16460e+05    3.23978e+03
      Potential    Kinetic En.   Total Energy  Conserved En.    Temperature
   -5.94403e+05    9.72032e+04   -4.97200e+05   -4.93945e+05    3.00698e+02
 Pres. DC (bar) Pressure (bar)   Constr. rmsd
   -2.20868e+02   -2.51169e+02    2.99651e-06

           Step           Time
         325000      650.00000

   Energies (kJ/mol)
           Bond          Angle    Proper Dih. Ryckaert-Bell.          LJ-14
    1.49756e+03    3.69640e+03    2.56177e+02    1.72997e+03    2.65434e+03
     Coulomb-14        LJ (SR)  Disper. corr.   Coulomb (SR)   Coul. recip.
    7.81175e+03    1.06829e+05   -5.09629e+03   -7.17662e+05    3.25953e+03
      Potential    Kinetic En.   Total Energy  Conserved En.    Temperature
   -5.95024e+05    9.65510e+04   -4.98473e+05   -4.93885e+05    2.98681e+02
 Pres. DC (bar) Pressure (bar)   Constr. rmsd
   -2.21886e+02   -3.94837e+01    3.11514e-06

           Step           Time
         330000      660.00000

   Energies (kJ/mol)
           Bond          Angle    Proper Dih. Ryckaert-Bell.          LJ-14
    1.45865e+03    3.70275e+03    2.34036e+02    1.82377e+03    2.68387e+03
     Coulomb-14        LJ (SR)  Disper. corr.   Coulomb (SR)   Coul. recip.
    7.93946e+03    1.07516e+05   -5.10082e+03   -7.18781e+05    3.26551e+03
      Potential    Kinetic En.   Total Energy  Conserved En.    Temperature
   -5.95258e+05    9.70674e+04   -4.98191e+05   -4.93807e+05    3.00278e+02
 Pres. DC (bar) Pressure (bar)   Constr. rmsd
   -2.22280e+02   -3.36562e+01    2.60160e-06

           Step           Time
         335000      670.00000

   Energies (kJ/mol)
           Bond          Angle    Proper Dih. Ryckaert-Bell.          LJ-14
    1.51236e+03    3.79020e+03    2.79984e+02    1.68743e+03    2.56712e+03
     Coulomb-14        LJ (SR)  Disper. corr.   Coulomb (SR)   Coul. recip.
    7.75784e+03    1.08975e+05   -5.10037e+03   -7.20685e+05    3.23460e+03
      Potential    Kinetic En.   Total Energy  Conserved En.    Temperature
   -5.95981e+05    9.70308e+04   -4.98951e+05   -4.93697e+05    3.00165e+02
 Pres. DC (bar) Pressure (bar)   Constr. rmsd
   -2.22241e+02   -2.20698e+01    2.75810e-06

Writing checkpoint, step 336120 at Sat Nov 26 23:12:18 2022


           Step           Time
         340000      680.00000

   Energies (kJ/mol)
           Bond          Angle    Proper Dih. Ryckaert-Bell.          LJ-14
    1.50024e+03    3.83078e+03    2.49081e+02    1.61572e+03    2.64039e+03
     Coulomb-14        LJ (SR)  Disper. corr.   Coulomb (SR)   Coul. recip.
    7.77631e+03    1.08250e+05   -5.12111e+03   -7.19436e+05    3.22537e+03
      Potential    Kinetic En.   Total Energy  Conserved En.    Temperature
   -5.95470e+05    9.81253e+04   -4.97344e+05   -4.93628e+05    3.03551e+02
 Pres. DC (bar) Pressure (bar)   Constr. rmsd
   -2.24050e+02    1.45033e+02    2.88019e-06

           Step           Time
         345000      690.00000

   Energies (kJ/mol)
           Bond          Angle    Proper Dih. Ryckaert-Bell.          LJ-14
    1.46440e+03    3.81135e+03    2.43225e+02    1.65532e+03    2.67528e+03
     Coulomb-14        LJ (SR)  Disper. corr.   Coulomb (SR)   Coul. recip.
    7.69998e+03    1.08061e+05   -5.11262e+03   -7.19660e+05    3.30831e+03
      Potential    Kinetic En.   Total Energy  Conserved En.    Temperature
   -5.95854e+05    9.76431e+04   -4.98210e+05   -4.93530e+05    3.02059e+02
 Pres. DC (bar) Pressure (bar)   Constr. rmsd
   -2.23308e+02    1.06048e+02    3.48114e-06

           Step           Time
         350000      700.00000

   Energies (kJ/mol)
           Bond          Angle    Proper Dih. Ryckaert-Bell.          LJ-14
    1.46145e+03    3.79629e+03    2.30699e+02    1.69789e+03    2.66099e+03
     Coulomb-14        LJ (SR)  Disper. corr.   Coulomb (SR)   Coul. recip.
    7.86152e+03    1.08966e+05   -5.10449e+03   -7.20395e+05    3.32333e+03
      Potential    Kinetic En.   Total Energy  Conserved En.    Temperature
   -5.95502e+05    9.71162e+04   -4.98386e+05   -4.93451e+05    3.00429e+02
 Pres. DC (bar) Pressure (bar)   Constr. rmsd
   -2.22600e+02    1.67749e+02    2.97500e-06

           Step           Time
         355000      710.00000

   Energies (kJ/mol)
           Bond          Angle    Proper Dih. Ryckaert-Bell.          LJ-14
    1.45523e+03    3.89020e+03    2.14913e+02    1.69055e+03    2.61232e+03
     Coulomb-14        LJ (SR)  Disper. corr.   Coulomb (SR)   Coul. recip.
    7.72073e+03    1.07096e+05   -5.10149e+03   -7.17586e+05    3.32570e+03
      Potential    Kinetic En.   Total Energy  Conserved En.    Temperature
   -5.94683e+05    9.80326e+04   -4.96650e+05   -4.93369e+05    3.03264e+02
 Pres. DC (bar) Pressure (bar)   Constr. rmsd
   -2.22338e+02   -7.79896e+00    2.80733e-06

           Step           Time
         360000      720.00000

   Energies (kJ/mol)
           Bond          Angle    Proper Dih. Ryckaert-Bell.          LJ-14
    1.38392e+03    3.79323e+03    2.31929e+02    1.62328e+03    2.58495e+03
     Coulomb-14        LJ (SR)  Disper. corr.   Coulomb (SR)   Coul. recip.
    7.81508e+03    1.06713e+05   -5.09566e+03   -7.17840e+05    3.27617e+03
      Potential    Kinetic En.   Total Energy  Conserved En.    Temperature
   -5.95514e+05    9.67577e+04   -4.98757e+05   -4.93300e+05    2.99320e+02
 Pres. DC (bar) Pressure (bar)   Constr. rmsd
   -2.21831e+02   -1.55023e+02    2.91540e-06

           Step           Time
         365000      730.00000

   Energies (kJ/mol)
           Bond          Angle    Proper Dih. Ryckaert-Bell.          LJ-14
    1.48477e+03    3.79694e+03    2.62664e+02    1.75225e+03    2.67826e+03
     Coulomb-14        LJ (SR)  Disper. corr.   Coulomb (SR)   Coul. recip.
    7.85161e+03    1.06018e+05   -5.09810e+03   -7.16580e+05    3.24579e+03
      Potential    Kinetic En.   Total Energy  Conserved En.    Temperature
   -5.94587e+05    9.67782e+04   -4.97809e+05   -4.93195e+05    2.99384e+02
 Pres. DC (bar) Pressure (bar)   Constr. rmsd
   -2.22043e+02   -1.98153e+02    2.53288e-06

           Step           Time
         370000      740.00000

   Energies (kJ/mol)
           Bond          Angle    Proper Dih. Ryckaert-Bell.          LJ-14
    1.44136e+03    3.85061e+03    2.88997e+02    1.77439e+03    2.62991e+03
     Coulomb-14        LJ (SR)  Disper. corr.   Coulomb (SR)   Coul. recip.
    7.79238e+03    1.07166e+05   -5.09955e+03   -7.17531e+05    3.22492e+03
      Potential    Kinetic En.   Total Energy  Conserved En.    Temperature
   -5.94462e+05    9.62977e+04   -4.98164e+05   -4.93108e+05    2.97897e+02
 Pres. DC (bar) Pressure (bar)   Constr. rmsd
   -2.22170e+02   -4.08202e+01    3.05808e-06

           Step           Time
         375000      750.00000

   Energies (kJ/mol)
           Bond          Angle    Proper Dih. Ryckaert-Bell.          LJ-14
    1.44679e+03    3.68288e+03    2.41252e+02    1.74352e+03    2.68946e+03
     Coulomb-14        LJ (SR)  Disper. corr.   Coulomb (SR)   Coul. recip.
    7.89536e+03    1.06313e+05   -5.09930e+03   -7.17414e+05    3.39034e+03
      Potential    Kinetic En.   Total Energy  Conserved En.    Temperature
   -5.95110e+05    9.83536e+04   -4.96756e+05   -4.93059e+05    3.04257e+02
 Pres. DC (bar) Pressure (bar)   Constr. rmsd
   -2.22148e+02   -9.13269e+01    2.92835e-06

Writing checkpoint, step 377760 at Sat Nov 26 23:27:18 2022


           Step           Time
         380000      760.00000

   Energies (kJ/mol)
           Bond          Angle    Proper Dih. Ryckaert-Bell.          LJ-14
    1.46892e+03    3.70618e+03    2.34102e+02    1.73161e+03    2.71910e+03
     Coulomb-14        LJ (SR)  Disper. corr.   Coulomb (SR)   Coul. recip.
    7.88406e+03    1.05392e+05   -5.10708e+03   -7.16367e+05    3.29285e+03
      Potential    Kinetic En.   Total Energy  Conserved En.    Temperature
   -5.95046e+05    9.73876e+04   -4.97658e+05   -4.92952e+05    3.01269e+02
 Pres. DC (bar) Pressure (bar)   Constr. rmsd
   -2.22825e+02   -3.14285e+02    2.98759e-06

           Step           Time
         385000      770.00000

   Energies (kJ/mol)
           Bond          Angle    Proper Dih. Ryckaert-Bell.          LJ-14
    1.55017e+03    3.77801e+03    2.64248e+02    1.68116e+03    2.76227e+03
     Coulomb-14        LJ (SR)  Disper. corr.   Coulomb (SR)   Coul. recip.
    7.81591e+03    1.07170e+05   -5.10673e+03   -7.17433e+05    3.35631e+03
      Potential    Kinetic En.   Total Energy  Conserved En.    Temperature
   -5.94162e+05    9.71763e+04   -4.96986e+05   -4.92836e+05    3.00615e+02
 Pres. DC (bar) Pressure (bar)   Constr. rmsd
   -2.22795e+02    9.10681e+01    3.04195e-06

           Step           Time
         390000      780.00000

   Energies (kJ/mol)
           Bond          Angle    Proper Dih. Ryckaert-Bell.          LJ-14
    1.57481e+03    3.84316e+03    2.08295e+02    1.69283e+03    2.61019e+03
     Coulomb-14        LJ (SR)  Disper. corr.   Coulomb (SR)   Coul. recip.
    7.76949e+03    1.09105e+05   -5.10473e+03   -7.20803e+05    3.32196e+03
      Potential    Kinetic En.   Total Energy  Conserved En.    Temperature
   -5.95782e+05    9.61097e+04   -4.99672e+05   -4.92765e+05    2.97316e+02
 Pres. DC (bar) Pressure (bar)   Constr. rmsd
   -2.22621e+02    9.22156e+01    3.17860e-06

           Step           Time
         395000      790.00000

   Energies (kJ/mol)
           Bond          Angle    Proper Dih. Ryckaert-Bell.          LJ-14
    1.44080e+03    3.72820e+03    2.57729e+02    1.77829e+03    2.64688e+03
     Coulomb-14        LJ (SR)  Disper. corr.   Coulomb (SR)   Coul. recip.
    7.77551e+03    1.08307e+05   -5.11598e+03   -7.19034e+05    3.21465e+03
      Potential    Kinetic En.   Total Energy  Conserved En.    Temperature
   -5.95001e+05    9.63184e+04   -4.98683e+05   -4.92676e+05    2.97961e+02
 Pres. DC (bar) Pressure (bar)   Constr. rmsd
   -2.23601e+02    2.00211e+02    3.00972e-06

           Step           Time
         400000      800.00000

   Energies (kJ/mol)
           Bond          Angle    Proper Dih. Ryckaert-Bell.          LJ-14
    1.51372e+03    3.82290e+03    2.94657e+02    1.78153e+03    2.65479e+03
     Coulomb-14        LJ (SR)  Disper. corr.   Coulomb (SR)   Coul. recip.
    7.78727e+03    1.07569e+05   -5.11143e+03   -7.17737e+05    3.24261e+03
      Potential    Kinetic En.   Total Energy  Conserved En.    Temperature
   -5.94181e+05    9.64125e+04   -4.97769e+05   -4.92576e+05    2.98253e+02
 Pres. DC (bar) Pressure (bar)   Constr. rmsd
   -2.23205e+02    2.29706e+01    2.93223e-06

           Step           Time
         405000      810.00000

   Energies (kJ/mol)
           Bond          Angle    Proper Dih. Ryckaert-Bell.          LJ-14
    1.45553e+03    3.61526e+03    2.16130e+02    1.76811e+03    2.71624e+03
     Coulomb-14        LJ (SR)  Disper. corr.   Coulomb (SR)   Coul. recip.
    7.78099e+03    1.08015e+05   -5.11336e+03   -7.19066e+05    3.36483e+03
      Potential    Kinetic En.   Total Energy  Conserved En.    Temperature
   -5.95247e+05    9.78917e+04   -4.97356e+05   -4.92526e+05    3.02828e+02
 Pres. DC (bar) Pressure (bar)   Constr. rmsd
   -2.23373e+02    1.32571e+02    3.20980e-06

           Step           Time
         410000      820.00000

   Energies (kJ/mol)
           Bond          Angle    Proper Dih. Ryckaert-Bell.          LJ-14
    1.35579e+03    3.84274e+03    2.50255e+02    1.69410e+03    2.68423e+03
     Coulomb-14        LJ (SR)  Disper. corr.   Coulomb (SR)   Coul. recip.
    7.74735e+03    1.06930e+05   -5.09656e+03   -7.17345e+05    3.30356e+03
      Potential    Kinetic En.   Total Energy  Conserved En.    Temperature
   -5.94634e+05    9.68238e+04   -4.97810e+05   -4.92414e+05    2.99525e+02
 Pres. DC (bar) Pressure (bar)   Constr. rmsd
   -2.21909e+02   -1.71963e+01    3.15228e-06

           Step           Time
         415000      830.00000

   Energies (kJ/mol)
           Bond          Angle    Proper Dih. Ryckaert-Bell.          LJ-14
    1.41141e+03    3.84751e+03    2.54352e+02    1.78824e+03    2.59215e+03
     Coulomb-14        LJ (SR)  Disper. corr.   Coulomb (SR)   Coul. recip.
    7.82076e+03    1.07135e+05   -5.11063e+03   -7.17891e+05    3.22264e+03
      Potential    Kinetic En.   Total Energy  Conserved En.    Temperature
   -5.94929e+05    9.64438e+04   -4.98485e+05   -4.92341e+05    2.98349e+02
 Pres. DC (bar) Pressure (bar)   Constr. rmsd
   -2.23135e+02   -5.74774e+01    2.96131e-06

Writing checkpoint, step 419880 at Sat Nov 26 23:42:18 2022


           Step           Time
         420000      840.00000

   Energies (kJ/mol)
           Bond          Angle    Proper Dih. Ryckaert-Bell.          LJ-14
    1.37994e+03    3.85724e+03    2.47594e+02    1.72587e+03    2.69367e+03
     Coulomb-14        LJ (SR)  Disper. corr.   Coulomb (SR)   Coul. recip.
    7.87513e+03    1.06195e+05   -5.11276e+03   -7.16207e+05    3.35165e+03
      Potential    Kinetic En.   Total Energy  Conserved En.    Temperature
   -5.93994e+05    9.67869e+04   -4.97207e+05   -4.92255e+05    2.99411e+02
 Pres. DC (bar) Pressure (bar)   Constr. rmsd
   -2.23321e+02   -4.49066e+01    3.14848e-06

           Step           Time
         425000      850.00000

   Energies (kJ/mol)
           Bond          Angle    Proper Dih. Ryckaert-Bell.          LJ-14
    1.41793e+03    3.78609e+03    2.32584e+02    1.73686e+03    2.74788e+03
     Coulomb-14        LJ (SR)  Disper. corr.   Coulomb (SR)   Coul. recip.
    7.91172e+03    1.06735e+05   -5.09280e+03   -7.17021e+05    3.27537e+03
      Potential    Kinetic En.   Total Energy  Conserved En.    Temperature
   -5.94270e+05    9.73972e+04   -4.96872e+05   -4.92192e+05    3.01299e+02
 Pres. DC (bar) Pressure (bar)   Constr. rmsd
   -2.21583e+02   -6.65344e+01    3.22028e-06

           Step           Time
         430000      860.00000

   Energies (kJ/mol)
           Bond          Angle    Proper Dih. Ryckaert-Bell.          LJ-14
    1.49151e+03    3.73713e+03    2.47119e+02    1.68255e+03    2.67876e+03
     Coulomb-14        LJ (SR)  Disper. corr.   Coulomb (SR)   Coul. recip.
    7.82181e+03    1.05957e+05   -5.10858e+03   -7.16729e+05    3.24847e+03
      Potential    Kinetic En.   Total Energy  Conserved En.    Temperature
   -5.94974e+05    9.73833e+04   -4.97590e+05   -4.92095e+05    3.01256e+02
 Pres. DC (bar) Pressure (bar)   Constr. rmsd
   -2.22956e+02   -1.44010e+02    2.91282e-06

           Step           Time
         435000      870.00000

   Energies (kJ/mol)
           Bond          Angle    Proper Dih. Ryckaert-Bell.          LJ-14
    1.47945e+03    3.74650e+03    2.31846e+02    1.70127e+03    2.65081e+03
     Coulomb-14        LJ (SR)  Disper. corr.   Coulomb (SR)   Coul. recip.
    7.85278e+03    1.07504e+05   -5.11736e+03   -7.19789e+05    3.29716e+03
      Potential    Kinetic En.   Total Energy  Conserved En.    Temperature
   -5.96442e+05    9.67530e+04   -4.99689e+05   -4.92016e+05    2.99306e+02
 Pres. DC (bar) Pressure (bar)   Constr. rmsd
   -2.23722e+02   -1.04230e+02    2.81493e-06

           Step           Time
         440000      880.00000

   Energies (kJ/mol)
           Bond          Angle    Proper Dih. Ryckaert-Bell.          LJ-14
    1.47739e+03    3.70283e+03    2.74848e+02    1.81180e+03    2.61024e+03
     Coulomb-14        LJ (SR)  Disper. corr.   Coulomb (SR)   Coul. recip.
    7.82604e+03    1.07855e+05   -5.07590e+03   -7.18274e+05    3.30689e+03
      Potential    Kinetic En.   Total Energy  Conserved En.    Temperature
   -5.94484e+05    9.75035e+04   -4.96981e+05   -4.91938e+05    3.01628e+02
 Pres. DC (bar) Pressure (bar)   Constr. rmsd
   -2.20116e+02   -2.97432e+01    2.97104e-06

           Step           Time
         445000      890.00000

   Energies (kJ/mol)
           Bond          Angle    Proper Dih. Ryckaert-Bell.          LJ-14
    1.44762e+03    3.76413e+03    2.31692e+02    1.69519e+03    2.69507e+03
     Coulomb-14        LJ (SR)  Disper. corr.   Coulomb (SR)   Coul. recip.
    7.75511e+03    1.07151e+05   -5.11904e+03   -7.17850e+05    3.33046e+03
      Potential    Kinetic En.   Total Energy  Conserved En.    Temperature
   -5.94898e+05    9.72661e+04   -4.97632e+05   -4.91833e+05    3.00893e+02
 Pres. DC (bar) Pressure (bar)   Constr. rmsd
   -2.23869e+02    7.52414e+01    2.98487e-06

           Step           Time
         450000      900.00000

   Energies (kJ/mol)
           Bond          Angle    Proper Dih. Ryckaert-Bell.          LJ-14
    1.38783e+03    3.72233e+03    2.34203e+02    1.73290e+03    2.69255e+03
     Coulomb-14        LJ (SR)  Disper. corr.   Coulomb (SR)   Coul. recip.
    7.76827e+03    1.07632e+05   -5.09613e+03   -7.17919e+05    3.31185e+03
      Potential    Kinetic En.   Total Energy  Conserved En.    Temperature
   -5.94533e+05    9.57272e+04   -4.98805e+05   -4.91754e+05    2.96133e+02
 Pres. DC (bar) Pressure (bar)   Constr. rmsd
   -2.21872e+02    4.99625e+01    3.10822e-06

           Step           Time
         455000      910.00000

   Energies (kJ/mol)
           Bond          Angle    Proper Dih. Ryckaert-Bell.          LJ-14
    1.46877e+03    3.86328e+03    2.14010e+02    1.63577e+03    2.73752e+03
     Coulomb-14        LJ (SR)  Disper. corr.   Coulomb (SR)   Coul. recip.
    7.84656e+03    1.07043e+05   -5.09211e+03   -7.17121e+05    3.31606e+03
      Potential    Kinetic En.   Total Energy  Conserved En.    Temperature
   -5.94088e+05    9.72297e+04   -4.96858e+05   -4.91655e+05    3.00781e+02
 Pres. DC (bar) Pressure (bar)   Constr. rmsd
   -2.21523e+02   -3.84471e+01    2.89538e-06

           Step           Time
         460000      920.00000

   Energies (kJ/mol)
           Bond          Angle    Proper Dih. Ryckaert-Bell.          LJ-14
    1.42636e+03    3.84763e+03    2.34053e+02    1.67795e+03    2.58873e+03
     Coulomb-14        LJ (SR)  Disper. corr.   Coulomb (SR)   Coul. recip.
    7.87384e+03    1.07359e+05   -5.10442e+03   -7.19089e+05    3.38549e+03
      Potential    Kinetic En.   Total Energy  Conserved En.    Temperature
   -5.95800e+05    9.70596e+04   -4.98741e+05   -4.91590e+05    3.00254e+02
 Pres. DC (bar) Pressure (bar)   Constr. rmsd
   -2.22593e+02   -7.03362e+01    3.03336e-06

Writing checkpoint, step 464000 at Sat Nov 26 23:57:19 2022


           Step           Time
         465000      930.00000

   Energies (kJ/mol)
           Bond          Angle    Proper Dih. Ryckaert-Bell.          LJ-14
    1.43896e+03    3.58399e+03    2.52216e+02    1.70778e+03    2.67425e+03
     Coulomb-14        LJ (SR)  Disper. corr.   Coulomb (SR)   Coul. recip.
    7.78387e+03    1.08812e+05   -5.10514e+03   -7.20354e+05    3.32662e+03
      Potential    Kinetic En.   Total Energy  Conserved En.    Temperature
   -5.95880e+05    9.69129e+04   -4.98967e+05   -4.91486e+05    2.99800e+02
 Pres. DC (bar) Pressure (bar)   Constr. rmsd
   -2.22656e+02    2.05268e+02    3.08174e-06

           Step           Time
         470000      940.00000

   Energies (kJ/mol)
           Bond          Angle    Proper Dih. Ryckaert-Bell.          LJ-14
    1.48453e+03    3.62930e+03    2.74942e+02    1.82964e+03    2.63226e+03
     Coulomb-14        LJ (SR)  Disper. corr.   Coulomb (SR)   Coul. recip.
    7.82269e+03    1.08874e+05   -5.11338e+03   -7.20372e+05    3.27034e+03
      Potential    Kinetic En.   Total Energy  Conserved En.    Temperature
   -5.95667e+05    9.69835e+04   -4.98684e+05   -4.91399e+05    3.00019e+02
 Pres. DC (bar) Pressure (bar)   Constr. rmsd
   -2.23375e+02    1.27525e+02    3.04133e-06

           Step           Time
         475000      950.00000

   Energies (kJ/mol)
           Bond          Angle    Proper Dih. Ryckaert-Bell.          LJ-14
    1.38932e+03    3.66431e+03    2.35045e+02    1.61582e+03    2.74726e+03
     Coulomb-14        LJ (SR)  Disper. corr.   Coulomb (SR)   Coul. recip.
    7.86771e+03    1.08278e+05   -5.11858e+03   -7.19951e+05    3.29282e+03
      Potential    Kinetic En.   Total Energy  Conserved En.    Temperature
   -5.95979e+05    9.73337e+04   -4.98646e+05   -4.91315e+05    3.01102e+02
 Pres. DC (bar) Pressure (bar)   Constr. rmsd
   -2.23829e+02    1.95463e+02    3.12370e-06

           Step           Time
         480000      960.00000

   Energies (kJ/mol)
           Bond          Angle    Proper Dih. Ryckaert-Bell.          LJ-14
    1.38025e+03    3.91111e+03    2.68070e+02    1.70835e+03    2.68328e+03
     Coulomb-14        LJ (SR)  Disper. corr.   Coulomb (SR)   Coul. recip.
    7.82388e+03    1.07561e+05   -5.10880e+03   -7.18268e+05    3.27977e+03
      Potential    Kinetic En.   Total Energy  Conserved En.    Temperature
   -5.94761e+05    9.70857e+04   -4.97675e+05   -4.91202e+05    3.00335e+02
 Pres. DC (bar) Pressure (bar)   Constr. rmsd
   -2.22975e+02    1.19366e+02    2.99216e-06

           Step           Time
         485000      970.00000

   Energies (kJ/mol)
           Bond          Angle    Proper Dih. Ryckaert-Bell.          LJ-14
    1.45697e+03    3.72210e+03    2.48727e+02    1.73122e+03    2.72218e+03
     Coulomb-14        LJ (SR)  Disper. corr.   Coulomb (SR)   Coul. recip.
    7.86646e+03    1.08189e+05   -5.12294e+03   -7.20390e+05    3.28921e+03
      Potential    Kinetic En.   Total Energy  Conserved En.    Temperature
   -5.96287e+05    9.75870e+04   -4.98700e+05   -4.91115e+05    3.01886e+02
 Pres. DC (bar) Pressure (bar)   Constr. rmsd
   -2.24210e+02    1.20399e+02    3.09921e-06

           Step           Time
         490000      980.00000

   Energies (kJ/mol)
           Bond          Angle    Proper Dih. Ryckaert-Bell.          LJ-14
    1.39205e+03    3.70040e+03    2.52803e+02    1.81865e+03    2.60471e+03
     Coulomb-14        LJ (SR)  Disper. corr.   Coulomb (SR)   Coul. recip.
    7.83384e+03    1.07500e+05   -5.09980e+03   -7.20770e+05    3.30336e+03
      Potential    Kinetic En.   Total Energy  Conserved En.    Temperature
   -5.97464e+05    9.68490e+04   -5.00615e+05   -4.91034e+05    2.99603e+02
 Pres. DC (bar) Pressure (bar)   Constr. rmsd
   -2.22191e+02   -1.29947e+02    3.02568e-06

           Step           Time
         495000      990.00000

   Energies (kJ/mol)
           Bond          Angle    Proper Dih. Ryckaert-Bell.          LJ-14
    1.51799e+03    3.55818e+03    2.67850e+02    1.71371e+03    2.70415e+03
     Coulomb-14        LJ (SR)  Disper. corr.   Coulomb (SR)   Coul. recip.
    7.88005e+03    1.07613e+05   -5.11629e+03   -7.20287e+05    3.32859e+03
      Potential    Kinetic En.   Total Energy  Conserved En.    Temperature
   -5.96819e+05    9.77581e+04   -4.99061e+05   -4.90952e+05    3.02415e+02
 Pres. DC (bar) Pressure (bar)   Constr. rmsd
   -2.23628e+02   -1.20707e+02    2.87806e-06

           Step           Time
         500000     1000.00000

Writing checkpoint, step 500000 at Sun Nov 27 00:08:11 2022


   Energies (kJ/mol)
           Bond          Angle    Proper Dih. Ryckaert-Bell.          LJ-14
    1.43848e+03    3.80157e+03    2.46047e+02    1.56243e+03    2.63288e+03
     Coulomb-14        LJ (SR)  Disper. corr.   Coulomb (SR)   Coul. recip.
    7.83761e+03    1.08006e+05   -5.11419e+03   -7.19085e+05    3.24382e+03
      Potential    Kinetic En.   Total Energy  Conserved En.    Temperature
   -5.95430e+05    9.66983e+04   -4.98732e+05   -4.90884e+05    2.99137e+02
 Pres. DC (bar) Pressure (bar)   Constr. rmsd
   -2.23445e+02    9.71113e+01    3.19411e-06


Energy conservation over simulation part #1 of length 1000 ps, time 0 to 1000 ps
  Conserved energy drift: 2.21e-04 kJ/mol/ps per atom


	<======  ###############  ==>
	<====  A V E R A G E S  ====>
	<==  ###############  ======>

	Statistics over 500001 steps using 5001 frames

   Energies (kJ/mol)
           Bond          Angle    Proper Dih. Ryckaert-Bell.          LJ-14
    1.47171e+03    3.76425e+03    2.49419e+02    1.75708e+03    2.66379e+03
     Coulomb-14        LJ (SR)  Disper. corr.   Coulomb (SR)   Coul. recip.
    7.79276e+03    1.07459e+05   -5.10543e+03   -7.18413e+05    3.28837e+03
      Potential    Kinetic En.   Total Energy  Conserved En.    Temperature
   -5.95071e+05    9.69720e+04   -4.98099e+05   -4.95148e+05    2.99983e+02
 Pres. DC (bar) Pressure (bar)   Constr. rmsd
   -2.22683e+02    2.50488e+00    0.00000e+00

          Box-X          Box-Y          Box-Z
    7.25056e+00    7.25056e+00    7.25056e+00

   Total Virial (kJ/mol)
    3.22880e+04   -1.72521e+00    2.09716e+01
   -1.76076e+00    3.23482e+04   -1.69946e+01
    2.09335e+01   -1.70390e+01    3.22542e+04

   Pressure (bar)
    3.88334e+00   -2.96730e-01   -1.83960e+00
   -2.93627e-01   -2.20924e+00    8.97369e-01
   -1.83628e+00    9.01237e-01    5.84056e+00

      T-Protein  T-non-Protein
    3.00075e+02    2.99977e+02


	M E G A - F L O P S   A C C O U N T I N G

 NB=Group-cutoff nonbonded kernels    NxN=N-by-N cluster Verlet kernels
 RF=Reaction-Field  VdW=Van der Waals  QSTab=quadratic-spline table
 W3=SPC/TIP3p  W4=TIP4p (single or pairs)
 V&F=Potential and force  V=Potential only  F=Force only

 Computing:                               M-Number         M-Flops  % Flops
-----------------------------------------------------------------------------
 Pair Search distance check          168478.615442     1516307.539     0.4
 NxN QSTab Elec. + LJ [F]           4813298.554880   197345240.750    51.5
 NxN QSTab Elec. + LJ [V&F]           48630.164272     2869179.692     0.7
 NxN QSTab Elec. [F]                4377170.926976   148823811.517    38.9
 NxN QSTab Elec. [V&F]                44222.280592     1813113.504     0.5
 1,4 nonbonded interactions            2553.005106      229770.460     0.1
 Calc Weights                         57564.115128     2072308.145     0.5
 Spread Q Bspline                   1228034.456064     2456068.912     0.6
 Gather F Bspline                   1228034.456064     7368206.736     1.9
 3D-FFT                             1852959.705912    14823677.647     3.9
 Solve PME                             1152.002304       73728.147     0.0
 Reset In Box                           479.700000        1439.100     0.0
 CG-CoM                                 479.738376        1439.215     0.0
 Bonds                                  512.501025       30237.560     0.0
 Angles                                1773.503547      297948.596     0.1
 Propers                                213.000426       48777.098     0.0
 RB-Dihedrals                          1975.003950      487825.976     0.1
 Virial                                1921.088421       34579.592     0.0
 Stop-CM                                191.918376        1919.184     0.0
 Calc-Ekin                             3837.676752      103617.272     0.0
 Lincs                                  479.500959       28770.058     0.0
 Lincs-Mat                             2388.004776        9552.019     0.0
 Constraint-V                         19163.038326      172467.345     0.0
 Constraint-Vir                        1868.387367       44841.297     0.0
 Settle                                6068.012136     2245164.490     0.6
-----------------------------------------------------------------------------
 Total                                               382899991.851   100.0
-----------------------------------------------------------------------------


    D O M A I N   D E C O M P O S I T I O N   S T A T I S T I C S

 av. #atoms communicated per step for force:  2 x 0.0


     R E A L   C Y C L E   A N D   T I M E   A C C O U N T I N G

On 1 MPI rank, each using 8 OpenMP threads

 Computing:          Num   Num      Call    Wall time         Giga-Cycles
                     Ranks Threads  Count      (s)         total sum    %
-----------------------------------------------------------------------------
 Domain decomp.         1    8      12500      80.540        896.878   0.8
 Neighbor search        1    8      12501     244.882       2726.952   2.3
 Force                  1    8     500001    8024.949      89364.238  76.0
 PME mesh               1    8     500001    1619.723      18036.910  15.3
 NB X/F buffer ops.     1    8     987501     198.481       2210.240   1.9
 Write traj.            1    8        112       1.010         11.247   0.0
 Update                 1    8     500001     127.555       1420.426   1.2
 Constraints            1    8     500001     197.341       2197.545   1.9
 Rest                                          58.230        648.439   0.6
-----------------------------------------------------------------------------
 Total                                      10552.709     117512.875 100.0
-----------------------------------------------------------------------------
 Breakdown of PME mesh computation
-----------------------------------------------------------------------------
 PME spread             1    8     500001     617.323       6874.389   5.8
 PME gather             1    8     500001     512.977       5712.415   4.9
 PME 3D-FFT             1    8    1000002     379.592       4227.056   3.6
 PME solve Elec         1    8     500001      82.499        918.691   0.8
-----------------------------------------------------------------------------

               Core t (s)   Wall t (s)        (%)
       Time:    84421.590    10552.709      800.0
                         2h55:52
                 (ns/day)    (hour/ns)
Performance:        8.187        2.931
Finished mdrun on rank 0 Sun Nov 27 00:08:11 2022

