                  :-) GROMACS - gmx mdrun, 2022.4-Homebrew (-:

Copyright 1991-2022 The GROMACS Authors.
GROMACS is free software; you can redistribute it and/or modify it
under the terms of the GNU Lesser General Public License
as published by the Free Software Foundation; either version 2.1
of the License, or (at your option) any later version.

                         Current GROMACS contributors:
       Mark Abraham           Andrey Alekseenko           Cathrine Bergh      
      Christian Blau            Eliane Briand               Kevin Boyd        
     Oliver Fleetwood         Stefan Fleischmann           Vytas Gapsys       
       Gaurav Garg           Gilles Gouaillardet            Alan Gray         
      Victor Holanda           M. Eric Irrgang              Joe Jordan        
    Christoph Junghans        Prashanth Kanduri           Sebastian Kehl      
     Sebastian Keller          Carsten Kutzner           Magnus Lundborg      
       Pascal Merz              Dmitry Morozov             Szilard Pall       
      Roland Schulz             Michael Shirts         David van der Spoel    
     Alessandra Villa      Sebastian Wingbermuehle        Artem Zhmurov       

                         Previous GROMACS contributors:
        Emile Apol             Rossen Apostolov           James Barnett       
  Herman J.C. Berendsen          Par Bjelkmar           Viacheslav Bolnykh    
    Aldert van Buuren          Carlo Camilloni           Rudi van Drunen      
      Anton Feenstra           Gerrit Groenhof            Bert de Groot       
      Anca Hamuraru           Vincent Hindriksen         Aleksei Iupinov      
   Dimitrios Karkoulis           Peter Kasson               Jiri Kraus        
       Per Larsson             Justin A. Lemkul           Viveca Lindahl      
      Erik Marklund           Pieter Meulenhoff           Vedran Miletic      
      Teemu Murtola              Sander Pronk            Alexey Shvetsov      
      Alfons Sijbers            Peter Tieleman             Jon Vincent        
     Teemu Virolainen         Christian Wennberg           Maarten Wolf       

                  Coordinated by the GROMACS project leaders:
                    Paul Bauer, Berk Hess, and Erik Lindahl

GROMACS:      gmx mdrun, version 2022.4-Homebrew
Executable:   /usr/local/bin/../Cellar/gromacs/2022.4/bin/gmx
Data prefix:  /usr/local/bin/../Cellar/gromacs/2022.4
Working dir:  /Users/peter/Desktop/Lysozyme
Process ID:   29081
Command line:
  gmx mdrun -deffnm nvt

GROMACS version:    2022.4-Homebrew
Precision:          mixed
Memory model:       64 bit
MPI library:        thread_mpi
OpenMP support:     enabled (GMX_OPENMP_MAX_THREADS = 128)
GPU support:        disabled
SIMD instructions:  SSE4.1
CPU FFT library:    fftw-3.3.10-sse2-avx-avx2-avx2_128
GPU FFT library:    none
RDTSCP usage:       enabled
TNG support:        enabled
Hwloc support:      disabled
Tracing support:    disabled
C compiler:         /usr/local/opt/gcc/bin/gcc-12
C compiler flags:   -Wa,-q -msse4.1 -Wno-missing-field-initializers -fexcess-precision=fast -funroll-all-loops -O3 -DNDEBUG
C++ compiler:       /usr/local/opt/gcc/bin/g++-12
C++ compiler flags: -Wa,-q -msse4.1 -Wno-missing-field-initializers -fexcess-precision=fast -funroll-all-loops -Weverything -Wno-c++98-compat -Wno-c++98-compat-pedantic -Wno-source-uses-openmp -Wno-c++17-extensions -Wno-documentation-unknown-command -Wno-covered-switch-default -Wno-switch-enum -Wno-extra-semi-stmt -Wno-weak-vtables -Wno-shadow -Wno-padded -Wno-reserved-id-macro -Wno-double-promotion -Wno-exit-time-destructors -Wno-global-constructors -Wno-documentation -Wno-format-nonliteral -Wno-used-but-marked-unused -Wno-float-equal -Wno-conditional-uninitialized -Wno-conversion -Wno-disabled-macro-expansion -Wno-unused-macros -fopenmp -O3 -DNDEBUG


Running on 1 node with total 0 processing units
Hardware detected:
  CPU info:
    Vendor: Intel
    Brand:  Intel(R) Core(TM) i5-8257U CPU @ 1.40GHz
    Family: 6   Model: 142   Stepping: 10
    Features: aes apic avx avx2 clfsh cmov cx8 cx16 f16c fma htt intel lahf mmx msr nonstop_tsc pcid pclmuldq pdcm pdpe1gb popcnt pse rdrnd rdtscp sse2 sse3 sse4.1 sse4.2 ssse3 tdt x2apic
  Hardware topology: Only logical processor count
    CPU limit set by OS: -1   Recommended max number of threads: 8

Highest SIMD level supported by all nodes in run: AVX2_256
SIMD instructions selected at compile time:       SSE4.1
This program was compiled for different hardware than you are running on,
which could influence performance.

++++ PLEASE READ AND CITE THE FOLLOWING REFERENCE ++++
M. J. Abraham, T. Murtola, R. Schulz, S. Páll, J. C. Smith, B. Hess, E.
Lindahl
GROMACS: High performance molecular simulations through multi-level
parallelism from laptops to supercomputers
SoftwareX 1 (2015) pp. 19-25
-------- -------- --- Thank You --- -------- --------


++++ PLEASE READ AND CITE THE FOLLOWING REFERENCE ++++
S. Páll, M. J. Abraham, C. Kutzner, B. Hess, E. Lindahl
Tackling Exascale Software Challenges in Molecular Dynamics Simulations with
GROMACS
In S. Markidis & E. Laure (Eds.), Solving Software Challenges for Exascale 8759 (2015) pp. 3-27
-------- -------- --- Thank You --- -------- --------


++++ PLEASE READ AND CITE THE FOLLOWING REFERENCE ++++
S. Pronk, S. Páll, R. Schulz, P. Larsson, P. Bjelkmar, R. Apostolov, M. R.
Shirts, J. C. Smith, P. M. Kasson, D. van der Spoel, B. Hess, and E. Lindahl
GROMACS 4.5: a high-throughput and highly parallel open source molecular
simulation toolkit
Bioinformatics 29 (2013) pp. 845-54
-------- -------- --- Thank You --- -------- --------


++++ PLEASE READ AND CITE THE FOLLOWING REFERENCE ++++
B. Hess and C. Kutzner and D. van der Spoel and E. Lindahl
GROMACS 4: Algorithms for highly efficient, load-balanced, and scalable
molecular simulation
J. Chem. Theory Comput. 4 (2008) pp. 435-447
-------- -------- --- Thank You --- -------- --------


++++ PLEASE READ AND CITE THE FOLLOWING REFERENCE ++++
D. van der Spoel, E. Lindahl, B. Hess, G. Groenhof, A. E. Mark and H. J. C.
Berendsen
GROMACS: Fast, Flexible and Free
J. Comp. Chem. 26 (2005) pp. 1701-1719
-------- -------- --- Thank You --- -------- --------


++++ PLEASE READ AND CITE THE FOLLOWING REFERENCE ++++
E. Lindahl and B. Hess and D. van der Spoel
GROMACS 3.0: A package for molecular simulation and trajectory analysis
J. Mol. Mod. 7 (2001) pp. 306-317
-------- -------- --- Thank You --- -------- --------


++++ PLEASE READ AND CITE THE FOLLOWING REFERENCE ++++
H. J. C. Berendsen, D. van der Spoel and R. van Drunen
GROMACS: A message-passing parallel molecular dynamics implementation
Comp. Phys. Comm. 91 (1995) pp. 43-56
-------- -------- --- Thank You --- -------- --------

Input Parameters:
   integrator                     = md
   tinit                          = 0
   dt                             = 0.002
   nsteps                         = 50000
   init-step                      = 0
   simulation-part                = 1
   mts                            = false
   comm-mode                      = Linear
   nstcomm                        = 100
   bd-fric                        = 0
   ld-seed                        = -671089679
   emtol                          = 10
   emstep                         = 0.01
   niter                          = 20
   fcstep                         = 0
   nstcgsteep                     = 1000
   nbfgscorr                      = 10
   rtpi                           = 0.05
   nstxout                        = 500
   nstvout                        = 500
   nstfout                        = 0
   nstlog                         = 500
   nstcalcenergy                  = 100
   nstenergy                      = 500
   nstxout-compressed             = 0
   compressed-x-precision         = 1000
   cutoff-scheme                  = Verlet
   nstlist                        = 10
   pbc                            = xyz
   periodic-molecules             = false
   verlet-buffer-tolerance        = 0.005
   rlist                          = 1
   coulombtype                    = PME
   coulomb-modifier               = Potential-shift
   rcoulomb-switch                = 0
   rcoulomb                       = 1
   epsilon-r                      = 1
   epsilon-rf                     = inf
   vdw-type                       = Cut-off
   vdw-modifier                   = Potential-shift
   rvdw-switch                    = 0
   rvdw                           = 1
   DispCorr                       = EnerPres
   table-extension                = 1
   fourierspacing                 = 0.16
   fourier-nx                     = 48
   fourier-ny                     = 48
   fourier-nz                     = 48
   pme-order                      = 4
   ewald-rtol                     = 1e-05
   ewald-rtol-lj                  = 0.001
   lj-pme-comb-rule               = Geometric
   ewald-geometry                 = 3d
   epsilon-surface                = 0
   tcoupl                         = V-rescale
   nsttcouple                     = 10
   nh-chain-length                = 0
   print-nose-hoover-chain-variables = false
   pcoupl                         = No
   pcoupltype                     = Isotropic
   nstpcouple                     = -1
   tau-p                          = 1
   compressibility (3x3):
      compressibility[    0]={ 0.00000e+00,  0.00000e+00,  0.00000e+00}
      compressibility[    1]={ 0.00000e+00,  0.00000e+00,  0.00000e+00}
      compressibility[    2]={ 0.00000e+00,  0.00000e+00,  0.00000e+00}
   ref-p (3x3):
      ref-p[    0]={ 0.00000e+00,  0.00000e+00,  0.00000e+00}
      ref-p[    1]={ 0.00000e+00,  0.00000e+00,  0.00000e+00}
      ref-p[    2]={ 0.00000e+00,  0.00000e+00,  0.00000e+00}
   refcoord-scaling               = No
   posres-com (3):
      posres-com[0]= 0.00000e+00
      posres-com[1]= 0.00000e+00
      posres-com[2]= 0.00000e+00
   posres-comB (3):
      posres-comB[0]= 0.00000e+00
      posres-comB[1]= 0.00000e+00
      posres-comB[2]= 0.00000e+00
   QMMM                           = false
qm-opts:
   ngQM                           = 0
   constraint-algorithm           = Lincs
   continuation                   = false
   Shake-SOR                      = false
   shake-tol                      = 0.0001
   lincs-order                    = 4
   lincs-iter                     = 1
   lincs-warnangle                = 30
   nwall                          = 0
   wall-type                      = 9-3
   wall-r-linpot                  = -1
   wall-atomtype[0]               = -1
   wall-atomtype[1]               = -1
   wall-density[0]                = 0
   wall-density[1]                = 0
   wall-ewald-zfac                = 3
   pull                           = false
   awh                            = false
   rotation                       = false
   interactiveMD                  = false
   disre                          = No
   disre-weighting                = Conservative
   disre-mixed                    = false
   dr-fc                          = 1000
   dr-tau                         = 0
   nstdisreout                    = 100
   orire-fc                       = 0
   orire-tau                      = 0
   nstorireout                    = 100
   free-energy                    = no
   cos-acceleration               = 0
   deform (3x3):
      deform[    0]={ 0.00000e+00,  0.00000e+00,  0.00000e+00}
      deform[    1]={ 0.00000e+00,  0.00000e+00,  0.00000e+00}
      deform[    2]={ 0.00000e+00,  0.00000e+00,  0.00000e+00}
   simulated-tempering            = false
   swapcoords                     = no
   userint1                       = 0
   userint2                       = 0
   userint3                       = 0
   userint4                       = 0
   userreal1                      = 0
   userreal2                      = 0
   userreal3                      = 0
   userreal4                      = 0
   applied-forces:
     electric-field:
       x:
         E0                       = 0
         omega                    = 0
         t0                       = 0
         sigma                    = 0
       y:
         E0                       = 0
         omega                    = 0
         t0                       = 0
         sigma                    = 0
       z:
         E0                       = 0
         omega                    = 0
         t0                       = 0
         sigma                    = 0
     density-guided-simulation:
       active                     = false
       group                      = protein
       similarity-measure         = inner-product
       atom-spreading-weight      = unity
       force-constant             = 1e+09
       gaussian-transform-spreading-width = 0.2
       gaussian-transform-spreading-range-in-multiples-of-width = 4
       reference-density-filename = reference.mrc
       nst                        = 1
       normalize-densities        = true
       adaptive-force-scaling     = false
       adaptive-force-scaling-time-constant = 4
       shift-vector               = 
       transformation-matrix      = 
     qmmm-cp2k:
       active                     = false
       qmgroup                    = System
       qmmethod                   = PBE
       qmfilenames                = 
       qmcharge                   = 0
       qmmultiplicity             = 1
grpopts:
   nrdf:     4920.81     72837.2
   ref-t:         300         300
   tau-t:         0.1         0.1
annealing:          No          No
annealing-npoints:           0           0
   acc:	           0           0           0
   nfreeze:           N           N           N
   energygrp-flags[  0]: 0

Changing nstlist from 10 to 50, rlist from 1 to 1.115


Initializing Domain Decomposition on 1 ranks
Dynamic load balancing: auto
Using update groups, nr 13145, average size 2.9 atoms, max. radius 0.103 nm
Minimum cell size due to atom displacement: 0.398 nm
Initial maximum distances in bonded interactions:
    two-body bonded interactions: 0.443 nm, LJ-14, atoms 1156 1405
  multi-body bonded interactions: 0.443 nm, Ryckaert-Bell., atoms 1156 1405
Minimum cell size due to bonded interactions: 0.487 nm
Using 0 separate PME ranks because: there are too few total ranks for efficient splitting
Optimizing the DD grid for 1 cells with a minimum initial size of 0.487 nm
The maximum allowed number of cells is: X 15 Y 15 Z 15
Domain decomposition grid 1 x 1 x 1, separate PME ranks 0
PME domain decomposition: 1 x 1 x 1

The initial number of communication pulses is:
The initial domain decomposition cell size is:

The maximum allowed distance for atom groups involved in interactions is:
                 non-bonded interactions           1.322 nm
            two-body bonded interactions  (-rdd)   1.322 nm
          multi-body bonded interactions  (-rdd)   1.322 nm

When dynamic load balancing gets turned on, these settings will change to:
The maximum number of communication pulses is:
The minimum size for domain decomposition cells is 1.322 nm
The requested allowed shrink of DD cells (option -dds) is: 0.80
The allowed shrink of domain decomposition cells is:
The maximum allowed distance for atom groups involved in interactions is:
                 non-bonded interactions           1.322 nm
            two-body bonded interactions  (-rdd)   1.322 nm
          multi-body bonded interactions  (-rdd)   1.322 nm

Using 1 MPI thread
Using 8 OpenMP threads 

System total charge: -0.000
Will do PME sum in reciprocal space for electrostatic interactions.

++++ PLEASE READ AND CITE THE FOLLOWING REFERENCE ++++
U. Essmann, L. Perera, M. L. Berkowitz, T. Darden, H. Lee and L. G. Pedersen 
A smooth particle mesh Ewald method
J. Chem. Phys. 103 (1995) pp. 8577-8592
-------- -------- --- Thank You --- -------- --------

Using a Gaussian width (1/beta) of 0.320163 nm for Ewald
Potential shift: LJ r^-12: -1.000e+00 r^-6: -1.000e+00, Ewald -1.000e-05
Initialized non-bonded Coulomb Ewald tables, spacing: 9.33e-04 size: 1073

Generated table with 1057 data points for 1-4 COUL.
Tabscale = 500 points/nm
Generated table with 1057 data points for 1-4 LJ6.
Tabscale = 500 points/nm
Generated table with 1057 data points for 1-4 LJ12.
Tabscale = 500 points/nm
Long Range LJ corr.: <C6> 3.1583e-04


Using SIMD 4x4 nonbonded short-range kernels

Using a dual 4x4 pair-list setup updated with dynamic pruning:
  outer list: updated every 50 steps, buffer 0.115 nm, rlist 1.115 nm
  inner list: updated every 12 steps, buffer 0.002 nm, rlist 1.002 nm
At tolerance 0.005 kJ/mol/ps per atom, equivalent classical 1x1 list would be:
  outer list: updated every 50 steps, buffer 0.243 nm, rlist 1.243 nm
  inner list: updated every 12 steps, buffer 0.047 nm, rlist 1.047 nm

Using Geometric Lennard-Jones combination rule
Removing pbc first time

Linking all bonded interactions to atoms


Initializing LINear Constraint Solver

++++ PLEASE READ AND CITE THE FOLLOWING REFERENCE ++++
B. Hess and H. Bekker and H. J. C. Berendsen and J. G. E. M. Fraaije
LINCS: A Linear Constraint Solver for molecular simulations
J. Comp. Chem. 18 (1997) pp. 1463-1472
-------- -------- --- Thank You --- -------- --------

The number of constraints is 959

++++ PLEASE READ AND CITE THE FOLLOWING REFERENCE ++++
S. Miyamoto and P. A. Kollman
SETTLE: An Analytical Version of the SHAKE and RATTLE Algorithms for Rigid
Water Models
J. Comp. Chem. 13 (1992) pp. 952-962
-------- -------- --- Thank You --- -------- --------


++++ PLEASE READ AND CITE THE FOLLOWING REFERENCE ++++
G. Bussi, D. Donadio and M. Parrinello
Canonical sampling through velocity rescaling
J. Chem. Phys. 126 (2007) pp. 014101
-------- -------- --- Thank You --- -------- --------

There are: 38376 Atoms

Atom distribution over 1 domains: av 38376 stddev 0 min 38376 max 38376

Constraining the starting coordinates (step 0)

Constraining the coordinates at t0-dt (step 0)
Center of mass motion removal mode is Linear
We have the following groups for center of mass motion removal:
  0:  rest
RMS relative constraint deviation after constraining: 2.88e-06
Initial temperature: 299.332 K

Started mdrun on rank 0 Sat Nov 26 20:18:51 2022

           Step           Time
              0        0.00000

   Energies (kJ/mol)
           Bond          Angle    Proper Dih. Ryckaert-Bell.          LJ-14
    2.17586e+02    9.30603e+02    5.66570e+01    1.41146e+03    2.50640e+03
     Coulomb-14        LJ (SR)  Disper. corr.   Coulomb (SR)   Coul. recip.
    7.76855e+03    1.01942e+05   -4.92233e+03   -7.85536e+05    2.92225e+03
 Position Rest.      Potential    Kinetic En.   Total Energy  Conserved En.
    1.24273e-03   -6.72703e+05    9.67809e+04   -5.75922e+05   -5.75922e+05
    Temperature Pres. DC (bar) Pressure (bar)   Constr. rmsd
    2.99392e+02   -2.07014e+02   -5.55815e+03    2.78161e-06

           Step           Time
            500        1.00000

   Energies (kJ/mol)
           Bond          Angle    Proper Dih. Ryckaert-Bell.          LJ-14
    1.39956e+03    3.65093e+03    2.70624e+02    1.92222e+03    2.68038e+03
     Coulomb-14        LJ (SR)  Disper. corr.   Coulomb (SR)   Coul. recip.
    7.75065e+03    1.05386e+05   -4.92233e+03   -7.10092e+05    3.59870e+03
 Position Rest.      Potential    Kinetic En.   Total Energy  Conserved En.
    5.73391e+02   -5.87782e+05    9.67171e+04   -4.91065e+05   -5.74980e+05
    Temperature Pres. DC (bar) Pressure (bar)   Constr. rmsd
    2.99195e+02   -2.07014e+02   -6.10715e+02    2.73704e-06

           Step           Time
           1000        2.00000

   Energies (kJ/mol)
           Bond          Angle    Proper Dih. Ryckaert-Bell.          LJ-14
    1.48121e+03    3.55862e+03    2.22868e+02    1.91420e+03    2.68869e+03
     Coulomb-14        LJ (SR)  Disper. corr.   Coulomb (SR)   Coul. recip.
    7.81024e+03    1.03514e+05   -4.92233e+03   -7.08585e+05    3.44515e+03
 Position Rest.      Potential    Kinetic En.   Total Energy  Conserved En.
    4.77881e+02   -5.88395e+05    9.70470e+04   -4.91348e+05   -5.74971e+05
    Temperature Pres. DC (bar) Pressure (bar)   Constr. rmsd
    3.00215e+02   -2.07014e+02   -7.55148e+02    2.59706e-06

           Step           Time
           1500        3.00000

   Energies (kJ/mol)
           Bond          Angle    Proper Dih. Ryckaert-Bell.          LJ-14
    1.38550e+03    3.70415e+03    2.69914e+02    1.75852e+03    2.66765e+03
     Coulomb-14        LJ (SR)  Disper. corr.   Coulomb (SR)   Coul. recip.
    7.67911e+03    1.03633e+05   -4.92233e+03   -7.08828e+05    3.58586e+03
 Position Rest.      Potential    Kinetic En.   Total Energy  Conserved En.
    4.74309e+02   -5.88592e+05    9.67860e+04   -4.91806e+05   -5.74947e+05
    Temperature Pres. DC (bar) Pressure (bar)   Constr. rmsd
    2.99408e+02   -2.07014e+02   -5.88884e+02    2.78159e-06

           Step           Time
           2000        4.00000

   Energies (kJ/mol)
           Bond          Angle    Proper Dih. Ryckaert-Bell.          LJ-14
    1.44988e+03    3.76968e+03    2.55774e+02    1.96596e+03    2.72110e+03
     Coulomb-14        LJ (SR)  Disper. corr.   Coulomb (SR)   Coul. recip.
    7.73178e+03    1.04266e+05   -4.92233e+03   -7.10416e+05    3.44217e+03
 Position Rest.      Potential    Kinetic En.   Total Energy  Conserved En.
    4.95272e+02   -5.89241e+05    9.79085e+04   -4.91332e+05   -5.74927e+05
    Temperature Pres. DC (bar) Pressure (bar)   Constr. rmsd
    3.02880e+02   -2.07014e+02   -5.25948e+02    2.79671e-06

           Step           Time
           2500        5.00000

   Energies (kJ/mol)
           Bond          Angle    Proper Dih. Ryckaert-Bell.          LJ-14
    1.42162e+03    3.54352e+03    2.37561e+02    1.89588e+03    2.80092e+03
     Coulomb-14        LJ (SR)  Disper. corr.   Coulomb (SR)   Coul. recip.
    7.76622e+03    1.04429e+05   -4.92233e+03   -7.12358e+05    3.42455e+03
 Position Rest.      Potential    Kinetic En.   Total Energy  Conserved En.
    4.72197e+02   -5.91289e+05    9.70965e+04   -4.94193e+05   -5.74930e+05
    Temperature Pres. DC (bar) Pressure (bar)   Constr. rmsd
    3.00368e+02   -2.07014e+02   -8.36491e+02    2.65862e-06

           Step           Time
           3000        6.00000

   Energies (kJ/mol)
           Bond          Angle    Proper Dih. Ryckaert-Bell.          LJ-14
    1.49331e+03    3.81046e+03    2.17612e+02    1.85158e+03    2.71507e+03
     Coulomb-14        LJ (SR)  Disper. corr.   Coulomb (SR)   Coul. recip.
    7.76433e+03    1.04350e+05   -4.92233e+03   -7.11510e+05    3.39110e+03
 Position Rest.      Potential    Kinetic En.   Total Energy  Conserved En.
    5.01823e+02   -5.90338e+05    9.74288e+04   -4.92909e+05   -5.74923e+05
    Temperature Pres. DC (bar) Pressure (bar)   Constr. rmsd
    3.01396e+02   -2.07014e+02   -8.80625e+02    2.85046e-06

           Step           Time
           3500        7.00000

   Energies (kJ/mol)
           Bond          Angle    Proper Dih. Ryckaert-Bell.          LJ-14
    1.45988e+03    3.72709e+03    2.15083e+02    1.76773e+03    2.72529e+03
     Coulomb-14        LJ (SR)  Disper. corr.   Coulomb (SR)   Coul. recip.
    7.68777e+03    1.04587e+05   -4.92233e+03   -7.12491e+05    3.35143e+03
 Position Rest.      Potential    Kinetic En.   Total Energy  Conserved En.
    4.37000e+02   -5.91455e+05    9.64036e+04   -4.95051e+05   -5.74905e+05
    Temperature Pres. DC (bar) Pressure (bar)   Constr. rmsd
    2.98225e+02   -2.07014e+02   -6.30753e+02    2.44395e-06

           Step           Time
           4000        8.00000

   Energies (kJ/mol)
           Bond          Angle    Proper Dih. Ryckaert-Bell.          LJ-14
    1.58141e+03    3.86556e+03    2.76377e+02    1.89887e+03    2.70339e+03
     Coulomb-14        LJ (SR)  Disper. corr.   Coulomb (SR)   Coul. recip.
    7.66954e+03    1.04977e+05   -4.92233e+03   -7.11638e+05    3.41782e+03
 Position Rest.      Potential    Kinetic En.   Total Energy  Conserved En.
    4.90369e+02   -5.89680e+05    9.75438e+04   -4.92136e+05   -5.74885e+05
    Temperature Pres. DC (bar) Pressure (bar)   Constr. rmsd
    3.01752e+02   -2.07014e+02   -7.91065e+02    2.89471e-06

           Step           Time
           4500        9.00000

   Energies (kJ/mol)
           Bond          Angle    Proper Dih. Ryckaert-Bell.          LJ-14
    1.47772e+03    3.67958e+03    2.56009e+02    1.92925e+03    2.64242e+03
     Coulomb-14        LJ (SR)  Disper. corr.   Coulomb (SR)   Coul. recip.
    7.69446e+03    1.04350e+05   -4.92233e+03   -7.10953e+05    3.55757e+03
 Position Rest.      Potential    Kinetic En.   Total Energy  Conserved En.
    4.55791e+02   -5.89833e+05    9.61147e+04   -4.93718e+05   -5.74894e+05
    Temperature Pres. DC (bar) Pressure (bar)   Constr. rmsd
    2.97331e+02   -2.07014e+02   -8.85557e+02    2.88138e-06

           Step           Time
           5000       10.00000

   Energies (kJ/mol)
           Bond          Angle    Proper Dih. Ryckaert-Bell.          LJ-14
    1.42945e+03    3.70112e+03    2.57303e+02    1.85959e+03    2.78923e+03
     Coulomb-14        LJ (SR)  Disper. corr.   Coulomb (SR)   Coul. recip.
    7.77131e+03    1.04873e+05   -4.92233e+03   -7.12712e+05    3.40723e+03
 Position Rest.      Potential    Kinetic En.   Total Energy  Conserved En.
    4.81361e+02   -5.91065e+05    9.70738e+04   -4.93991e+05   -5.74893e+05
    Temperature Pres. DC (bar) Pressure (bar)   Constr. rmsd
    3.00298e+02   -2.07014e+02   -5.08032e+02    2.75346e-06

           Step           Time
           5500       11.00000

   Energies (kJ/mol)
           Bond          Angle    Proper Dih. Ryckaert-Bell.          LJ-14
    1.47281e+03    3.73851e+03    2.84461e+02    1.81584e+03    2.68579e+03
     Coulomb-14        LJ (SR)  Disper. corr.   Coulomb (SR)   Coul. recip.
    7.76079e+03    1.05850e+05   -4.92233e+03   -7.14575e+05    3.42602e+03
 Position Rest.      Potential    Kinetic En.   Total Energy  Conserved En.
    4.84251e+02   -5.91978e+05    9.70470e+04   -4.94931e+05   -5.74882e+05
    Temperature Pres. DC (bar) Pressure (bar)   Constr. rmsd
    3.00215e+02   -2.07014e+02   -7.78999e+02    3.02470e-06

           Step           Time
           6000       12.00000

   Energies (kJ/mol)
           Bond          Angle    Proper Dih. Ryckaert-Bell.          LJ-14
    1.46344e+03    3.90658e+03    2.84590e+02    1.80906e+03    2.66152e+03
     Coulomb-14        LJ (SR)  Disper. corr.   Coulomb (SR)   Coul. recip.
    7.66184e+03    1.04550e+05   -4.92233e+03   -7.12211e+05    3.49540e+03
 Position Rest.      Potential    Kinetic En.   Total Energy  Conserved En.
    4.90786e+02   -5.90810e+05    9.72237e+04   -4.93586e+05   -5.74880e+05
    Temperature Pres. DC (bar) Pressure (bar)   Constr. rmsd
    3.00762e+02   -2.07014e+02   -8.23878e+02    2.49122e-06

           Step           Time
           6500       13.00000

   Energies (kJ/mol)
           Bond          Angle    Proper Dih. Ryckaert-Bell.          LJ-14
    1.51353e+03    3.60951e+03    2.43843e+02    1.88915e+03    2.71340e+03
     Coulomb-14        LJ (SR)  Disper. corr.   Coulomb (SR)   Coul. recip.
    7.74512e+03    1.05403e+05   -4.92233e+03   -7.13480e+05    3.43720e+03
 Position Rest.      Potential    Kinetic En.   Total Energy  Conserved En.
    4.66344e+02   -5.91381e+05    9.69725e+04   -4.94409e+05   -5.74868e+05
    Temperature Pres. DC (bar) Pressure (bar)   Constr. rmsd
    2.99985e+02   -2.07014e+02   -7.47704e+02    3.15554e-06

           Step           Time
           7000       14.00000

   Energies (kJ/mol)
           Bond          Angle    Proper Dih. Ryckaert-Bell.          LJ-14
    1.57966e+03    3.82102e+03    2.17219e+02    1.86494e+03    2.65679e+03
     Coulomb-14        LJ (SR)  Disper. corr.   Coulomb (SR)   Coul. recip.
    7.71185e+03    1.05176e+05   -4.92233e+03   -7.12843e+05    3.41980e+03
 Position Rest.      Potential    Kinetic En.   Total Energy  Conserved En.
    4.88963e+02   -5.90829e+05    9.73529e+04   -4.93476e+05   -5.74859e+05
    Temperature Pres. DC (bar) Pressure (bar)   Constr. rmsd
    3.01162e+02   -2.07014e+02   -8.78827e+02    2.88846e-06

           Step           Time
           7500       15.00000

   Energies (kJ/mol)
           Bond          Angle    Proper Dih. Ryckaert-Bell.          LJ-14
    1.40211e+03    3.72431e+03    1.91906e+02    1.88173e+03    2.67266e+03
     Coulomb-14        LJ (SR)  Disper. corr.   Coulomb (SR)   Coul. recip.
    7.70509e+03    1.03940e+05   -4.92233e+03   -7.09743e+05    3.41051e+03
 Position Rest.      Potential    Kinetic En.   Total Energy  Conserved En.
    4.90493e+02   -5.89247e+05    9.66132e+04   -4.92633e+05   -5.74855e+05
    Temperature Pres. DC (bar) Pressure (bar)   Constr. rmsd
    2.98874e+02   -2.07014e+02   -8.00518e+02    3.00731e-06

           Step           Time
           8000       16.00000

   Energies (kJ/mol)
           Bond          Angle    Proper Dih. Ryckaert-Bell.          LJ-14
    1.46714e+03    3.80949e+03    2.25209e+02    1.77052e+03    2.70901e+03
     Coulomb-14        LJ (SR)  Disper. corr.   Coulomb (SR)   Coul. recip.
    7.71223e+03    1.03061e+05   -4.92233e+03   -7.09903e+05    3.40096e+03
 Position Rest.      Potential    Kinetic En.   Total Energy  Conserved En.
    4.43415e+02   -5.90226e+05    9.74094e+04   -4.92817e+05   -5.74861e+05
    Temperature Pres. DC (bar) Pressure (bar)   Constr. rmsd
    3.01336e+02   -2.07014e+02   -7.16055e+02    2.74806e-06

           Step           Time
           8500       17.00000

   Energies (kJ/mol)
           Bond          Angle    Proper Dih. Ryckaert-Bell.          LJ-14
    1.45972e+03    3.73392e+03    2.22577e+02    1.84126e+03    2.62158e+03
     Coulomb-14        LJ (SR)  Disper. corr.   Coulomb (SR)   Coul. recip.
    7.75384e+03    1.04347e+05   -4.92233e+03   -7.12714e+05    3.37150e+03
 Position Rest.      Potential    Kinetic En.   Total Energy  Conserved En.
    4.37949e+02   -5.91847e+05    9.71477e+04   -4.94699e+05   -5.74864e+05
    Temperature Pres. DC (bar) Pressure (bar)   Constr. rmsd
    3.00527e+02   -2.07014e+02   -6.70757e+02    2.82874e-06

           Step           Time
           9000       18.00000

   Energies (kJ/mol)
           Bond          Angle    Proper Dih. Ryckaert-Bell.          LJ-14
    1.48798e+03    3.77987e+03    2.46138e+02    1.83828e+03    2.73172e+03
     Coulomb-14        LJ (SR)  Disper. corr.   Coulomb (SR)   Coul. recip.
    7.77389e+03    1.03372e+05   -4.92233e+03   -7.10843e+05    3.40438e+03
 Position Rest.      Potential    Kinetic En.   Total Energy  Conserved En.
    4.45225e+02   -5.90686e+05    9.77186e+04   -4.92967e+05   -5.74853e+05
    Temperature Pres. DC (bar) Pressure (bar)   Constr. rmsd
    3.02293e+02   -2.07014e+02   -9.05107e+02    2.84497e-06

           Step           Time
           9500       19.00000

   Energies (kJ/mol)
           Bond          Angle    Proper Dih. Ryckaert-Bell.          LJ-14
    1.50086e+03    3.80242e+03    2.76051e+02    1.91868e+03    2.70494e+03
     Coulomb-14        LJ (SR)  Disper. corr.   Coulomb (SR)   Coul. recip.
    7.71803e+03    1.04199e+05   -4.92233e+03   -7.11161e+05    3.39877e+03
 Position Rest.      Potential    Kinetic En.   Total Energy  Conserved En.
    4.93901e+02   -5.90071e+05    9.73619e+04   -4.92709e+05   -5.74844e+05
    Temperature Pres. DC (bar) Pressure (bar)   Constr. rmsd
    3.01189e+02   -2.07014e+02   -8.77317e+02    3.03494e-06

           Step           Time
          10000       20.00000

   Energies (kJ/mol)
           Bond          Angle    Proper Dih. Ryckaert-Bell.          LJ-14
    1.41509e+03    3.82543e+03    2.36341e+02    1.78305e+03    2.74053e+03
     Coulomb-14        LJ (SR)  Disper. corr.   Coulomb (SR)   Coul. recip.
    7.70688e+03    1.04860e+05   -4.92233e+03   -7.11179e+05    3.52992e+03
 Position Rest.      Potential    Kinetic En.   Total Energy  Conserved En.
    4.76139e+02   -5.89528e+05    9.71661e+04   -4.92362e+05   -5.74824e+05
    Temperature Pres. DC (bar) Pressure (bar)   Constr. rmsd
    3.00584e+02   -2.07014e+02   -5.06630e+02    3.04161e-06

           Step           Time
          10500       21.00000

   Energies (kJ/mol)
           Bond          Angle    Proper Dih. Ryckaert-Bell.          LJ-14
    1.46657e+03    3.75155e+03    2.46019e+02    1.87595e+03    2.71764e+03
     Coulomb-14        LJ (SR)  Disper. corr.   Coulomb (SR)   Coul. recip.
    7.74376e+03    1.05798e+05   -4.92233e+03   -7.14229e+05    3.33197e+03
 Position Rest.      Potential    Kinetic En.   Total Energy  Conserved En.
    4.40552e+02   -5.91779e+05    9.71638e+04   -4.94616e+05   -5.74831e+05
    Temperature Pres. DC (bar) Pressure (bar)   Constr. rmsd
    3.00577e+02   -2.07014e+02   -8.05101e+02    2.69524e-06

           Step           Time
          11000       22.00000

   Energies (kJ/mol)
           Bond          Angle    Proper Dih. Ryckaert-Bell.          LJ-14
    1.41232e+03    3.75873e+03    2.89937e+02    1.88384e+03    2.63891e+03
     Coulomb-14        LJ (SR)  Disper. corr.   Coulomb (SR)   Coul. recip.
    7.80052e+03    1.05757e+05   -4.92233e+03   -7.13579e+05    3.42924e+03
 Position Rest.      Potential    Kinetic En.   Total Energy  Conserved En.
    4.67198e+02   -5.91064e+05    9.78762e+04   -4.93188e+05   -5.74841e+05
    Temperature Pres. DC (bar) Pressure (bar)   Constr. rmsd
    3.02780e+02   -2.07014e+02   -5.09769e+02    2.84627e-06

           Step           Time
          11500       23.00000

   Energies (kJ/mol)
           Bond          Angle    Proper Dih. Ryckaert-Bell.          LJ-14
    1.41284e+03    3.65767e+03    2.67188e+02    1.79488e+03    2.70529e+03
     Coulomb-14        LJ (SR)  Disper. corr.   Coulomb (SR)   Coul. recip.
    7.74203e+03    1.04905e+05   -4.92233e+03   -7.12562e+05    3.48346e+03
 Position Rest.      Potential    Kinetic En.   Total Energy  Conserved En.
    4.89300e+02   -5.91026e+05    9.66124e+04   -4.94414e+05   -5.74815e+05
    Temperature Pres. DC (bar) Pressure (bar)   Constr. rmsd
    2.98871e+02   -2.07014e+02   -8.49827e+02    2.77409e-06

           Step           Time
          12000       24.00000

   Energies (kJ/mol)
           Bond          Angle    Proper Dih. Ryckaert-Bell.          LJ-14
    1.37803e+03    3.64275e+03    2.51227e+02    1.80238e+03    2.74611e+03
     Coulomb-14        LJ (SR)  Disper. corr.   Coulomb (SR)   Coul. recip.
    7.71060e+03    1.04673e+05   -4.92233e+03   -7.13891e+05    3.37030e+03
 Position Rest.      Potential    Kinetic En.   Total Energy  Conserved En.
    4.54945e+02   -5.92784e+05    9.69958e+04   -4.95789e+05   -5.74831e+05
    Temperature Pres. DC (bar) Pressure (bar)   Constr. rmsd
    3.00057e+02   -2.07014e+02   -8.29811e+02    2.76254e-06

           Step           Time
          12500       25.00000

   Energies (kJ/mol)
           Bond          Angle    Proper Dih. Ryckaert-Bell.          LJ-14
    1.37035e+03    3.74065e+03    2.60592e+02    1.83892e+03    2.63204e+03
     Coulomb-14        LJ (SR)  Disper. corr.   Coulomb (SR)   Coul. recip.
    7.66486e+03    1.05024e+05   -4.92233e+03   -7.13954e+05    3.49911e+03
 Position Rest.      Potential    Kinetic En.   Total Energy  Conserved En.
    4.03182e+02   -5.92443e+05    9.63466e+04   -4.96096e+05   -5.74816e+05
    Temperature Pres. DC (bar) Pressure (bar)   Constr. rmsd
    2.98049e+02   -2.07014e+02   -6.25332e+02    3.17411e-06

           Step           Time
          13000       26.00000

   Energies (kJ/mol)
           Bond          Angle    Proper Dih. Ryckaert-Bell.          LJ-14
    1.48429e+03    3.75892e+03    2.49525e+02    1.81310e+03    2.61215e+03
     Coulomb-14        LJ (SR)  Disper. corr.   Coulomb (SR)   Coul. recip.
    7.66298e+03    1.04000e+05   -4.92233e+03   -7.11187e+05    3.46649e+03
 Position Rest.      Potential    Kinetic En.   Total Energy  Conserved En.
    4.38741e+02   -5.90623e+05    9.70469e+04   -4.93576e+05   -5.74792e+05
    Temperature Pres. DC (bar) Pressure (bar)   Constr. rmsd
    3.00215e+02   -2.07014e+02   -6.17512e+02    3.22611e-06

           Step           Time
          13500       27.00000

   Energies (kJ/mol)
           Bond          Angle    Proper Dih. Ryckaert-Bell.          LJ-14
    1.47750e+03    3.76428e+03    2.60877e+02    1.80124e+03    2.70385e+03
     Coulomb-14        LJ (SR)  Disper. corr.   Coulomb (SR)   Coul. recip.
    7.61775e+03    1.04840e+05   -4.92233e+03   -7.12505e+05    3.44277e+03
 Position Rest.      Potential    Kinetic En.   Total Energy  Conserved En.
    4.67480e+02   -5.91051e+05    9.70943e+04   -4.93957e+05   -5.74790e+05
    Temperature Pres. DC (bar) Pressure (bar)   Constr. rmsd
    3.00362e+02   -2.07014e+02   -7.10664e+02    2.94215e-06

           Step           Time
          14000       28.00000

   Energies (kJ/mol)
           Bond          Angle    Proper Dih. Ryckaert-Bell.          LJ-14
    1.46893e+03    3.63514e+03    2.42008e+02    1.80011e+03    2.67657e+03
     Coulomb-14        LJ (SR)  Disper. corr.   Coulomb (SR)   Coul. recip.
    7.72574e+03    1.03615e+05   -4.92233e+03   -7.11202e+05    3.45091e+03
 Position Rest.      Potential    Kinetic En.   Total Energy  Conserved En.
    4.98379e+02   -5.91012e+05    9.67665e+04   -4.94246e+05   -5.74803e+05
    Temperature Pres. DC (bar) Pressure (bar)   Constr. rmsd
    2.99347e+02   -2.07014e+02   -9.95727e+02    2.90964e-06

           Step           Time
          14500       29.00000

   Energies (kJ/mol)
           Bond          Angle    Proper Dih. Ryckaert-Bell.          LJ-14
    1.31273e+03    3.63960e+03    2.96072e+02    1.85490e+03    2.65579e+03
     Coulomb-14        LJ (SR)  Disper. corr.   Coulomb (SR)   Coul. recip.
    7.65442e+03    1.03496e+05   -4.92233e+03   -7.11761e+05    3.51052e+03
 Position Rest.      Potential    Kinetic En.   Total Energy  Conserved En.
    4.64920e+02   -5.91799e+05    9.75945e+04   -4.94204e+05   -5.74804e+05
    Temperature Pres. DC (bar) Pressure (bar)   Constr. rmsd
    3.01909e+02   -2.07014e+02   -7.08100e+02    3.14077e-06

           Step           Time
          15000       30.00000

   Energies (kJ/mol)
           Bond          Angle    Proper Dih. Ryckaert-Bell.          LJ-14
    1.38495e+03    3.68039e+03    2.36589e+02    1.85233e+03    2.66513e+03
     Coulomb-14        LJ (SR)  Disper. corr.   Coulomb (SR)   Coul. recip.
    7.70528e+03    1.05593e+05   -4.92233e+03   -7.13166e+05    3.38668e+03
 Position Rest.      Potential    Kinetic En.   Total Energy  Conserved En.
    4.87776e+02   -5.91096e+05    9.61702e+04   -4.94925e+05   -5.74768e+05
    Temperature Pres. DC (bar) Pressure (bar)   Constr. rmsd
    2.97503e+02   -2.07014e+02   -1.09366e+03    3.17212e-06

           Step           Time
          15500       31.00000

   Energies (kJ/mol)
           Bond          Angle    Proper Dih. Ryckaert-Bell.          LJ-14
    1.39225e+03    3.60570e+03    2.47384e+02    1.76638e+03    2.78576e+03
     Coulomb-14        LJ (SR)  Disper. corr.   Coulomb (SR)   Coul. recip.
    7.79328e+03    1.04791e+05   -4.92233e+03   -7.12610e+05    3.45675e+03
 Position Rest.      Potential    Kinetic En.   Total Energy  Conserved En.
    4.55711e+02   -5.91238e+05    9.68282e+04   -4.94410e+05   -5.74798e+05
    Temperature Pres. DC (bar) Pressure (bar)   Constr. rmsd
    2.99538e+02   -2.07014e+02   -8.83031e+02    3.35794e-06

           Step           Time
          16000       32.00000

   Energies (kJ/mol)
           Bond          Angle    Proper Dih. Ryckaert-Bell.          LJ-14
    1.46567e+03    3.50098e+03    2.38750e+02    1.83003e+03    2.76944e+03
     Coulomb-14        LJ (SR)  Disper. corr.   Coulomb (SR)   Coul. recip.
    7.74199e+03    1.05823e+05   -4.92233e+03   -7.13458e+05    3.47043e+03
 Position Rest.      Potential    Kinetic En.   Total Energy  Conserved En.
    4.85457e+02   -5.91054e+05    9.65140e+04   -4.94540e+05   -5.74759e+05
    Temperature Pres. DC (bar) Pressure (bar)   Constr. rmsd
    2.98566e+02   -2.07014e+02   -7.19230e+02    2.86787e-06

           Step           Time
          16500       33.00000

   Energies (kJ/mol)
           Bond          Angle    Proper Dih. Ryckaert-Bell.          LJ-14
    1.32324e+03    3.66702e+03    2.32687e+02    1.92305e+03    2.72656e+03
     Coulomb-14        LJ (SR)  Disper. corr.   Coulomb (SR)   Coul. recip.
    7.73480e+03    1.04023e+05   -4.92233e+03   -7.10533e+05    3.42235e+03
 Position Rest.      Potential    Kinetic En.   Total Energy  Conserved En.
    4.42565e+02   -5.89960e+05    9.73504e+04   -4.92610e+05   -5.74784e+05
    Temperature Pres. DC (bar) Pressure (bar)   Constr. rmsd
    3.01154e+02   -2.07014e+02   -5.92317e+02    3.19363e-06

           Step           Time
          17000       34.00000

   Energies (kJ/mol)
           Bond          Angle    Proper Dih. Ryckaert-Bell.          LJ-14
    1.51781e+03    3.65224e+03    2.52578e+02    1.92049e+03    2.69980e+03
     Coulomb-14        LJ (SR)  Disper. corr.   Coulomb (SR)   Coul. recip.
    7.69225e+03    1.03512e+05   -4.92233e+03   -7.11105e+05    3.44303e+03
 Position Rest.      Potential    Kinetic En.   Total Energy  Conserved En.
    4.69150e+02   -5.90868e+05    9.74167e+04   -4.93451e+05   -5.74766e+05
    Temperature Pres. DC (bar) Pressure (bar)   Constr. rmsd
    3.01359e+02   -2.07014e+02   -1.15231e+03    3.07430e-06

           Step           Time
          17500       35.00000

   Energies (kJ/mol)
           Bond          Angle    Proper Dih. Ryckaert-Bell.          LJ-14
    1.39143e+03    3.68191e+03    2.76807e+02    1.89500e+03    2.68451e+03
     Coulomb-14        LJ (SR)  Disper. corr.   Coulomb (SR)   Coul. recip.
    7.83050e+03    1.04900e+05   -4.92233e+03   -7.13456e+05    3.45043e+03
 Position Rest.      Potential    Kinetic En.   Total Energy  Conserved En.
    4.25555e+02   -5.91842e+05    9.66450e+04   -4.95197e+05   -5.74768e+05
    Temperature Pres. DC (bar) Pressure (bar)   Constr. rmsd
    2.98972e+02   -2.07014e+02   -7.04911e+02    2.74980e-06

           Step           Time
          18000       36.00000

   Energies (kJ/mol)
           Bond          Angle    Proper Dih. Ryckaert-Bell.          LJ-14
    1.52905e+03    3.71652e+03    2.67846e+02    1.85198e+03    2.69833e+03
     Coulomb-14        LJ (SR)  Disper. corr.   Coulomb (SR)   Coul. recip.
    7.70542e+03    1.05912e+05   -4.92233e+03   -7.13669e+05    3.39675e+03
 Position Rest.      Potential    Kinetic En.   Total Energy  Conserved En.
    5.35979e+02   -5.90977e+05    9.75108e+04   -4.93467e+05   -5.74761e+05
    Temperature Pres. DC (bar) Pressure (bar)   Constr. rmsd
    3.01650e+02   -2.07014e+02   -4.56958e+02    3.18981e-06

           Step           Time
          18500       37.00000

   Energies (kJ/mol)
           Bond          Angle    Proper Dih. Ryckaert-Bell.          LJ-14
    1.53433e+03    3.76194e+03    2.34434e+02    1.75426e+03    2.67322e+03
     Coulomb-14        LJ (SR)  Disper. corr.   Coulomb (SR)   Coul. recip.
    7.74407e+03    1.03626e+05   -4.92233e+03   -7.10916e+05    3.46904e+03
 Position Rest.      Potential    Kinetic En.   Total Energy  Conserved En.
    4.30735e+02   -5.90611e+05    9.59306e+04   -4.94680e+05   -5.74734e+05
    Temperature Pres. DC (bar) Pressure (bar)   Constr. rmsd
    2.96762e+02   -2.07014e+02   -9.10160e+02    2.60372e-06

           Step           Time
          19000       38.00000

   Energies (kJ/mol)
           Bond          Angle    Proper Dih. Ryckaert-Bell.          LJ-14
    1.46190e+03    3.76219e+03    2.56660e+02    1.78451e+03    2.68066e+03
     Coulomb-14        LJ (SR)  Disper. corr.   Coulomb (SR)   Coul. recip.
    7.63948e+03    1.04586e+05   -4.92233e+03   -7.11723e+05    3.41012e+03
 Position Rest.      Potential    Kinetic En.   Total Energy  Conserved En.
    5.67702e+02   -5.90496e+05    9.61841e+04   -4.94312e+05   -5.74730e+05
    Temperature Pres. DC (bar) Pressure (bar)   Constr. rmsd
    2.97546e+02   -2.07014e+02   -1.01913e+03    3.30616e-06

           Step           Time
          19500       39.00000

   Energies (kJ/mol)
           Bond          Angle    Proper Dih. Ryckaert-Bell.          LJ-14
    1.48508e+03    3.70833e+03    2.55663e+02    1.79346e+03    2.76244e+03
     Coulomb-14        LJ (SR)  Disper. corr.   Coulomb (SR)   Coul. recip.
    7.64423e+03    1.02828e+05   -4.92233e+03   -7.11104e+05    3.44675e+03
 Position Rest.      Potential    Kinetic En.   Total Energy  Conserved En.
    4.51343e+02   -5.91651e+05    9.66239e+04   -4.95027e+05   -5.74726e+05
    Temperature Pres. DC (bar) Pressure (bar)   Constr. rmsd
    2.98907e+02   -2.07014e+02   -1.13107e+03    2.91538e-06

           Step           Time
          20000       40.00000

   Energies (kJ/mol)
           Bond          Angle    Proper Dih. Ryckaert-Bell.          LJ-14
    1.35900e+03    3.67866e+03    2.42368e+02    1.82865e+03    2.73812e+03
     Coulomb-14        LJ (SR)  Disper. corr.   Coulomb (SR)   Coul. recip.
    7.78421e+03    1.04622e+05   -4.92233e+03   -7.12293e+05    3.37671e+03
 Position Rest.      Potential    Kinetic En.   Total Energy  Conserved En.
    4.34633e+02   -5.91150e+05    9.62629e+04   -4.94887e+05   -5.74728e+05
    Temperature Pres. DC (bar) Pressure (bar)   Constr. rmsd
    2.97790e+02   -2.07014e+02   -6.77220e+02    3.03370e-06

           Step           Time
          20500       41.00000

   Energies (kJ/mol)
           Bond          Angle    Proper Dih. Ryckaert-Bell.          LJ-14
    1.47066e+03    3.63797e+03    2.65534e+02    1.85921e+03    2.64264e+03
     Coulomb-14        LJ (SR)  Disper. corr.   Coulomb (SR)   Coul. recip.
    7.69099e+03    1.04283e+05   -4.92233e+03   -7.12209e+05    3.39647e+03
 Position Rest.      Potential    Kinetic En.   Total Energy  Conserved En.
    4.39437e+02   -5.91446e+05    9.70435e+04   -4.94402e+05   -5.74727e+05
    Temperature Pres. DC (bar) Pressure (bar)   Constr. rmsd
    3.00205e+02   -2.07014e+02   -1.03161e+03    3.24401e-06

           Step           Time
          21000       42.00000

   Energies (kJ/mol)
           Bond          Angle    Proper Dih. Ryckaert-Bell.          LJ-14
    1.45988e+03    3.79279e+03    2.29401e+02    1.87867e+03    2.65302e+03
     Coulomb-14        LJ (SR)  Disper. corr.   Coulomb (SR)   Coul. recip.
    7.71706e+03    1.04405e+05   -4.92233e+03   -7.12707e+05    3.40618e+03
 Position Rest.      Potential    Kinetic En.   Total Energy  Conserved En.
    4.37428e+02   -5.91651e+05    9.65892e+04   -4.95062e+05   -5.74709e+05
    Temperature Pres. DC (bar) Pressure (bar)   Constr. rmsd
    2.98799e+02   -2.07014e+02   -7.92143e+02    2.61526e-06

           Step           Time
          21500       43.00000

   Energies (kJ/mol)
           Bond          Angle    Proper Dih. Ryckaert-Bell.          LJ-14
    1.44600e+03    3.73820e+03    2.49503e+02    1.87224e+03    2.70770e+03
     Coulomb-14        LJ (SR)  Disper. corr.   Coulomb (SR)   Coul. recip.
    7.70818e+03    1.04298e+05   -4.92233e+03   -7.11975e+05    3.43870e+03
 Position Rest.      Potential    Kinetic En.   Total Energy  Conserved En.
    4.46798e+02   -5.90992e+05    9.71848e+04   -4.93807e+05   -5.74720e+05
    Temperature Pres. DC (bar) Pressure (bar)   Constr. rmsd
    3.00641e+02   -2.07014e+02   -9.52397e+02    3.17706e-06

           Step           Time
          22000       44.00000

   Energies (kJ/mol)
           Bond          Angle    Proper Dih. Ryckaert-Bell.          LJ-14
    1.61164e+03    3.66544e+03    2.21183e+02    1.84962e+03    2.65047e+03
     Coulomb-14        LJ (SR)  Disper. corr.   Coulomb (SR)   Coul. recip.
    7.75047e+03    1.04684e+05   -4.92233e+03   -7.12551e+05    3.46593e+03
 Position Rest.      Potential    Kinetic En.   Total Energy  Conserved En.
    4.56285e+02   -5.91118e+05    9.78177e+04   -4.93300e+05   -5.74707e+05
    Temperature Pres. DC (bar) Pressure (bar)   Constr. rmsd
    3.02600e+02   -2.07014e+02   -7.40302e+02    3.38819e-06

           Step           Time
          22500       45.00000

   Energies (kJ/mol)
           Bond          Angle    Proper Dih. Ryckaert-Bell.          LJ-14
    1.44710e+03    3.72637e+03    2.21617e+02    1.78970e+03    2.79132e+03
     Coulomb-14        LJ (SR)  Disper. corr.   Coulomb (SR)   Coul. recip.
    7.78399e+03    1.05606e+05   -4.92233e+03   -7.14194e+05    3.45714e+03
 Position Rest.      Potential    Kinetic En.   Total Energy  Conserved En.
    4.61314e+02   -5.91832e+05    9.73495e+04   -4.94482e+05   -5.74707e+05
    Temperature Pres. DC (bar) Pressure (bar)   Constr. rmsd
    3.01151e+02   -2.07014e+02   -5.29334e+02    3.02300e-06

           Step           Time
          23000       46.00000

   Energies (kJ/mol)
           Bond          Angle    Proper Dih. Ryckaert-Bell.          LJ-14
    1.47956e+03    3.51516e+03    2.53916e+02    1.86561e+03    2.69789e+03
     Coulomb-14        LJ (SR)  Disper. corr.   Coulomb (SR)   Coul. recip.
    7.68420e+03    1.06292e+05   -4.92233e+03   -7.15055e+05    3.37226e+03
 Position Rest.      Potential    Kinetic En.   Total Energy  Conserved En.
    4.67350e+02   -5.92349e+05    9.63564e+04   -4.95993e+05   -5.74688e+05
    Temperature Pres. DC (bar) Pressure (bar)   Constr. rmsd
    2.98079e+02   -2.07014e+02   -7.96763e+02    2.82961e-06

           Step           Time
          23500       47.00000

   Energies (kJ/mol)
           Bond          Angle    Proper Dih. Ryckaert-Bell.          LJ-14
    1.38055e+03    3.58433e+03    2.39001e+02    1.95247e+03    2.71230e+03
     Coulomb-14        LJ (SR)  Disper. corr.   Coulomb (SR)   Coul. recip.
    7.79205e+03    1.04876e+05   -4.92233e+03   -7.12215e+05    3.49575e+03
 Position Rest.      Potential    Kinetic En.   Total Energy  Conserved En.
    4.49649e+02   -5.90655e+05    9.69710e+04   -4.93684e+05   -5.74686e+05
    Temperature Pres. DC (bar) Pressure (bar)   Constr. rmsd
    2.99980e+02   -2.07014e+02   -6.28109e+02    3.18909e-06

           Step           Time
          24000       48.00000

   Energies (kJ/mol)
           Bond          Angle    Proper Dih. Ryckaert-Bell.          LJ-14
    1.53197e+03    3.77035e+03    2.75974e+02    1.95282e+03    2.70514e+03
     Coulomb-14        LJ (SR)  Disper. corr.   Coulomb (SR)   Coul. recip.
    7.72992e+03    1.04567e+05   -4.92233e+03   -7.11942e+05    3.42099e+03
 Position Rest.      Potential    Kinetic En.   Total Energy  Conserved En.
    4.53071e+02   -5.90456e+05    9.65703e+04   -4.93886e+05   -5.74672e+05
    Temperature Pres. DC (bar) Pressure (bar)   Constr. rmsd
    2.98741e+02   -2.07014e+02   -8.78955e+02    2.95165e-06

           Step           Time
          24500       49.00000

   Energies (kJ/mol)
           Bond          Angle    Proper Dih. Ryckaert-Bell.          LJ-14
    1.48353e+03    3.67409e+03    2.24156e+02    1.82472e+03    2.72664e+03
     Coulomb-14        LJ (SR)  Disper. corr.   Coulomb (SR)   Coul. recip.
    7.83748e+03    1.05937e+05   -4.92233e+03   -7.14207e+05    3.40423e+03
 Position Rest.      Potential    Kinetic En.   Total Energy  Conserved En.
    4.75913e+02   -5.91541e+05    9.63883e+04   -4.95153e+05   -5.74672e+05
    Temperature Pres. DC (bar) Pressure (bar)   Constr. rmsd
    2.98177e+02   -2.07014e+02   -5.36013e+02    2.81858e-06

           Step           Time
          25000       50.00000

   Energies (kJ/mol)
           Bond          Angle    Proper Dih. Ryckaert-Bell.          LJ-14
    1.53998e+03    3.74062e+03    2.33933e+02    1.81292e+03    2.56898e+03
     Coulomb-14        LJ (SR)  Disper. corr.   Coulomb (SR)   Coul. recip.
    7.60617e+03    1.02811e+05   -4.92233e+03   -7.10078e+05    3.42807e+03
 Position Rest.      Potential    Kinetic En.   Total Energy  Conserved En.
    5.07855e+02   -5.90750e+05    9.65631e+04   -4.94187e+05   -5.74678e+05
    Temperature Pres. DC (bar) Pressure (bar)   Constr. rmsd
    2.98719e+02   -2.07014e+02   -1.04994e+03    2.57370e-06

           Step           Time
          25500       51.00000

   Energies (kJ/mol)
           Bond          Angle    Proper Dih. Ryckaert-Bell.          LJ-14
    1.39499e+03    3.71709e+03    2.32933e+02    1.93225e+03    2.80672e+03
     Coulomb-14        LJ (SR)  Disper. corr.   Coulomb (SR)   Coul. recip.
    7.74379e+03    1.04203e+05   -4.92233e+03   -7.10709e+05    3.52496e+03
 Position Rest.      Potential    Kinetic En.   Total Energy  Conserved En.
    5.32650e+02   -5.89544e+05    9.63767e+04   -4.93167e+05   -5.74670e+05
    Temperature Pres. DC (bar) Pressure (bar)   Constr. rmsd
    2.98142e+02   -2.07014e+02   -5.05180e+02    2.67103e-06

           Step           Time
          26000       52.00000

   Energies (kJ/mol)
           Bond          Angle    Proper Dih. Ryckaert-Bell.          LJ-14
    1.46866e+03    3.68891e+03    2.66026e+02    1.87666e+03    2.67526e+03
     Coulomb-14        LJ (SR)  Disper. corr.   Coulomb (SR)   Coul. recip.
    7.67575e+03    1.04083e+05   -4.92233e+03   -7.10912e+05    3.41905e+03
 Position Rest.      Potential    Kinetic En.   Total Energy  Conserved En.
    4.48114e+02   -5.90233e+05    9.73408e+04   -4.92892e+05   -5.74671e+05
    Temperature Pres. DC (bar) Pressure (bar)   Constr. rmsd
    3.01124e+02   -2.07014e+02   -7.62940e+02    3.12798e-06

           Step           Time
          26500       53.00000

   Energies (kJ/mol)
           Bond          Angle    Proper Dih. Ryckaert-Bell.          LJ-14
    1.52361e+03    3.82611e+03    2.51775e+02    1.88771e+03    2.73217e+03
     Coulomb-14        LJ (SR)  Disper. corr.   Coulomb (SR)   Coul. recip.
    7.69562e+03    1.05273e+05   -4.92233e+03   -7.13809e+05    3.45436e+03
 Position Rest.      Potential    Kinetic En.   Total Energy  Conserved En.
    5.03708e+02   -5.91583e+05    9.76763e+04   -4.93907e+05   -5.74648e+05
    Temperature Pres. DC (bar) Pressure (bar)   Constr. rmsd
    3.02162e+02   -2.07014e+02   -5.50846e+02    2.92380e-06

           Step           Time
          27000       54.00000

   Energies (kJ/mol)
           Bond          Angle    Proper Dih. Ryckaert-Bell.          LJ-14
    1.44901e+03    3.71939e+03    2.29818e+02    1.90072e+03    2.71792e+03
     Coulomb-14        LJ (SR)  Disper. corr.   Coulomb (SR)   Coul. recip.
    7.73984e+03    1.04369e+05   -4.92233e+03   -7.12695e+05    3.41582e+03
 Position Rest.      Potential    Kinetic En.   Total Energy  Conserved En.
    4.72354e+02   -5.91603e+05    9.62125e+04   -4.95390e+05   -5.74636e+05
    Temperature Pres. DC (bar) Pressure (bar)   Constr. rmsd
    2.97634e+02   -2.07014e+02   -9.34053e+02    2.89927e-06

           Step           Time
          27500       55.00000

   Energies (kJ/mol)
           Bond          Angle    Proper Dih. Ryckaert-Bell.          LJ-14
    1.33568e+03    3.56939e+03    2.92004e+02    1.79006e+03    2.74251e+03
     Coulomb-14        LJ (SR)  Disper. corr.   Coulomb (SR)   Coul. recip.
    7.78310e+03    1.05202e+05   -4.92233e+03   -7.14102e+05    3.35938e+03
 Position Rest.      Potential    Kinetic En.   Total Energy  Conserved En.
    5.11366e+02   -5.92438e+05    9.63667e+04   -4.96072e+05   -5.74664e+05
    Temperature Pres. DC (bar) Pressure (bar)   Constr. rmsd
    2.98111e+02   -2.07014e+02   -6.17022e+02    3.02841e-06

           Step           Time
          28000       56.00000

   Energies (kJ/mol)
           Bond          Angle    Proper Dih. Ryckaert-Bell.          LJ-14
    1.51182e+03    3.82633e+03    2.83328e+02    1.84085e+03    2.73184e+03
     Coulomb-14        LJ (SR)  Disper. corr.   Coulomb (SR)   Coul. recip.
    7.76030e+03    1.04713e+05   -4.92233e+03   -7.13081e+05    3.41770e+03
 Position Rest.      Potential    Kinetic En.   Total Energy  Conserved En.
    4.96287e+02   -5.91422e+05    9.69583e+04   -4.94464e+05   -5.74615e+05
    Temperature Pres. DC (bar) Pressure (bar)   Constr. rmsd
    2.99941e+02   -2.07014e+02   -5.13580e+02    2.80289e-06

           Step           Time
          28500       57.00000

   Energies (kJ/mol)
           Bond          Angle    Proper Dih. Ryckaert-Bell.          LJ-14
    1.39312e+03    3.77423e+03    2.70397e+02    1.93534e+03    2.68016e+03
     Coulomb-14        LJ (SR)  Disper. corr.   Coulomb (SR)   Coul. recip.
    7.75266e+03    1.05143e+05   -4.92233e+03   -7.13326e+05    3.38327e+03
 Position Rest.      Potential    Kinetic En.   Total Energy  Conserved En.
    4.69951e+02   -5.91446e+05    9.69028e+04   -4.94543e+05   -5.74630e+05
    Temperature Pres. DC (bar) Pressure (bar)   Constr. rmsd
    2.99769e+02   -2.07014e+02   -6.67211e+02    2.76872e-06

           Step           Time
          29000       58.00000

   Energies (kJ/mol)
           Bond          Angle    Proper Dih. Ryckaert-Bell.          LJ-14
    1.45724e+03    3.58802e+03    2.25268e+02    1.80311e+03    2.69400e+03
     Coulomb-14        LJ (SR)  Disper. corr.   Coulomb (SR)   Coul. recip.
    7.66956e+03    1.04714e+05   -4.92233e+03   -7.13040e+05    3.42273e+03
 Position Rest.      Potential    Kinetic En.   Total Energy  Conserved En.
    4.78539e+02   -5.91910e+05    9.65825e+04   -4.95327e+05   -5.74624e+05
    Temperature Pres. DC (bar) Pressure (bar)   Constr. rmsd
    2.98778e+02   -2.07014e+02   -7.39127e+02    3.07217e-06

           Step           Time
          29500       59.00000

   Energies (kJ/mol)
           Bond          Angle    Proper Dih. Ryckaert-Bell.          LJ-14
    1.41997e+03    3.74011e+03    2.44598e+02    1.87692e+03    2.74111e+03
     Coulomb-14        LJ (SR)  Disper. corr.   Coulomb (SR)   Coul. recip.
    7.65941e+03    1.04276e+05   -4.92233e+03   -7.11731e+05    3.37480e+03
 Position Rest.      Potential    Kinetic En.   Total Energy  Conserved En.
    5.02182e+02   -5.90818e+05    9.57970e+04   -4.95022e+05   -5.74608e+05
    Temperature Pres. DC (bar) Pressure (bar)   Constr. rmsd
    2.96348e+02   -2.07014e+02   -4.69637e+02    3.12952e-06

           Step           Time
          30000       60.00000

   Energies (kJ/mol)
           Bond          Angle    Proper Dih. Ryckaert-Bell.          LJ-14
    1.40848e+03    3.71142e+03    2.37738e+02    1.80668e+03    2.74072e+03
     Coulomb-14        LJ (SR)  Disper. corr.   Coulomb (SR)   Coul. recip.
    7.76920e+03    1.05239e+05   -4.92233e+03   -7.13609e+05    3.48453e+03
 Position Rest.      Potential    Kinetic En.   Total Energy  Conserved En.
    5.06124e+02   -5.91627e+05    9.79656e+04   -4.93661e+05   -5.74628e+05
    Temperature Pres. DC (bar) Pressure (bar)   Constr. rmsd
    3.03057e+02   -2.07014e+02   -7.55912e+02    2.89811e-06

           Step           Time
          30500       61.00000

   Energies (kJ/mol)
           Bond          Angle    Proper Dih. Ryckaert-Bell.          LJ-14
    1.44655e+03    3.89638e+03    2.61609e+02    1.96302e+03    2.67029e+03
     Coulomb-14        LJ (SR)  Disper. corr.   Coulomb (SR)   Coul. recip.
    7.71840e+03    1.05489e+05   -4.92233e+03   -7.12848e+05    3.46522e+03
 Position Rest.      Potential    Kinetic En.   Total Energy  Conserved En.
    4.93285e+02   -5.90367e+05    9.79648e+04   -4.92402e+05   -5.74601e+05
    Temperature Pres. DC (bar) Pressure (bar)   Constr. rmsd
    3.03055e+02   -2.07014e+02   -6.04914e+02    3.02663e-06

           Step           Time
          31000       62.00000

   Energies (kJ/mol)
           Bond          Angle    Proper Dih. Ryckaert-Bell.          LJ-14
    1.55474e+03    3.49167e+03    2.34151e+02    1.83310e+03    2.70121e+03
     Coulomb-14        LJ (SR)  Disper. corr.   Coulomb (SR)   Coul. recip.
    7.69984e+03    1.04226e+05   -4.92233e+03   -7.12557e+05    3.46971e+03
 Position Rest.      Potential    Kinetic En.   Total Energy  Conserved En.
    5.42966e+02   -5.91726e+05    9.73522e+04   -4.94374e+05   -5.74612e+05
    Temperature Pres. DC (bar) Pressure (bar)   Constr. rmsd
    3.01159e+02   -2.07014e+02   -8.84087e+02    2.73551e-06

           Step           Time
          31500       63.00000

   Energies (kJ/mol)
           Bond          Angle    Proper Dih. Ryckaert-Bell.          LJ-14
    1.38551e+03    3.68282e+03    2.40673e+02    1.79011e+03    2.74367e+03
     Coulomb-14        LJ (SR)  Disper. corr.   Coulomb (SR)   Coul. recip.
    7.83189e+03    1.05817e+05   -4.92233e+03   -7.13159e+05    3.44998e+03
 Position Rest.      Potential    Kinetic En.   Total Energy  Conserved En.
    5.06490e+02   -5.90633e+05    9.71377e+04   -4.93495e+05   -5.74593e+05
    Temperature Pres. DC (bar) Pressure (bar)   Constr. rmsd
    3.00496e+02   -2.07014e+02   -7.00280e+02    3.03520e-06

           Step           Time
          32000       64.00000

   Energies (kJ/mol)
           Bond          Angle    Proper Dih. Ryckaert-Bell.          LJ-14
    1.38982e+03    3.67900e+03    2.52287e+02    1.83770e+03    2.73021e+03
     Coulomb-14        LJ (SR)  Disper. corr.   Coulomb (SR)   Coul. recip.
    7.75853e+03    1.04596e+05   -4.92233e+03   -7.12501e+05    3.44685e+03
 Position Rest.      Potential    Kinetic En.   Total Energy  Conserved En.
    4.49466e+02   -5.91284e+05    9.64992e+04   -4.94785e+05   -5.74585e+05
    Temperature Pres. DC (bar) Pressure (bar)   Constr. rmsd
    2.98521e+02   -2.07014e+02   -5.12155e+02    2.97556e-06

           Step           Time
          32500       65.00000

   Energies (kJ/mol)
           Bond          Angle    Proper Dih. Ryckaert-Bell.          LJ-14
    1.38004e+03    3.62902e+03    2.39946e+02    1.81296e+03    2.66090e+03
     Coulomb-14        LJ (SR)  Disper. corr.   Coulomb (SR)   Coul. recip.
    7.84215e+03    1.04931e+05   -4.92233e+03   -7.14176e+05    3.41994e+03
 Position Rest.      Potential    Kinetic En.   Total Energy  Conserved En.
    5.01372e+02   -5.92680e+05    9.67475e+04   -4.95933e+05   -5.74605e+05
    Temperature Pres. DC (bar) Pressure (bar)   Constr. rmsd
    2.99289e+02   -2.07014e+02   -8.13726e+02    2.87181e-06

           Step           Time
          33000       66.00000

   Energies (kJ/mol)
           Bond          Angle    Proper Dih. Ryckaert-Bell.          LJ-14
    1.48957e+03    3.82212e+03    2.55141e+02    1.90957e+03    2.64410e+03
     Coulomb-14        LJ (SR)  Disper. corr.   Coulomb (SR)   Coul. recip.
    7.74314e+03    1.02450e+05   -4.92233e+03   -7.08829e+05    3.51290e+03
 Position Rest.      Potential    Kinetic En.   Total Energy  Conserved En.
    5.13593e+02   -5.89411e+05    9.64450e+04   -4.92966e+05   -5.74564e+05
    Temperature Pres. DC (bar) Pressure (bar)   Constr. rmsd
    2.98353e+02   -2.07014e+02   -9.92095e+02    3.12196e-06

           Step           Time
          33500       67.00000

   Energies (kJ/mol)
           Bond          Angle    Proper Dih. Ryckaert-Bell.          LJ-14
    1.43014e+03    3.75114e+03    2.23940e+02    1.82273e+03    2.65986e+03
     Coulomb-14        LJ (SR)  Disper. corr.   Coulomb (SR)   Coul. recip.
    7.56318e+03    1.04933e+05   -4.92233e+03   -7.12692e+05    3.51689e+03
 Position Rest.      Potential    Kinetic En.   Total Energy  Conserved En.
    5.13004e+02   -5.91200e+05    9.71081e+04   -4.94092e+05   -5.74583e+05
    Temperature Pres. DC (bar) Pressure (bar)   Constr. rmsd
    3.00404e+02   -2.07014e+02   -7.17357e+02    2.90640e-06

           Step           Time
          34000       68.00000

   Energies (kJ/mol)
           Bond          Angle    Proper Dih. Ryckaert-Bell.          LJ-14
    1.43425e+03    3.64489e+03    2.64328e+02    1.84410e+03    2.74752e+03
     Coulomb-14        LJ (SR)  Disper. corr.   Coulomb (SR)   Coul. recip.
    7.77446e+03    1.04151e+05   -4.92233e+03   -7.12764e+05    3.43911e+03
 Position Rest.      Potential    Kinetic En.   Total Energy  Conserved En.
    4.64191e+02   -5.91923e+05    9.67188e+04   -4.95204e+05   -5.74568e+05
    Temperature Pres. DC (bar) Pressure (bar)   Constr. rmsd
    2.99200e+02   -2.07014e+02   -7.83122e+02    3.09649e-06

           Step           Time
          34500       69.00000

   Energies (kJ/mol)
           Bond          Angle    Proper Dih. Ryckaert-Bell.          LJ-14
    1.47866e+03    3.66300e+03    2.24246e+02    1.83687e+03    2.69847e+03
     Coulomb-14        LJ (SR)  Disper. corr.   Coulomb (SR)   Coul. recip.
    7.75561e+03    1.05346e+05   -4.92233e+03   -7.14239e+05    3.40627e+03
 Position Rest.      Potential    Kinetic En.   Total Energy  Conserved En.
    5.08752e+02   -5.92243e+05    9.65590e+04   -4.95684e+05   -5.74572e+05
    Temperature Pres. DC (bar) Pressure (bar)   Constr. rmsd
    2.98706e+02   -2.07014e+02   -9.80216e+02    2.81081e-06

           Step           Time
          35000       70.00000

   Energies (kJ/mol)
           Bond          Angle    Proper Dih. Ryckaert-Bell.          LJ-14
    1.39754e+03    3.92265e+03    2.56244e+02    1.89235e+03    2.71084e+03
     Coulomb-14        LJ (SR)  Disper. corr.   Coulomb (SR)   Coul. recip.
    7.65395e+03    1.04267e+05   -4.92233e+03   -7.11360e+05    3.43087e+03
 Position Rest.      Potential    Kinetic En.   Total Energy  Conserved En.
    4.95535e+02   -5.90256e+05    9.68644e+04   -4.93391e+05   -5.74547e+05
    Temperature Pres. DC (bar) Pressure (bar)   Constr. rmsd
    2.99650e+02   -2.07014e+02   -5.93841e+02    2.58345e-06

           Step           Time
          35500       71.00000

   Energies (kJ/mol)
           Bond          Angle    Proper Dih. Ryckaert-Bell.          LJ-14
    1.44621e+03    3.65003e+03    2.20084e+02    1.70701e+03    2.70657e+03
     Coulomb-14        LJ (SR)  Disper. corr.   Coulomb (SR)   Coul. recip.
    7.75501e+03    1.04874e+05   -4.92233e+03   -7.12848e+05    3.43578e+03
 Position Rest.      Potential    Kinetic En.   Total Energy  Conserved En.
    5.36258e+02   -5.91440e+05    9.65835e+04   -4.94856e+05   -5.74568e+05
    Temperature Pres. DC (bar) Pressure (bar)   Constr. rmsd
    2.98782e+02   -2.07014e+02   -8.26025e+02    2.85224e-06

           Step           Time
          36000       72.00000

   Energies (kJ/mol)
           Bond          Angle    Proper Dih. Ryckaert-Bell.          LJ-14
    1.44670e+03    3.62911e+03    2.12682e+02    1.85607e+03    2.71079e+03
     Coulomb-14        LJ (SR)  Disper. corr.   Coulomb (SR)   Coul. recip.
    7.67671e+03    1.04384e+05   -4.92233e+03   -7.11671e+05    3.36032e+03
 Position Rest.      Potential    Kinetic En.   Total Energy  Conserved En.
    5.22836e+02   -5.90794e+05    9.70794e+04   -4.93715e+05   -5.74555e+05
    Temperature Pres. DC (bar) Pressure (bar)   Constr. rmsd
    3.00315e+02   -2.07014e+02   -6.69166e+02    3.19350e-06

           Step           Time
          36500       73.00000

   Energies (kJ/mol)
           Bond          Angle    Proper Dih. Ryckaert-Bell.          LJ-14
    1.34878e+03    3.75951e+03    2.53874e+02    1.95438e+03    2.71498e+03
     Coulomb-14        LJ (SR)  Disper. corr.   Coulomb (SR)   Coul. recip.
    7.79255e+03    1.04263e+05   -4.92233e+03   -7.12481e+05    3.37317e+03
 Position Rest.      Potential    Kinetic En.   Total Energy  Conserved En.
    4.38675e+02   -5.91504e+05    9.61502e+04   -4.95353e+05   -5.74543e+05
    Temperature Pres. DC (bar) Pressure (bar)   Constr. rmsd
    2.97441e+02   -2.07014e+02   -6.82614e+02    2.87766e-06

           Step           Time
          37000       74.00000

   Energies (kJ/mol)
           Bond          Angle    Proper Dih. Ryckaert-Bell.          LJ-14
    1.45359e+03    3.54441e+03    2.03528e+02    1.87862e+03    2.73699e+03
     Coulomb-14        LJ (SR)  Disper. corr.   Coulomb (SR)   Coul. recip.
    7.72424e+03    1.05973e+05   -4.92233e+03   -7.14192e+05    3.41893e+03
 Position Rest.      Potential    Kinetic En.   Total Energy  Conserved En.
    4.70913e+02   -5.91710e+05    9.65013e+04   -4.95209e+05   -5.74543e+05
    Temperature Pres. DC (bar) Pressure (bar)   Constr. rmsd
    2.98527e+02   -2.07014e+02   -5.14555e+02    2.88206e-06

           Step           Time
          37500       75.00000

   Energies (kJ/mol)
           Bond          Angle    Proper Dih. Ryckaert-Bell.          LJ-14
    1.40738e+03    3.74513e+03    2.19842e+02    1.88794e+03    2.70714e+03
     Coulomb-14        LJ (SR)  Disper. corr.   Coulomb (SR)   Coul. recip.
    7.74482e+03    1.04965e+05   -4.92233e+03   -7.13301e+05    3.29343e+03
 Position Rest.      Potential    Kinetic En.   Total Energy  Conserved En.
    4.89273e+02   -5.91763e+05    9.64267e+04   -4.95337e+05   -5.74510e+05
    Temperature Pres. DC (bar) Pressure (bar)   Constr. rmsd
    2.98296e+02   -2.07014e+02   -7.76591e+02    2.84318e-06

           Step           Time
          38000       76.00000

   Energies (kJ/mol)
           Bond          Angle    Proper Dih. Ryckaert-Bell.          LJ-14
    1.51520e+03    3.60307e+03    2.56523e+02    1.84207e+03    2.66766e+03
     Coulomb-14        LJ (SR)  Disper. corr.   Coulomb (SR)   Coul. recip.
    7.68817e+03    1.05413e+05   -4.92233e+03   -7.14163e+05    3.48717e+03
 Position Rest.      Potential    Kinetic En.   Total Energy  Conserved En.
    5.27459e+02   -5.92085e+05    9.72918e+04   -4.94794e+05   -5.74522e+05
    Temperature Pres. DC (bar) Pressure (bar)   Constr. rmsd
    3.00973e+02   -2.07014e+02   -5.67717e+02    3.22978e-06

           Step           Time
          38500       77.00000

   Energies (kJ/mol)
           Bond          Angle    Proper Dih. Ryckaert-Bell.          LJ-14
    1.31508e+03    3.77083e+03    2.51452e+02    1.85723e+03    2.74053e+03
     Coulomb-14        LJ (SR)  Disper. corr.   Coulomb (SR)   Coul. recip.
    7.79511e+03    1.03159e+05   -4.92233e+03   -7.11211e+05    3.45988e+03
 Position Rest.      Potential    Kinetic En.   Total Energy  Conserved En.
    4.79046e+02   -5.91305e+05    9.67909e+04   -4.94514e+05   -5.74520e+05
    Temperature Pres. DC (bar) Pressure (bar)   Constr. rmsd
    2.99423e+02   -2.07014e+02   -9.17155e+02    3.22818e-06

           Step           Time
          39000       78.00000

   Energies (kJ/mol)
           Bond          Angle    Proper Dih. Ryckaert-Bell.          LJ-14
    1.46449e+03    3.70129e+03    2.45394e+02    1.81956e+03    2.72409e+03
     Coulomb-14        LJ (SR)  Disper. corr.   Coulomb (SR)   Coul. recip.
    7.79944e+03    1.05381e+05   -4.92233e+03   -7.13966e+05    3.52080e+03
 Position Rest.      Potential    Kinetic En.   Total Energy  Conserved En.
    4.43293e+02   -5.91790e+05    9.72725e+04   -4.94517e+05   -5.74508e+05
    Temperature Pres. DC (bar) Pressure (bar)   Constr. rmsd
    3.00913e+02   -2.07014e+02   -7.71296e+02    2.84634e-06

           Step           Time
          39500       79.00000

   Energies (kJ/mol)
           Bond          Angle    Proper Dih. Ryckaert-Bell.          LJ-14
    1.46898e+03    3.80436e+03    2.87715e+02    1.91308e+03    2.65065e+03
     Coulomb-14        LJ (SR)  Disper. corr.   Coulomb (SR)   Coul. recip.
    7.76200e+03    1.04494e+05   -4.92233e+03   -7.12798e+05    3.45629e+03
 Position Rest.      Potential    Kinetic En.   Total Energy  Conserved En.
    5.17536e+02   -5.91366e+05    9.66983e+04   -4.94667e+05   -5.74490e+05
    Temperature Pres. DC (bar) Pressure (bar)   Constr. rmsd
    2.99137e+02   -2.07014e+02   -8.71679e+02    2.89846e-06

           Step           Time
          40000       80.00000

   Energies (kJ/mol)
           Bond          Angle    Proper Dih. Ryckaert-Bell.          LJ-14
    1.39283e+03    3.61542e+03    2.43592e+02    1.83422e+03    2.78873e+03
     Coulomb-14        LJ (SR)  Disper. corr.   Coulomb (SR)   Coul. recip.
    7.89644e+03    1.05436e+05   -4.92233e+03   -7.14847e+05    3.36899e+03
 Position Rest.      Potential    Kinetic En.   Total Energy  Conserved En.
    5.03485e+02   -5.92689e+05    9.67806e+04   -4.95908e+05   -5.74507e+05
    Temperature Pres. DC (bar) Pressure (bar)   Constr. rmsd
    2.99391e+02   -2.07014e+02   -5.45504e+02    2.79294e-06

           Step           Time
          40500       81.00000

   Energies (kJ/mol)
           Bond          Angle    Proper Dih. Ryckaert-Bell.          LJ-14
    1.37693e+03    3.57604e+03    2.31114e+02    1.80250e+03    2.72983e+03
     Coulomb-14        LJ (SR)  Disper. corr.   Coulomb (SR)   Coul. recip.
    7.79646e+03    1.04807e+05   -4.92233e+03   -7.12752e+05    3.44916e+03
 Position Rest.      Potential    Kinetic En.   Total Energy  Conserved En.
    4.90229e+02   -5.91415e+05    9.72584e+04   -4.94156e+05   -5.74505e+05
    Temperature Pres. DC (bar) Pressure (bar)   Constr. rmsd
    3.00869e+02   -2.07014e+02   -8.08495e+02    3.21866e-06

           Step           Time
          41000       82.00000

   Energies (kJ/mol)
           Bond          Angle    Proper Dih. Ryckaert-Bell.          LJ-14
    1.45664e+03    3.73033e+03    2.35099e+02    1.82323e+03    2.77752e+03
     Coulomb-14        LJ (SR)  Disper. corr.   Coulomb (SR)   Coul. recip.
    7.75264e+03    1.05930e+05   -4.92233e+03   -7.14042e+05    3.44294e+03
 Position Rest.      Potential    Kinetic En.   Total Energy  Conserved En.
    4.81501e+02   -5.91334e+05    9.73519e+04   -4.93982e+05   -5.74490e+05
    Temperature Pres. DC (bar) Pressure (bar)   Constr. rmsd
    3.01159e+02   -2.07014e+02   -7.04942e+02    3.29669e-06

           Step           Time
          41500       83.00000

   Energies (kJ/mol)
           Bond          Angle    Proper Dih. Ryckaert-Bell.          LJ-14
    1.42193e+03    3.68551e+03    2.38690e+02    1.78428e+03    2.68343e+03
     Coulomb-14        LJ (SR)  Disper. corr.   Coulomb (SR)   Coul. recip.
    7.71778e+03    1.04856e+05   -4.92233e+03   -7.13617e+05    3.47022e+03
 Position Rest.      Potential    Kinetic En.   Total Energy  Conserved En.
    4.63989e+02   -5.92217e+05    9.65647e+04   -4.95652e+05   -5.74491e+05
    Temperature Pres. DC (bar) Pressure (bar)   Constr. rmsd
    2.98723e+02   -2.07014e+02   -9.30779e+02    3.30610e-06

           Step           Time
          42000       84.00000

   Energies (kJ/mol)
           Bond          Angle    Proper Dih. Ryckaert-Bell.          LJ-14
    1.42520e+03    3.72478e+03    2.86125e+02    1.81138e+03    2.70838e+03
     Coulomb-14        LJ (SR)  Disper. corr.   Coulomb (SR)   Coul. recip.
    7.78076e+03    1.05372e+05   -4.92233e+03   -7.13377e+05    3.42237e+03
 Position Rest.      Potential    Kinetic En.   Total Energy  Conserved En.
    4.99858e+02   -5.91268e+05    9.67034e+04   -4.94565e+05   -5.74455e+05
    Temperature Pres. DC (bar) Pressure (bar)   Constr. rmsd
    2.99152e+02   -2.07014e+02   -6.04598e+02    2.91685e-06

           Step           Time
          42500       85.00000

   Energies (kJ/mol)
           Bond          Angle    Proper Dih. Ryckaert-Bell.          LJ-14
    1.40836e+03    3.77838e+03    2.48464e+02    1.87652e+03    2.65724e+03
     Coulomb-14        LJ (SR)  Disper. corr.   Coulomb (SR)   Coul. recip.
    7.78984e+03    1.04532e+05   -4.92233e+03   -7.11900e+05    3.50625e+03
 Position Rest.      Potential    Kinetic En.   Total Energy  Conserved En.
    4.79722e+02   -5.90545e+05    9.66931e+04   -4.93852e+05   -5.74459e+05
    Temperature Pres. DC (bar) Pressure (bar)   Constr. rmsd
    2.99121e+02   -2.07014e+02   -8.02185e+02    2.86418e-06

           Step           Time
          43000       86.00000

   Energies (kJ/mol)
           Bond          Angle    Proper Dih. Ryckaert-Bell.          LJ-14
    1.43452e+03    3.74047e+03    2.40365e+02    1.88018e+03    2.64195e+03
     Coulomb-14        LJ (SR)  Disper. corr.   Coulomb (SR)   Coul. recip.
    7.75800e+03    1.04583e+05   -4.92233e+03   -7.12948e+05    3.36890e+03
 Position Rest.      Potential    Kinetic En.   Total Energy  Conserved En.
    4.70950e+02   -5.91751e+05    9.68476e+04   -4.94904e+05   -5.74463e+05
    Temperature Pres. DC (bar) Pressure (bar)   Constr. rmsd
    2.99598e+02   -2.07014e+02   -9.28731e+02    3.31920e-06

           Step           Time
          43500       87.00000

   Energies (kJ/mol)
           Bond          Angle    Proper Dih. Ryckaert-Bell.          LJ-14
    1.48972e+03    3.78000e+03    2.55272e+02    1.77631e+03    2.70890e+03
     Coulomb-14        LJ (SR)  Disper. corr.   Coulomb (SR)   Coul. recip.
    7.89066e+03    1.04061e+05   -4.92233e+03   -7.11224e+05    3.36063e+03
 Position Rest.      Potential    Kinetic En.   Total Energy  Conserved En.
    5.01714e+02   -5.90323e+05    9.77963e+04   -4.92526e+05   -5.74466e+05
    Temperature Pres. DC (bar) Pressure (bar)   Constr. rmsd
    3.02533e+02   -2.07014e+02   -9.23909e+02    2.90038e-06

           Step           Time
          44000       88.00000

   Energies (kJ/mol)
           Bond          Angle    Proper Dih. Ryckaert-Bell.          LJ-14
    1.54322e+03    3.55543e+03    2.31719e+02    1.93327e+03    2.76459e+03
     Coulomb-14        LJ (SR)  Disper. corr.   Coulomb (SR)   Coul. recip.
    7.81765e+03    1.03171e+05   -4.92233e+03   -7.11200e+05    3.41843e+03
 Position Rest.      Potential    Kinetic En.   Total Energy  Conserved En.
    5.19549e+02   -5.91168e+05    9.63204e+04   -4.94848e+05   -5.74449e+05
    Temperature Pres. DC (bar) Pressure (bar)   Constr. rmsd
    2.97968e+02   -2.07014e+02   -1.03890e+03    2.85628e-06

           Step           Time
          44500       89.00000

   Energies (kJ/mol)
           Bond          Angle    Proper Dih. Ryckaert-Bell.          LJ-14
    1.41091e+03    3.71495e+03    2.25941e+02    1.81561e+03    2.76855e+03
     Coulomb-14        LJ (SR)  Disper. corr.   Coulomb (SR)   Coul. recip.
    7.76413e+03    1.04557e+05   -4.92233e+03   -7.12400e+05    3.37033e+03
 Position Rest.      Potential    Kinetic En.   Total Energy  Conserved En.
    4.78207e+02   -5.91217e+05    9.67529e+04   -4.94464e+05   -5.74446e+05
    Temperature Pres. DC (bar) Pressure (bar)   Constr. rmsd
    2.99305e+02   -2.07014e+02   -9.26168e+02    3.23010e-06

           Step           Time
          45000       90.00000

   Energies (kJ/mol)
           Bond          Angle    Proper Dih. Ryckaert-Bell.          LJ-14
    1.52340e+03    3.63677e+03    2.44380e+02    1.80459e+03    2.73400e+03
     Coulomb-14        LJ (SR)  Disper. corr.   Coulomb (SR)   Coul. recip.
    7.80046e+03    1.04886e+05   -4.92233e+03   -7.12506e+05    3.53271e+03
 Position Rest.      Potential    Kinetic En.   Total Energy  Conserved En.
    4.57696e+02   -5.90807e+05    9.68245e+04   -4.93983e+05   -5.74451e+05
    Temperature Pres. DC (bar) Pressure (bar)   Constr. rmsd
    2.99527e+02   -2.07014e+02   -4.62340e+02    2.84748e-06

           Step           Time
          45500       91.00000

   Energies (kJ/mol)
           Bond          Angle    Proper Dih. Ryckaert-Bell.          LJ-14
    1.40300e+03    3.64754e+03    2.48262e+02    1.87193e+03    2.72988e+03
     Coulomb-14        LJ (SR)  Disper. corr.   Coulomb (SR)   Coul. recip.
    7.74757e+03    1.05305e+05   -4.92233e+03   -7.13718e+05    3.39309e+03
 Position Rest.      Potential    Kinetic En.   Total Energy  Conserved En.
    4.29683e+02   -5.91864e+05    9.63141e+04   -4.95550e+05   -5.74424e+05
    Temperature Pres. DC (bar) Pressure (bar)   Constr. rmsd
    2.97948e+02   -2.07014e+02   -7.13874e+02    2.49961e-06

           Step           Time
          46000       92.00000

   Energies (kJ/mol)
           Bond          Angle    Proper Dih. Ryckaert-Bell.          LJ-14
    1.46602e+03    3.74857e+03    2.38836e+02    1.82083e+03    2.71389e+03
     Coulomb-14        LJ (SR)  Disper. corr.   Coulomb (SR)   Coul. recip.
    7.82610e+03    1.04271e+05   -4.92233e+03   -7.12528e+05    3.40794e+03
 Position Rest.      Potential    Kinetic En.   Total Energy  Conserved En.
    5.29679e+02   -5.91427e+05    9.65204e+04   -4.94907e+05   -5.74430e+05
    Temperature Pres. DC (bar) Pressure (bar)   Constr. rmsd
    2.98586e+02   -2.07014e+02   -8.14739e+02    2.82739e-06

           Step           Time
          46500       93.00000

   Energies (kJ/mol)
           Bond          Angle    Proper Dih. Ryckaert-Bell.          LJ-14
    1.45677e+03    3.80870e+03    2.33713e+02    1.87669e+03    2.61505e+03
     Coulomb-14        LJ (SR)  Disper. corr.   Coulomb (SR)   Coul. recip.
    7.71154e+03    1.05587e+05   -4.92233e+03   -7.13812e+05    3.40177e+03
 Position Rest.      Potential    Kinetic En.   Total Energy  Conserved En.
    5.30590e+02   -5.91512e+05    9.74187e+04   -4.94094e+05   -5.74424e+05
    Temperature Pres. DC (bar) Pressure (bar)   Constr. rmsd
    3.01365e+02   -2.07014e+02   -7.26170e+02    2.73980e-06

           Step           Time
          47000       94.00000

   Energies (kJ/mol)
           Bond          Angle    Proper Dih. Ryckaert-Bell.          LJ-14
    1.47844e+03    3.65232e+03    2.19615e+02    1.77522e+03    2.63913e+03
     Coulomb-14        LJ (SR)  Disper. corr.   Coulomb (SR)   Coul. recip.
    7.75303e+03    1.04783e+05   -4.92233e+03   -7.13539e+05    3.40066e+03
 Position Rest.      Potential    Kinetic En.   Total Energy  Conserved En.
    5.16364e+02   -5.92243e+05    9.62413e+04   -4.96002e+05   -5.74404e+05
    Temperature Pres. DC (bar) Pressure (bar)   Constr. rmsd
    2.97723e+02   -2.07014e+02   -9.93712e+02    2.80879e-06

           Step           Time
          47500       95.00000

   Energies (kJ/mol)
           Bond          Angle    Proper Dih. Ryckaert-Bell.          LJ-14
    1.37603e+03    3.76810e+03    2.54933e+02    1.77911e+03    2.73030e+03
     Coulomb-14        LJ (SR)  Disper. corr.   Coulomb (SR)   Coul. recip.
    7.80668e+03    1.03860e+05   -4.92233e+03   -7.12553e+05    3.38245e+03
 Position Rest.      Potential    Kinetic En.   Total Energy  Conserved En.
    5.24267e+02   -5.91993e+05    9.71451e+04   -4.94848e+05   -5.74418e+05
    Temperature Pres. DC (bar) Pressure (bar)   Constr. rmsd
    3.00519e+02   -2.07014e+02   -8.01340e+02    3.25955e-06

           Step           Time
          48000       96.00000

   Energies (kJ/mol)
           Bond          Angle    Proper Dih. Ryckaert-Bell.          LJ-14
    1.49867e+03    3.73377e+03    2.64294e+02    1.90566e+03    2.70151e+03
     Coulomb-14        LJ (SR)  Disper. corr.   Coulomb (SR)   Coul. recip.
    7.76587e+03    1.05094e+05   -4.92233e+03   -7.13724e+05    3.38487e+03
 Position Rest.      Potential    Kinetic En.   Total Energy  Conserved En.
    4.93377e+02   -5.91805e+05    9.70660e+04   -4.94739e+05   -5.74408e+05
    Temperature Pres. DC (bar) Pressure (bar)   Constr. rmsd
    3.00274e+02   -2.07014e+02   -8.63278e+02    2.91837e-06

           Step           Time
          48500       97.00000

   Energies (kJ/mol)
           Bond          Angle    Proper Dih. Ryckaert-Bell.          LJ-14
    1.34963e+03    3.70486e+03    2.62497e+02    1.92602e+03    2.70381e+03
     Coulomb-14        LJ (SR)  Disper. corr.   Coulomb (SR)   Coul. recip.
    7.81724e+03    1.04360e+05   -4.92233e+03   -7.12666e+05    3.40602e+03
 Position Rest.      Potential    Kinetic En.   Total Energy  Conserved En.
    5.03850e+02   -5.91554e+05    9.70338e+04   -4.94521e+05   -5.74398e+05
    Temperature Pres. DC (bar) Pressure (bar)   Constr. rmsd
    3.00174e+02   -2.07014e+02   -7.47062e+02    2.83106e-06

           Step           Time
          49000       98.00000

   Energies (kJ/mol)
           Bond          Angle    Proper Dih. Ryckaert-Bell.          LJ-14
    1.42602e+03    3.86017e+03    2.44919e+02    1.85661e+03    2.71101e+03
     Coulomb-14        LJ (SR)  Disper. corr.   Coulomb (SR)   Coul. recip.
    7.71588e+03    1.06374e+05   -4.92233e+03   -7.15381e+05    3.31014e+03
 Position Rest.      Potential    Kinetic En.   Total Energy  Conserved En.
    4.54996e+02   -5.92349e+05    9.71108e+04   -4.95238e+05   -5.74389e+05
    Temperature Pres. DC (bar) Pressure (bar)   Constr. rmsd
    3.00413e+02   -2.07014e+02   -6.34103e+02    2.93324e-06

           Step           Time
          49500       99.00000

   Energies (kJ/mol)
           Bond          Angle    Proper Dih. Ryckaert-Bell.          LJ-14
    1.53294e+03    3.60704e+03    2.37143e+02    1.81784e+03    2.67449e+03
     Coulomb-14        LJ (SR)  Disper. corr.   Coulomb (SR)   Coul. recip.
    7.64539e+03    1.05062e+05   -4.92233e+03   -7.14412e+05    3.35309e+03
 Position Rest.      Potential    Kinetic En.   Total Energy  Conserved En.
    5.11299e+02   -5.92893e+05    9.72366e+04   -4.95656e+05   -5.74390e+05
    Temperature Pres. DC (bar) Pressure (bar)   Constr. rmsd
    3.00802e+02   -2.07014e+02   -8.56449e+02    3.40411e-06

           Step           Time
          50000      100.00000

Writing checkpoint, step 50000 at Sat Nov 26 20:33:06 2022


   Energies (kJ/mol)
           Bond          Angle    Proper Dih. Ryckaert-Bell.          LJ-14
    1.31939e+03    3.70931e+03    2.55758e+02    1.69057e+03    2.63017e+03
     Coulomb-14        LJ (SR)  Disper. corr.   Coulomb (SR)   Coul. recip.
    7.71002e+03    1.06277e+05   -4.92233e+03   -7.16134e+05    3.36172e+03
 Position Rest.      Potential    Kinetic En.   Total Energy  Conserved En.
    5.51513e+02   -5.93551e+05    9.65242e+04   -4.97027e+05   -5.74387e+05
    Temperature Pres. DC (bar) Pressure (bar)   Constr. rmsd
    2.98598e+02   -2.07014e+02   -6.87078e+02    3.11140e-06


Energy conservation over simulation part #1 of length 100 ps, time 0 to 100 ps
  Conserved energy drift: 4.00e-04 kJ/mol/ps per atom


	<======  ###############  ==>
	<====  A V E R A G E S  ====>
	<==  ###############  ======>

	Statistics over 50001 steps using 501 frames

   Energies (kJ/mol)
           Bond          Angle    Proper Dih. Ryckaert-Bell.          LJ-14
    1.44164e+03    3.70733e+03    2.46935e+02    1.85363e+03    2.70050e+03
     Coulomb-14        LJ (SR)  Disper. corr.   Coulomb (SR)   Coul. recip.
    7.73237e+03    1.04748e+05   -4.92233e+03   -7.12798e+05    3.43317e+03
 Position Rest.      Potential    Kinetic En.   Total Energy  Conserved En.
    4.81521e+02   -5.91376e+05    9.69180e+04   -4.94458e+05   -5.74672e+05
    Temperature Pres. DC (bar) Pressure (bar)   Constr. rmsd
    2.99816e+02   -2.07014e+02   -7.71478e+02    0.00000e+00

   Total Virial (kJ/mol)
    4.15601e+04    1.98590e+02   -1.02003e+02
    1.98231e+02    4.15344e+04    1.66673e+02
   -1.01866e+02    1.66953e+02    4.13735e+04

   Pressure (bar)
   -7.75866e+02   -1.72228e+01    8.91984e+00
   -1.71927e+01   -7.75315e+02   -1.66496e+01
    8.90831e+00   -1.66731e+01   -7.63253e+02

      T-Protein  T-non-Protein
    2.99739e+02    2.99822e+02


	M E G A - F L O P S   A C C O U N T I N G

 NB=Group-cutoff nonbonded kernels    NxN=N-by-N cluster Verlet kernels
 RF=Reaction-Field  VdW=Van der Waals  QSTab=quadratic-spline table
 W3=SPC/TIP3p  W4=TIP4p (single or pairs)
 V&F=Potential and force  V=Potential only  F=Force only

 Computing:                               M-Number         M-Flops  % Flops
-----------------------------------------------------------------------------
 Pair Search distance check           13518.041316      121662.372     0.3
 NxN QSTab Elec. + LJ [F]            487636.804584    19993108.988    51.7
 NxN QSTab Elec. + LJ [V&F]            4935.000568      291165.034     0.8
 NxN QSTab Elec. [F]                 441930.204888    15025626.966    38.9
 NxN QSTab Elec. [V&F]                 4472.808680      183385.156     0.5
 1,4 nonbonded interactions             255.305106       22977.460     0.1
 Calc Weights                          5756.515128      207234.545     0.5
 Spread Q Bspline                    122805.656064      245611.312     0.6
 Gather F Bspline                    122805.656064      736833.936     1.9
 3D-FFT                              185299.305912     1482394.447     3.8
 Solve PME                              115.202304        7372.947     0.0
 Reset In Box                            38.414376         115.243     0.0
 CG-CoM                                  38.452752         115.358     0.0
 Bonds                                   51.251025        3023.810     0.0
 Angles                                 177.353547       29795.396     0.1
 Propers                                 21.300426        4877.798     0.0
 RB-Dihedrals                           197.503950       48783.476     0.1
 Pos. Restr.                             50.051001        2502.550     0.0
 Virial                                  19.248921         346.481     0.0
 Stop-CM                                 19.264752         192.648     0.0
 Calc-Ekin                              383.836752       10363.592     0.0
 Lincs                                   47.952877        2877.173     0.0
 Lincs-Mat                              238.814328         955.257     0.0
 Constraint-V                          1916.376652       17247.390     0.0
 Constraint-Vir                          18.720867         449.301     0.0
 Settle                                 606.836408      224529.471     0.6
-----------------------------------------------------------------------------
 Total                                                38663548.106   100.0
-----------------------------------------------------------------------------


    D O M A I N   D E C O M P O S I T I O N   S T A T I S T I C S

 av. #atoms communicated per step for force:  2 x 0.0


     R E A L   C Y C L E   A N D   T I M E   A C C O U N T I N G

On 1 MPI rank, each using 8 OpenMP threads

 Computing:          Num   Num      Call    Wall time         Giga-Cycles
                     Ranks Threads  Count      (s)         total sum    %
-----------------------------------------------------------------------------
 Domain decomp.         1    8       1001       5.531         61.597   0.6
 Neighbor search        1    8       1001      17.176        191.268   2.0
 Force                  1    8      50001     640.403       7131.379  74.8
 PME mesh               1    8      50001     142.832       1590.539  16.7
 NB X/F buffer ops.     1    8      99001      16.751        186.530   2.0
 Write traj.            1    8        101       2.069         23.037   0.2
 Update                 1    8      50001      11.587        129.033   1.4
 Constraints            1    8      50003      16.420        182.852   1.9
 Rest                                           2.973         33.112   0.3
-----------------------------------------------------------------------------
 Total                                        855.742       9529.348 100.0
-----------------------------------------------------------------------------
 Breakdown of PME mesh computation
-----------------------------------------------------------------------------
 PME spread             1    8      50001      59.339        660.787   6.9
 PME gather             1    8      50001      40.823        454.592   4.8
 PME 3D-FFT             1    8     100002      33.656        374.789   3.9
 PME solve Elec         1    8      50001       6.424         71.536   0.8
-----------------------------------------------------------------------------

               Core t (s)   Wall t (s)        (%)
       Time:     6845.878      855.742      800.0
                 (ns/day)    (hour/ns)
Performance:       10.097        2.377
Finished mdrun on rank 0 Sat Nov 26 20:33:07 2022

